vmTestbase/gc/memory/Nio/Nio.java :|: Whole_run_output2.log :|: STDOUT: Allocating all the direct memory: 52428800 ... success Try to dump heap to heapDump.hprof file.. Done STDERR: Used heap before: 89989120 Used heap after : 142684160 gc.memory.Nio.Nio$Fault: Allocating direct memory should not eat non the heap! 	at gc.memory.Nio.Nio.checkHeapIsNotAffected(Nio.java:178) 	at gc.memory.Nio.Nio.run(Nio.java:86) 	at gc.memory.Nio.Nio.main(Nio.java:62) 	at java.base/jdk.internal.reflect.NativeMethodAccessorImpl.invoke0(Native Method) 	at java.base/jdk.internal.reflect.NativeMethodAccessorImpl.invoke(NativeMethodAccessorImpl.java:62) 	at java.base/jdk.internal.reflect.DelegatingMethodAccessorImpl.invoke(DelegatingMethodAccessorImpl.java:43) 	at java.base/java.lang.reflect.Method.invoke(Method.java:566) 	at com.sun.javatest.regtest.agent.MainWrapper$MainThread.run(MainWrapper.java:115) 	at java.base/java.lang.Thread.run(Thread.java:834)  JavaTest Message: Test threw exception: gc.memory.Nio.Nio$Fault: Allocating direct memory should not eat non the heap! JavaTest Message: shutting down testcom/sun/crypto/provider/Cipher/PBE/PKCS12Cipher.java :|: Whole_run_output2.log :|: STDOUT: Testing provider SunJCE... STDERR: javax.crypto.BadPaddingException: Given final block not properly padded. Such issues can arise if a bad key is used during decryption. 	at java.base/com.sun.crypto.provider.CipherCore.unpad(CipherCore.java:975) 	at java.base/com.sun.crypto.provider.CipherCore.fillOutputBuffer(CipherCore.java:1056) 	at java.base/com.sun.crypto.provider.CipherCore.doFinal(CipherCore.java:853) 	at java.base/com.sun.crypto.provider.PKCS12PBECipherCore.implDoFinal(PKCS12PBECipherCore.java:408) 	at java.base/com.sun.crypto.provider.PKCS12PBECipherCore$PBEWithSHA1AndDESede.engineDoFinal(PKCS12PBECipherCore.java:440) 	at java.base/javax.crypto.Cipher.doFinal(Cipher.java:2202) 	at PKCS12Cipher.runTest(PKCS12Cipher.java:74) 	at PKCS12Cipher.main(PKCS12Cipher.java:89) 	at java.base/jdk.internal.reflect.NativeMethodAccessorImpl.invoke0(Native Method) 	at java.base/jdk.internal.reflect.NativeMethodAccessorImpl.invoke(NativeMethodAccessorImpl.java:62) 	at java.base/jdk.internal.reflect.DelegatingMethodAccessorImpl.invoke(DelegatingMethodAccessorImpl.java:43) 	at java.base/java.lang.reflect.Method.invoke(Method.java:566) 	at com.sun.javatest.regtest.agent.MainWrapper$MainThread.run(MainWrapper.java:115) 	at java.base/java.lang.Thread.run(Thread.java:834)  JavaTest Message: Test threw exception: javax.crypto.BadPaddingException: Given final block not properly padded. Such issues can arise if a bad key is used during decryption. JavaTest Message: shutting down testjava/util/jar/JarFile/mrjar/MultiReleaseJarAPI.java :|: Whole_run_output2.log :|: STDOUT: Seed from RandomFactory = -3109176191478441418L [TestNG] Running:   java/util/jar/JarFile/mrjar/MultiReleaseJarAPI.java  config MultiReleaseJarAPI.initialize(): success test MultiReleaseJarAPI.isMultiReleaseJar(): failure java.lang.AssertionError: expected [false] but found [true] 	at org.testng.Assert.fail(Assert.java:94) 	at org.testng.Assert.failNotEquals(Assert.java:496) 	at org.testng.Assert.assertEquals(Assert.java:125) 	at org.testng.Assert.assertEquals(Assert.java:288) 	at org.testng.Assert.assertEquals(Assert.java:298) 	at MultiReleaseJarAPI.testCustomMultiReleaseValue(MultiReleaseJarAPI.java:146) 	at MultiReleaseJarAPI.testCustomMultiReleaseValue(MultiReleaseJarAPI.java:134) 	at MultiReleaseJarAPI.isMultiReleaseJar(MultiReleaseJarAPI.java:108) 	at java.base/jdk.internal.reflect.NativeMethodAccessorImpl.invoke0(Native Method) 	at java.base/jdk.internal.reflect.NativeMethodAccessorImpl.invoke(NativeMethodAccessorImpl.java:62) 	at java.base/jdk.internal.reflect.DelegatingMethodAccessorImpl.invoke(DelegatingMethodAccessorImpl.java:43) 	at java.base/java.lang.reflect.Method.invoke(Method.java:566) 	at org.testng.internal.MethodInvocationHelper.invokeMethod(MethodInvocationHelper.java:85) 	at org.testng.internal.Invoker.invokeMethod(Invoker.java:639) 	at org.testng.internal.Invoker.invokeTestMethod(Invoker.java:821) 	at org.testng.internal.Invoker.invokeTestMethods(Invoker.java:1131) 	at org.testng.internal.TestMethodWorker.invokeTestMethods(TestMethodWorker.java:125) 	at org.testng.internal.TestMethodWorker.run(TestMethodWorker.java:108) 	at org.testng.TestRunner.privateRun(TestRunner.java:773) 	at org.testng.TestRunner.run(TestRunner.java:623) 	at org.testng.SuiteRunner.runTest(SuiteRunner.java:357) 	at org.testng.SuiteRunner.runSequentially(SuiteRunner.java:352) 	at org.testng.SuiteRunner.privateRun(SuiteRunner.java:310) 	at org.testng.SuiteRunner.run(SuiteRunner.java:259) 	at org.testng.SuiteRunnerWorker.runSuite(SuiteRunnerWorker.java:52) 	at org.testng.SuiteRunnerWorker.run(SuiteRunnerWorker.java:86) 	at org.testng.TestNG.runSuitesSequentially(TestNG.java:1185) 	at org.testng.TestNG.runSuitesLocally(TestNG.java:1110) 	at org.testng.TestNG.run(TestNG.java:1018) 	at com.sun.javatest.regtest.agent.TestNGRunner.main(TestNGRunner.java:94) 	at com.sun.javatest.regtest.agent.TestNGRunner.main(TestNGRunner.java:54) 	at java.base/jdk.internal.reflect.NativeMethodAccessorImpl.invoke0(Native Method) 	at java.base/jdk.internal.reflect.NativeMethodAccessorImpl.invoke(NativeMethodAccessorImpl.java:62) 	at java.base/jdk.internal.reflect.DelegatingMethodAccessorImpl.invoke(DelegatingMethodAccessorImpl.java:43) 	at java.base/java.lang.reflect.Method.invoke(Method.java:566) 	at com.sun.javatest.regtest.agent.MainWrapper$MainThread.run(MainWrapper.java:115) 	at java.base/java.lang.Thread.run(Thread.java:834) test MultiReleaseJarAPI.testAliasing(8, 8): success test MultiReleaseJarAPI.testAliasing(11, 11): success test MultiReleaseJarAPI.testAliasing(java.lang.Runtime$Version@37b67020, 11): success test MultiReleaseJarAPI.testAliasing(7.1, 8): success test MultiReleaseJarAPI.testAliasing(9, 9): success test MultiReleaseJarAPI.testAliasing(9.1.5-ea+200, 9): success test MultiReleaseJarAPI.testNames(): success test MultiReleaseJarAPI.testVersioning(8, 8): success test MultiReleaseJarAPI.testVersioning(11, 11): success test MultiReleaseJarAPI.testVersioning(java.lang.Runtime$Version@37b67020, 11): success test MultiReleaseJarAPI.testVersioning(7.1, 8): success test MultiReleaseJarAPI.testVersioning(9, 9): success test MultiReleaseJarAPI.testVersioning(9.1.5-ea+200, 9): success config MultiReleaseJarAPI.close(): success  =============================================== java/util/jar/JarFile/mrjar/MultiReleaseJarAPI.java Total tests run: 14, Failures: 1, Skips: 0 ===============================================  STDERR: test aliasing for Release 8 test aliasing for Release 11 test aliasing for Release 11.0.4.0.101+11-feature-preview test aliasing for Release 7.1 test aliasing for Release 9 test aliasing for Release 9.1.5-ea+200 test versioning for Release 8 test versioning for Release 11 test versioning for Release 11.0.4.0.101+11-feature-preview test versioning for Release 7.1 test versioning for Release 9 test versioning for Release 9.1.5-ea+200 java.lang.Exception: failures: 1 	at com.sun.javatest.regtest.agent.TestNGRunner.main(TestNGRunner.java:96) 	at com.sun.javatest.regtest.agent.TestNGRunner.main(TestNGRunner.java:54) 	at java.base/jdk.internal.reflect.NativeMethodAccessorImpl.invoke0(Native Method) 	at java.base/jdk.internal.reflect.NativeMethodAccessorImpl.invoke(NativeMethodAccessorImpl.java:62) 	at java.base/jdk.internal.reflect.DelegatingMethodAccessorImpl.invoke(DelegatingMethodAccessorImpl.java:43) 	at java.base/java.lang.reflect.Method.invoke(Method.java:566) 	at com.sun.javatest.regtest.agent.MainWrapper$MainThread.run(MainWrapper.java:115) 	at java.base/java.lang.Thread.run(Thread.java:834)  JavaTest Message: Test threw exception: java.lang.Exception: failures: 1 JavaTest Message: shutting down testjava/util/TimeZone/TimeZoneTest.java :|: Whole_run_output2.log :|: STDOUT: TimeZoneTest {   TestShortZoneIDs {     Fail: Expected Zone["BET", GMT-3:00, Daylight]; got Zone["BET", GMT-3:00, Standard]     Uncaught exception thrown in test method TestShortZoneIDs STDERR: java.lang.RuntimeException: Uncaught exception thrown in test method TestShortZoneIDs 	at IntlTest.errImpl(IntlTest.java:198) 	at IntlTest.errln(IntlTest.java:185) 	at IntlTest.run(IntlTest.java:126) 	at TimeZoneTest.main(TimeZoneTest.java:43) 	at java.base/jdk.internal.reflect.NativeMethodAccessorImpl.invoke0(Native Method) 	at java.base/jdk.internal.reflect.NativeMethodAccessorImpl.invoke(NativeMethodAccessorImpl.java:62) 	at java.base/jdk.internal.reflect.DelegatingMethodAccessorImpl.invoke(DelegatingMethodAccessorImpl.java:43) 	at java.base/java.lang.reflect.Method.invoke(Method.java:566) 	at com.sun.javatest.regtest.agent.MainWrapper$MainThread.run(MainWrapper.java:115) 	at java.base/java.lang.Thread.run(Thread.java:834)  JavaTest Message: Test threw exception: java.lang.RuntimeException: Uncaught exception thrown in test method TestShortZoneIDs JavaTest Message: shutting down testsun/security/krb5/auto/NonAscii.java :|: Whole_run_output2.log :|: STDOUT: Start KDC on 11147 ----------------------------------------------- >>>>> UDP packet received RABBIT.HOLE> ab?@RABBIT.HOLE sends AS-REQ for krbtgt/RABBIT.HOLE@RABBIT.HOLE, KDCOptions: FORWARDABLE, KrbException: Client not found in Kerberos database (6) - ab?@RABBIT.HOLE 	at KDC.getPassword(KDC.java:619) 	at KDC.keyForUser(KDC.java:704) 	at KDC.processAsReq(KDC.java:1031) 	at KDC.processMessage(KDC.java:741) 	at KDC$1.run(KDC.java:1431)      Error 6 Client not found in Kerberos database >>>>> UDP request honored STDERR: javax.security.auth.login.LoginException: Client not found in Kerberos database (6) - Client not found in Kerberos database 	at jdk.security.auth/com.sun.security.auth.module.Krb5LoginModule.attemptAuthentication(Krb5LoginModule.java:782) 	at jdk.security.auth/com.sun.security.auth.module.Krb5LoginModule.login(Krb5LoginModule.java:592) 	at Context.fromUserPass(Context.java:190) 	at Context.fromUserPass(Context.java:147) 	at NonAscii.main(NonAscii.java:45) 	at java.base/jdk.internal.reflect.NativeMethodAccessorImpl.invoke0(Native Method) 	at java.base/jdk.internal.reflect.NativeMethodAccessorImpl.invoke(NativeMethodAccessorImpl.java:62) 	at java.base/jdk.internal.reflect.DelegatingMethodAccessorImpl.invoke(DelegatingMethodAccessorImpl.java:43) 	at java.base/java.lang.reflect.Method.invoke(Method.java:566) 	at com.sun.javatest.regtest.agent.MainWrapper$MainThread.run(MainWrapper.java:115) 	at java.base/java.lang.Thread.run(Thread.java:834) Caused by: KrbException: Client not found in Kerberos database (6) - Client not found in Kerberos database 	at java.security.jgss/sun.security.krb5.KrbAsRep.<init>(KrbAsRep.java:82) 	at java.security.jgss/sun.security.krb5.KrbAsReqBuilder.send(KrbAsReqBuilder.java:326) 	at java.security.jgss/sun.security.krb5.KrbAsReqBuilder.action(KrbAsReqBuilder.java:371) 	at jdk.security.auth/com.sun.security.auth.module.Krb5LoginModule.attemptAuthentication(Krb5LoginModule.java:744) 	... 10 more Caused by: KrbException: Identifier doesn't match expected value (906) 	at java.security.jgss/sun.security.krb5.internal.KDCRep.init(KDCRep.java:140) 	at java.security.jgss/sun.security.krb5.internal.ASRep.init(ASRep.java:64) 	at java.security.jgss/sun.security.krb5.internal.ASRep.<init>(ASRep.java:59) 	at java.security.jgss/sun.security.krb5.KrbAsRep.<init>(KrbAsRep.java:60) 	... 13 more  JavaTest Message: Test threw exception: javax.security.auth.login.LoginException: Client not found in Kerberos database (6) - Client not found in Kerberos database JavaTest Message: shutting down testsun/security/krb5/auto/SaslUnbound.java :|: Whole_run_output2.log :|: STDOUT: Start KDC on 11454 Callback for name: dummy Callback for pass: bogus ----------------------------------------------- >>>>> UDP packet received RABBIT.HOLE> dummy@RABBIT.HOLE sends AS-REQ for krbtgt/RABBIT.HOLE@RABBIT.HOLE, KDCOptions: FORWARDABLE, KrbException: Additional pre-authentication required (25) 	at KDC.processAsReq(KDC.java:1215) 	at KDC.processMessage(KDC.java:741) 	at KDC$1.run(KDC.java:1431)      Error 25 Additional pre-authentication required >>>>> UDP request honored ----------------------------------------------- >>>>> UDP packet received RABBIT.HOLE> dummy@RABBIT.HOLE sends AS-REQ for krbtgt/RABBIT.HOLE@RABBIT.HOLE, KDCOptions: FORWARDABLE,      Return dummy@RABBIT.HOLE ticket for krbtgt/RABBIT.HOLE@RABBIT.HOLE, flags FORWARDABLE;INITIAL;PRE-AUTHENT >>>>> UDP request honored ----------------------------------------------- >>>>> UDP packet received RABBIT.HOLE> null sends TGS-REQ for server/host.rabbit.hole@RABBIT.HOLE, KDCOptions: FORWARDABLE, RABBIT.HOLE> presenting a ticket of dummy@RABBIT.HOLE to krbtgt/RABBIT.HOLE@RABBIT.HOLE      Return dummy@RABBIT.HOLE ticket for server/host.rabbit.hole@RABBIT.HOLE, flags FORWARDABLE;INITIAL >>>>> UDP request honored STDERR: javax.security.sasl.SaslException: GSS initiate failed [Caused by GSSException: Failure unspecified at GSS-API level (Mechanism level: Invalid argument (400) - Cannot find key of appropriate type to decrypt AP-REQ - AES256 CTS mode with HMAC SHA1-96)] 	at jdk.security.jgss/com.sun.security.sasl.gsskerb.GssKrb5Server.evaluateResponse(GssKrb5Server.java:199) 	at SaslUnbound.main(SaslUnbound.java:104) 	at java.base/jdk.internal.reflect.NativeMethodAccessorImpl.invoke0(Native Method) 	at java.base/jdk.internal.reflect.NativeMethodAccessorImpl.invoke(NativeMethodAccessorImpl.java:62) 	at java.base/jdk.internal.reflect.DelegatingMethodAccessorImpl.invoke(DelegatingMethodAccessorImpl.java:43) 	at java.base/java.lang.reflect.Method.invoke(Method.java:566) 	at com.sun.javatest.regtest.agent.MainWrapper$MainThread.run(MainWrapper.java:115) 	at java.base/java.lang.Thread.run(Thread.java:834) Caused by: GSSException: Failure unspecified at GSS-API level (Mechanism level: Invalid argument (400) - Cannot find key of appropriate type to decrypt AP-REQ - AES256 CTS mode with HMAC SHA1-96) 	at java.security.jgss/sun.security.jgss.krb5.Krb5Context.acceptSecContext(Krb5Context.java:859) 	at java.security.jgss/sun.security.jgss.GSSContextImpl.acceptSecContext(GSSContextImpl.java:361) 	at java.security.jgss/sun.security.jgss.GSSContextImpl.acceptSecContext(GSSContextImpl.java:303) 	at jdk.security.jgss/com.sun.security.sasl.gsskerb.GssKrb5Server.evaluateResponse(GssKrb5Server.java:167) 	... 7 more Caused by: KrbException: Invalid argument (400) - Cannot find key of appropriate type to decrypt AP-REQ - AES256 CTS mode with HMAC SHA1-96 	at java.security.jgss/sun.security.krb5.KrbApReq.authenticate(KrbApReq.java:278) 	at java.security.jgss/sun.security.krb5.KrbApReq.<init>(KrbApReq.java:149) 	at java.security.jgss/sun.security.jgss.krb5.InitSecContextToken.<init>(InitSecContextToken.java:139) 	at java.security.jgss/sun.security.jgss.krb5.Krb5Context.acceptSecContext(Krb5Context.java:832) 	... 10 more  JavaTest Message: Test threw exception: javax.security.sasl.SaslException: GSS initiate failed [Caused by GSSException: Failure unspecified at GSS-API level (Mechanism level: Invalid argument (400) - Cannot find key of appropriate type to decrypt AP-REQ - AES256 CTS mode with HMAC SHA1-96)] JavaTest Message: shutting down testsun/security/krb5/auto/TwoOrThree.java :|: Whole_run_output2.log :|: STDOUT: Start KDC on 15037 ----------------------------------------------- >>>>> UDP packet received RABBIT.HOLE> dummy@RABBIT.HOLE sends AS-REQ for krbtgt/RABBIT.HOLE@RABBIT.HOLE, KDCOptions: FORWARDABLE, KrbException: Additional pre-authentication required (25) 	at KDC.processAsReq(KDC.java:1215) 	at KDC.processMessage(KDC.java:741) 	at KDC$1.run(KDC.java:1431)      Error 25 Additional pre-authentication required >>>>> UDP request honored ----------------------------------------------- >>>>> UDP packet received RABBIT.HOLE> dummy@RABBIT.HOLE sends AS-REQ for krbtgt/RABBIT.HOLE@RABBIT.HOLE, KDCOptions: FORWARDABLE,      Return dummy@RABBIT.HOLE ticket for krbtgt/RABBIT.HOLE@RABBIT.HOLE, flags FORWARDABLE;INITIAL;PRE-AUTHENT >>>>> UDP request honored dummy call initSecContext ----------------------------------------------- >>>>> UDP packet received RABBIT.HOLE> null sends TGS-REQ for third@RABBIT.HOLE, KDCOptions: FORWARDABLE, RABBIT.HOLE> presenting a ticket of dummy@RABBIT.HOLE to krbtgt/RABBIT.HOLE@RABBIT.HOLE      Return dummy@RABBIT.HOLE ticket for third@RABBIT.HOLE, flags FORWARDABLE;INITIAL >>>>> UDP request honored second call acceptSecContext STDERR: GSSException: Failure unspecified at GSS-API level (Mechanism level: Checksum failed) 	at java.security.jgss/sun.security.jgss.krb5.Krb5Context.acceptSecContext(Krb5Context.java:859) 	at java.security.jgss/sun.security.jgss.GSSContextImpl.acceptSecContext(GSSContextImpl.java:361) 	at java.security.jgss/sun.security.jgss.GSSContextImpl.acceptSecContext(GSSContextImpl.java:303) 	at Context$11.run(Context.java:661) 	at Context$5.run(Context.java:346) 	at Context$5.run(Context.java:342) 	at java.base/java.security.AccessController.doPrivileged(Native Method) 	at java.base/javax.security.auth.Subject.doAs(Subject.java:423) 	at Context.doAs(Context.java:342) 	at Context.take(Context.java:645) 	at Context.handshake(Context.java:704) 	at TwoOrThree.main(TwoOrThree.java:71) 	at java.base/jdk.internal.reflect.NativeMethodAccessorImpl.invoke0(Native Method) 	at java.base/jdk.internal.reflect.NativeMethodAccessorImpl.invoke(NativeMethodAccessorImpl.java:62) 	at java.base/jdk.internal.reflect.DelegatingMethodAccessorImpl.invoke(DelegatingMethodAccessorImpl.java:43) 	at java.base/java.lang.reflect.Method.invoke(Method.java:566) 	at com.sun.javatest.regtest.agent.MainWrapper$MainThread.run(MainWrapper.java:115) 	at java.base/java.lang.Thread.run(Thread.java:834) Caused by: KrbException: Checksum failed 	at java.security.jgss/sun.security.krb5.internal.crypto.Aes256CtsHmacSha1EType.decrypt(Aes256CtsHmacSha1EType.java:102) 	at java.security.jgss/sun.security.krb5.internal.crypto.Aes256CtsHmacSha1EType.decrypt(Aes256CtsHmacSha1EType.java:94) 	at java.security.jgss/sun.security.krb5.EncryptedData.decrypt(EncryptedData.java:180) 	at java.security.jgss/sun.security.krb5.KrbApReq.authenticate(KrbApReq.java:281) 	at java.security.jgss/sun.security.krb5.KrbApReq.<init>(KrbApReq.java:149) 	at java.security.jgss/sun.security.jgss.krb5.InitSecContextToken.<init>(InitSecContextToken.java:139) 	at java.security.jgss/sun.security.jgss.krb5.Krb5Context.acceptSecContext(Krb5Context.java:832) 	... 17 more Caused by: java.security.GeneralSecurityException: Checksum failed 	at java.security.jgss/sun.security.krb5.internal.crypto.dk.AesDkCrypto.decryptCTS(AesDkCrypto.java:451) 	at java.security.jgss/sun.security.krb5.internal.crypto.dk.AesDkCrypto.decrypt(AesDkCrypto.java:272) 	at java.security.jgss/sun.security.krb5.internal.crypto.Aes256.decrypt(Aes256.java:76) 	at java.security.jgss/sun.security.krb5.internal.crypto.Aes256CtsHmacSha1EType.decrypt(Aes256CtsHmacSha1EType.java:100) 	... 23 more  JavaTest Message: Test threw exception: GSSException: Failure unspecified at GSS-API level (Mechanism level: Checksum failed) JavaTest Message: shutting down testsun/security/krb5/auto/UnboundService.java :|: Whole_run_output2.log :|: STDOUT: Start KDC on 15672 Callback for name: dummy Callback for pass: bogus ----------------------------------------------- >>>>> UDP packet received RABBIT.HOLE> dummy@RABBIT.HOLE sends AS-REQ for krbtgt/RABBIT.HOLE@RABBIT.HOLE, KDCOptions: FORWARDABLE, KrbException: Additional pre-authentication required (25) 	at KDC.processAsReq(KDC.java:1215) 	at KDC.processMessage(KDC.java:741) 	at KDC$1.run(KDC.java:1431)      Error 25 Additional pre-authentication required >>>>> UDP request honored ----------------------------------------------- >>>>> UDP packet received RABBIT.HOLE> dummy@RABBIT.HOLE sends AS-REQ for krbtgt/RABBIT.HOLE@RABBIT.HOLE, KDCOptions: FORWARDABLE,      Return dummy@RABBIT.HOLE ticket for krbtgt/RABBIT.HOLE@RABBIT.HOLE, flags FORWARDABLE;INITIAL;PRE-AUTHENT >>>>> UDP request honored STDERR: GSSException: No valid credentials provided (Mechanism level: Failed to find any Kerberos credentials) 	at java.security.jgss/sun.security.jgss.krb5.Krb5AcceptCredential.getInstance(Krb5AcceptCredential.java:87) 	at java.security.jgss/sun.security.jgss.krb5.Krb5MechFactory.getCredentialElement(Krb5MechFactory.java:133) 	at java.security.jgss/sun.security.jgss.GSSManagerImpl.getCredentialElement(GSSManagerImpl.java:187) 	at java.security.jgss/sun.security.jgss.GSSCredentialImpl.add(GSSCredentialImpl.java:439) 	at java.security.jgss/sun.security.jgss.GSSCredentialImpl.<init>(GSSCredentialImpl.java:74) 	at java.security.jgss/sun.security.jgss.GSSManagerImpl.createCredential(GSSManagerImpl.java:148) 	at Context$4.run(Context.java:278) 	at Context$5.run(Context.java:346) 	at Context$5.run(Context.java:342) 	at java.base/java.security.AccessController.doPrivileged(Native Method) 	at java.base/javax.security.auth.Subject.doAs(Subject.java:423) 	at Context.doAs(Context.java:342) 	at Context.startAsServer(Context.java:274) 	at Context.startAsServer(Context.java:265) 	at UnboundService.main(UnboundService.java:87) 	at java.base/jdk.internal.reflect.NativeMethodAccessorImpl.invoke0(Native Method) 	at java.base/jdk.internal.reflect.NativeMethodAccessorImpl.invoke(NativeMethodAccessorImpl.java:62) 	at java.base/jdk.internal.reflect.DelegatingMethodAccessorImpl.invoke(DelegatingMethodAccessorImpl.java:43) 	at java.base/java.lang.reflect.Method.invoke(Method.java:566) 	at com.sun.javatest.regtest.agent.MainWrapper$MainThread.run(MainWrapper.java:115) 	at java.base/java.lang.Thread.run(Thread.java:834)  JavaTest Message: Test threw exception: GSSException: No valid credentials provided (Mechanism level: Failed to find any Kerberos credentials) JavaTest Message: shutting down testtools/javac/diags/CheckExamples.java :|: Whole_run_output2.log :|: STDOUT: STDERR: Error: Key compiler.err.proc.cant.load.class is declared in resource bundle but is not in tests or not-yet list 583 examples checked 186 keys on not-yet list  prefix          #keys in tests  #keys in javac    % compiler.err.              337             422  79% compiler.warn.              88             113  77% compiler.note.              29              31  93% compiler.misc.             182             257  70% other                        0               0 total                      636             823  77% java.lang.Exception: 1 errors occurred. 	at CheckExamples.run(CheckExamples.java:153) 	at CheckExamples.main(CheckExamples.java:78) 	at java.base/jdk.internal.reflect.NativeMethodAccessorImpl.invoke0(Native Method) 	at java.base/jdk.internal.reflect.NativeMethodAccessorImpl.invoke(NativeMethodAccessorImpl.java:62) 	at java.base/jdk.internal.reflect.DelegatingMethodAccessorImpl.invoke(DelegatingMethodAccessorImpl.java:43) 	at java.base/java.lang.reflect.Method.invoke(Method.java:566) 	at com.sun.javatest.regtest.agent.MainWrapper$MainThread.run(MainWrapper.java:115) 	at java.base/java.lang.Thread.run(Thread.java:834)  JavaTest Message: Test threw exception: java.lang.Exception: 1 errors occurred. JavaTest Message: shutting down testtools/javac/generics/T5094318.java :|: Whole_run_output2.log :|: STDOUT: You gave me an array of ints STDERR: java.lang.RuntimeException 	at T5094318.method(T5094318.java:38) 	at T5094318.main(T5094318.java:47) 	at java.base/jdk.internal.reflect.NativeMethodAccessorImpl.invoke0(Native Method) 	at java.base/jdk.internal.reflect.NativeMethodAccessorImpl.invoke(NativeMethodAccessorImpl.java:62) 	at java.base/jdk.internal.reflect.DelegatingMethodAccessorImpl.invoke(DelegatingMethodAccessorImpl.java:43) 	at java.base/java.lang.reflect.Method.invoke(Method.java:566) 	at com.sun.javatest.regtest.agent.MainWrapper$MainThread.run(MainWrapper.java:115) 	at java.base/java.lang.Thread.run(Thread.java:834)  JavaTest Message: Test threw exception: java.lang.RuntimeException JavaTest Message: shutting down testtools/javac/NullQualifiedNew.java :|: Whole_run_output2.log :|: STDOUT: STDERR: java.lang.NullPointerException 	at java.base/java.util.Objects.requireNonNull(Objects.java:221) 	at NullQualifiedNew.main(NullQualifiedNew.java:44) 	at java.base/jdk.internal.reflect.NativeMethodAccessorImpl.invoke0(Native Method) 	at java.base/jdk.internal.reflect.NativeMethodAccessorImpl.invoke(NativeMethodAccessorImpl.java:62) 	at java.base/jdk.internal.reflect.DelegatingMethodAccessorImpl.invoke(DelegatingMethodAccessorImpl.java:43) 	at java.base/java.lang.reflect.Method.invoke(Method.java:566) 	at com.sun.javatest.regtest.agent.MainWrapper$MainThread.run(MainWrapper.java:115) 	at java.base/java.lang.Thread.run(Thread.java:834)  JavaTest Message: Test threw exception: java.lang.NullPointerException JavaTest Message: shutting down testtools/javac/NullQualifiedSuper2.java :|: Whole_run_output2.log :|: STDOUT: STDERR: java.lang.NullPointerException 	at java.base/java.util.Objects.requireNonNull(Objects.java:221) 	at NullQualifiedSuper2$c.<init>(NullQualifiedSuper2.java:40) 	at NullQualifiedSuper2.main(NullQualifiedSuper2.java:44) 	at java.base/jdk.internal.reflect.NativeMethodAccessorImpl.invoke0(Native Method) 	at java.base/jdk.internal.reflect.NativeMethodAccessorImpl.invoke(NativeMethodAccessorImpl.java:62) 	at java.base/jdk.internal.reflect.DelegatingMethodAccessorImpl.invoke(DelegatingMethodAccessorImpl.java:43) 	at java.base/java.lang.reflect.Method.invoke(Method.java:566) 	at com.sun.javatest.regtest.agent.MainWrapper$MainThread.run(MainWrapper.java:115) 	at java.base/java.lang.Thread.run(Thread.java:834)  JavaTest Message: Test threw exception: java.lang.NullPointerException JavaTest Message: shutting down testtools/javadoc/api/basic/GetTask_FileManagerTest.java :|: Whole_run_output2.log :|: STDOUT: STDERR: test: testFileManager Loading source file /pkg/C.java... [parsing started WrappedJavaFileObject[APITest$1[myfo:///pkg/C.java]]] [parsing completed 51ms] [loading /modules/java.rmi/module-info.class] [loading /modules/jdk.jsobject/module-info.class] [loading /modules/jdk.jartool/module-info.class] [loading /modules/jdk.management.agent/module-info.class] [loading /modules/jdk.attach/module-info.class] [loading /modules/jdk.jconsole/module-info.class] [loading /modules/java.logging/module-info.class] [loading /modules/jdk.javadoc/module-info.class] [loading /modules/java.net.http/module-info.class] [loading /modules/jdk.jshell/module-info.class] [loading /modules/jdk.net/module-info.class] [loading /modules/jdk.management/module-info.class] [loading /modules/java.sql.rowset/module-info.class] [loading /modules/java.prefs/module-info.class] [loading /modules/java.security.jgss/module-info.class] [loading /modules/jdk.internal.jvmstat/module-info.class] [loading /modules/jdk.naming.rmi/module-info.class] [loading /modules/java.se/module-info.class] [loading /modules/jdk.rmic/module-info.class] [loading /modules/java.desktop/module-info.class] [loading /modules/azul.tools/module-info.class] [loading /modules/jdk.crypto.cryptoki/module-info.class] [loading /modules/java.compiler/module-info.class] [loading /modules/java.scripting/module-info.class] [loading /modules/jdk.management.jfr/module-info.class] [loading /modules/java.datatransfer/module-info.class] [loading /modules/java.management/module-info.class] [loading /modules/jdk.dynalink/module-info.class] [loading /modules/jdk.unsupported/module-info.class] [loading /modules/java.instrument/module-info.class] [loading /modules/java.management.rmi/module-info.class] [loading /modules/jdk.pack/module-info.class] [loading /modules/java.base/module-info.class] [loading /modules/jdk.security.jgss/module-info.class] [loading /modules/java.smartcardio/module-info.class] [loading /modules/jdk.jdwp.agent/module-info.class] [loading /modules/jdk.jstatd/module-info.class] [loading /modules/jdk.charsets/module-info.class] [loading /modules/jdk.jcmd/module-info.class] [loading /modules/jdk.compiler/module-info.class] [loading /modules/jdk.crypto.ec/module-info.class] [loading /modules/jdk.scripting.nashorn.shell/module-info.class] [loading /modules/java.xml/module-info.class] [loading /modules/jdk.xml.dom/module-info.class] [loading /modules/jdk.zipfs/module-info.class] [loading /modules/jdk.internal.ed/module-info.class] [loading /modules/java.naming/module-info.class] [loading /modules/jdk.jfr/module-info.class] [loading /modules/jdk.httpserver/module-info.class] [loading /modules/jdk.internal.opt/module-info.class] [loading /modules/jdk.naming.dns/module-info.class] [loading /modules/java.security.sasl/module-info.class] [loading /modules/jdk.accessibility/module-info.class] [loading /modules/jdk.jlink/module-info.class] [loading /modules/jdk.security.auth/module-info.class] [loading /modules/jdk.scripting.nashorn/module-info.class] [loading /modules/jdk.jdeps/module-info.class] [loading /modules/java.sql/module-info.class] [loading /modules/jdk.internal.le/module-info.class] [loading /modules/jdk.jdi/module-info.class] [loading /modules/jdk.localedata/module-info.class] [loading /modules/java.transaction.xa/module-info.class] [loading /modules/jdk.sctp/module-info.class] [loading /modules/jdk.editpad/module-info.class] [loading /modules/java.xml.crypto/module-info.class] [loading /modules/jdk.unsupported.desktop/module-info.class] Constructing Javadoc information... [search path for source files: /home/test_results/zvm-dev-2945/cycle_silver_unittests/59/pulse.0/JTREG_Parallel_Mode_cthulhu/parallel_run/parallel_jtreg_run/test_langtools/classes/21/tools/javadoc/api/basic/GetTask_FileManagerTest.d,/home/sqatest/automation/CycleBToE/JTReg/test/langtools/tools/javadoc/api/basic,/home/sqatest/prajwal/JT/jtreg/lib/javatest.jar,/home/sqatest/prajwal/JT/jtreg/lib/jtreg.jar,/home/sqatest/prajwal/JT/jtreg/lib/asmtools.jar] [search path for class files: /home/buildmaster/nightly/ZVM/dev/in_progress/zvm-dev-2945/sandbox/azlinux/jdk11/x86_64/optimized/lib/modules,/home/test_results/zvm-dev-2945/cycle_silver_unittests/59/pulse.0/JTREG_Parallel_Mode_cthulhu/parallel_run/parallel_jtreg_run/test_langtools/classes/21/tools/javadoc/api/basic/GetTask_FileManagerTest.d,/home/sqatest/automation/CycleBToE/JTReg/test/langtools/tools/javadoc/api/basic,/home/sqatest/prajwal/JT/jtreg/lib/javatest.jar,/home/sqatest/prajwal/JT/jtreg/lib/jtreg.jar,/home/sqatest/prajwal/JT/jtreg/lib/asmtools.jar] [loading /modules/java.base/java/lang/Object.class] [loading /modules/java.base/java/lang/Deprecated.class] [loading /modules/java.base/java/lang/annotation/Retention.class] [loading /modules/java.base/java/lang/annotation/RetentionPolicy.class] [loading /modules/java.base/java/lang/annotation/Target.class] [loading /modules/java.base/java/lang/annotation/ElementType.class] [loading /modules/java.base/java/lang/Error.class] [loading /modules/java.base/java/lang/Exception.class] Standard Doclet version 11.0.4.0.101 Building tree for all the packages and classes... Generating testFileManager/pkg/C.html... [loading /modules/java.base/java/io/Serializable.class] Generating testFileManager/pkg/package-summary.html... Generating testFileManager/pkg/package-tree.html... Generating testFileManager/constant-values.html... Building index for all the packages and classes... Generating testFileManager/overview-tree.html... Generating testFileManager/index-all.html... Building index for all classes... Generating testFileManager/allclasses-index.html... Generating testFileManager/allpackages-index.html... Generating testFileManager/deprecated-list.html... Building index for all classes... Generating testFileManager/allclasses.html... Generating testFileManager/allclasses.html... Generating testFileManager/index.html... Generating testFileManager/help-doc.html... [done in 1229 ms] task succeeded Error: the following files were not found in testFileManager: [jquery/images/ui-bg_flat_0_aaaaaa_40x100.png, jquery/images/ui-bg_flat_75_ffffff_40x100.png, jquery/images/ui-bg_glass_65_ffffff_1x400.png] Error: the following unexpected files were found in testFileManager: [jquery/images/ui-bg_glass_65_dadada_1x400.png]  test: testBadFileManager Loading source file /pkg/C.java... Constructing Javadoc information... exception caught as expected: GetTask_FileManagerTest$UnexpectedError  2 tests, 2 errors java.lang.Exception: 2 errors found 	at APITest.run(APITest.java:85) 	at GetTask_FileManagerTest.main(GetTask_FileManagerTest.java:57) 	at java.base/jdk.internal.reflect.NativeMethodAccessorImpl.invoke0(Native Method) 	at java.base/jdk.internal.reflect.NativeMethodAccessorImpl.invoke(NativeMethodAccessorImpl.java:62) 	at java.base/jdk.internal.reflect.DelegatingMethodAccessorImpl.invoke(DelegatingMethodAccessorImpl.java:43) 	at java.base/java.lang.reflect.Method.invoke(Method.java:566) 	at com.sun.javatest.regtest.agent.MainWrapper$MainThread.run(MainWrapper.java:115) 	at java.base/java.lang.Thread.run(Thread.java:834)  JavaTest Message: Test threw exception: java.lang.Exception: 2 errors found JavaTest Message: shutting down testtools/javadoc/api/basic/GetTask_FileObjectsTest.java :|: Whole_run_output2.log :|: STDOUT: STDERR: test: testStandardFileObject Loading source file /home/sqatest/automation/CycleBToE/JTReg/test/langtools/tools/javadoc/api/basic/pkg/C.java... Constructing Javadoc information... Standard Doclet version 11.0.4.0.101 Building tree for all the packages and classes... Generating testStandardFileObject/pkg/C.html... Generating testStandardFileObject/pkg/package-summary.html... Generating testStandardFileObject/pkg/package-tree.html... Generating testStandardFileObject/constant-values.html... Building index for all the packages and classes... Generating testStandardFileObject/overview-tree.html... Generating testStandardFileObject/index-all.html... Building index for all classes... Generating testStandardFileObject/allclasses-index.html... Generating testStandardFileObject/allpackages-index.html... Generating testStandardFileObject/deprecated-list.html... Building index for all classes... Generating testStandardFileObject/allclasses.html... Generating testStandardFileObject/allclasses.html... Generating testStandardFileObject/index.html... Generating testStandardFileObject/help-doc.html... task succeeded Error: the following files were not found in testStandardFileObject: [jquery/images/ui-bg_flat_0_aaaaaa_40x100.png, jquery/images/ui-bg_flat_75_ffffff_40x100.png, jquery/images/ui-bg_glass_65_ffffff_1x400.png] Error: the following unexpected files were found in testStandardFileObject: [jquery/images/ui-bg_glass_65_dadada_1x400.png]  test: testMemoryFileObject Loading source file /pkg/C.java... Constructing Javadoc information... Standard Doclet version 11.0.4.0.101 Building tree for all the packages and classes... Generating testMemoryFileObject/pkg/C.html... Generating testMemoryFileObject/pkg/package-summary.html... Generating testMemoryFileObject/pkg/package-tree.html... Generating testMemoryFileObject/constant-values.html... Building index for all the packages and classes... Generating testMemoryFileObject/overview-tree.html... Generating testMemoryFileObject/index-all.html... Building index for all classes... Generating testMemoryFileObject/allclasses-index.html... Generating testMemoryFileObject/allpackages-index.html... Generating testMemoryFileObject/deprecated-list.html... Building index for all classes... Generating testMemoryFileObject/allclasses.html... Generating testMemoryFileObject/allclasses.html... Generating testMemoryFileObject/index.html... Generating testMemoryFileObject/help-doc.html... task succeeded Error: the following files were not found in testMemoryFileObject: [jquery/images/ui-bg_flat_0_aaaaaa_40x100.png, jquery/images/ui-bg_flat_75_ffffff_40x100.png, jquery/images/ui-bg_glass_65_ffffff_1x400.png] Error: the following unexpected files were found in testMemoryFileObject: [jquery/images/ui-bg_glass_65_dadada_1x400.png]  test: testBadFileObject exception caught as expected: java.lang.IllegalArgumentException: All compilation units must be of SOURCE kind  test: testNull exception caught as expected: java.lang.NullPointerException  4 tests, 4 errors java.lang.Exception: 4 errors found 	at APITest.run(APITest.java:85) 	at GetTask_FileObjectsTest.main(GetTask_FileObjectsTest.java:47) 	at java.base/jdk.internal.reflect.NativeMethodAccessorImpl.invoke0(Native Method) 	at java.base/jdk.internal.reflect.NativeMethodAccessorImpl.invoke(NativeMethodAccessorImpl.java:62) 	at java.base/jdk.internal.reflect.DelegatingMethodAccessorImpl.invoke(DelegatingMethodAccessorImpl.java:43) 	at java.base/java.lang.reflect.Method.invoke(Method.java:566) 	at com.sun.javatest.regtest.agent.MainWrapper$MainThread.run(MainWrapper.java:115) 	at java.base/java.lang.Thread.run(Thread.java:834)  JavaTest Message: Test threw exception: java.lang.Exception: 4 errors found JavaTest Message: shutting down testtools/javadoc/api/basic/GetTask_WriterTest.java :|: Whole_run_output2.log :|: STDOUT: STDERR: test: testWriter task succeeded Error: the following files were not found in testWriter: [jquery/images/ui-bg_flat_0_aaaaaa_40x100.png, jquery/images/ui-bg_flat_75_ffffff_40x100.png, jquery/images/ui-bg_glass_65_ffffff_1x400.png] Error: the following unexpected files were found in testWriter: [jquery/images/ui-bg_glass_65_dadada_1x400.png] >>Loading source file /pkg/C.java... Constructing Javadoc information... Standard Doclet version 11.0.4.0.101 Building tree for all the packages and classes... Generating testWriter/pkg/C.html... Generating testWriter/pkg/package-summary.html... Generating testWriter/pkg/package-tree.html... Generating testWriter/constant-values.html... Building index for all the packages and classes... Generating testWriter/overview-tree.html... Generating testWriter/index-all.html... Building index for all classes... Generating testWriter/allclasses-index.html... Generating testWriter/allpackages-index.html... Generating testWriter/deprecated-list.html... Building index for all classes... Generating testWriter/allclasses.html... Generating testWriter/allclasses.html... Generating testWriter/index.html... Generating testWriter/help-doc.html... <<  2 errors java.lang.Exception: 2 errors found 	at APITest.run(APITest.java:85) 	at GetTask_WriterTest.main(GetTask_WriterTest.java:49) 	at java.base/jdk.internal.reflect.NativeMethodAccessorImpl.invoke0(Native Method) 	at java.base/jdk.internal.reflect.NativeMethodAccessorImpl.invoke(NativeMethodAccessorImpl.java:62) 	at java.base/jdk.internal.reflect.DelegatingMethodAccessorImpl.invoke(DelegatingMethodAccessorImpl.java:43) 	at java.base/java.lang.reflect.Method.invoke(Method.java:566) 	at com.sun.javatest.regtest.agent.MainWrapper$MainThread.run(MainWrapper.java:115) 	at java.base/java.lang.Thread.run(Thread.java:834)  JavaTest Message: Test threw exception: java.lang.Exception: 2 errors found JavaTest Message: shutting down testvmTestbase/gc/memory/Nio/Nio.java :|: Whole_run_output3.log :|: STDOUT: Allocating all the direct memory: 52428800 ... success Try to dump heap to heapDump.hprof file.. Done STDERR: Used heap before: 97792000 Used heap after : 150470656 gc.memory.Nio.Nio$Fault: Allocating direct memory should not eat non the heap! 	at gc.memory.Nio.Nio.checkHeapIsNotAffected(Nio.java:178) 	at gc.memory.Nio.Nio.run(Nio.java:86) 	at gc.memory.Nio.Nio.main(Nio.java:62) 	at java.base/jdk.internal.reflect.NativeMethodAccessorImpl.invoke0(Native Method) 	at java.base/jdk.internal.reflect.NativeMethodAccessorImpl.invoke(NativeMethodAccessorImpl.java:62) 	at java.base/jdk.internal.reflect.DelegatingMethodAccessorImpl.invoke(DelegatingMethodAccessorImpl.java:43) 	at java.base/java.lang.reflect.Method.invoke(Method.java:566) 	at com.sun.javatest.regtest.agent.MainWrapper$MainThread.run(MainWrapper.java:115) 	at java.base/java.lang.Thread.run(Thread.java:834)  JavaTest Message: Test threw exception: gc.memory.Nio.Nio$Fault: Allocating direct memory should not eat non the heap! JavaTest Message: shutting down testvmTestbase/nsk/aod/VirtualMachine/VirtualMachine03/VirtualMachine03.java :|: Whole_run_output3.log :|: STDOUT: Signal received: 'null' STDERR: nsk.share.Failure: Unexpected exception during test execution: java.io.IOException: Connection refused 	at nsk.share.aod.AODTestRunner.runTest(AODTestRunner.java:161) 	at nsk.aod.VirtualMachine.VirtualMachine03.VirtualMachine03.main(VirtualMachine03.java:108) 	at java.base/jdk.internal.reflect.NativeMethodAccessorImpl.invoke0(Native Method) 	at java.base/jdk.internal.reflect.NativeMethodAccessorImpl.invoke(NativeMethodAccessorImpl.java:62) 	at java.base/jdk.internal.reflect.DelegatingMethodAccessorImpl.invoke(DelegatingMethodAccessorImpl.java:43) 	at java.base/java.lang.reflect.Method.invoke(Method.java:566) 	at PropertyResolvingWrapper.main(PropertyResolvingWrapper.java:104) 	at java.base/jdk.internal.reflect.NativeMethodAccessorImpl.invoke0(Native Method) 	at java.base/jdk.internal.reflect.NativeMethodAccessorImpl.invoke(NativeMethodAccessorImpl.java:62) 	at java.base/jdk.internal.reflect.DelegatingMethodAccessorImpl.invoke(DelegatingMethodAccessorImpl.java:43) 	at java.base/java.lang.reflect.Method.invoke(Method.java:566) 	at com.sun.javatest.regtest.agent.MainWrapper$MainThread.run(MainWrapper.java:115) 	at java.base/java.lang.Thread.run(Thread.java:834) Caused by: java.io.IOException: Connection refused 	at jdk.attach/sun.tools.attach.VirtualMachineImpl.connect(Native Method) 	at jdk.attach/sun.tools.attach.VirtualMachineImpl.<init>(VirtualMachineImpl.java:119) 	at jdk.attach/sun.tools.attach.AttachProviderImpl.attachVirtualMachine(AttachProviderImpl.java:58) 	at jdk.attach/com.sun.tools.attach.VirtualMachine.attach(VirtualMachine.java:207) 	at nsk.aod.VirtualMachine.VirtualMachine03.VirtualMachine03.doTestActions(VirtualMachine03.java:66) 	at nsk.share.aod.AODTestRunner.runTest(AODTestRunner.java:137) 	... 12 more  JavaTest Message: Test threw exception: nsk.share.Failure: Unexpected exception during test execution: java.io.IOException: Connection refused JavaTest Message: shutting down testcom/sun/crypto/provider/Cipher/PBE/PKCS12Cipher.java :|: Whole_run_output3.log :|: STDOUT: Testing provider SunJCE... STDERR: javax.crypto.BadPaddingException: Given final block not properly padded. Such issues can arise if a bad key is used during decryption. 	at java.base/com.sun.crypto.provider.CipherCore.unpad(CipherCore.java:975) 	at java.base/com.sun.crypto.provider.CipherCore.fillOutputBuffer(CipherCore.java:1056) 	at java.base/com.sun.crypto.provider.CipherCore.doFinal(CipherCore.java:853) 	at java.base/com.sun.crypto.provider.PKCS12PBECipherCore.implDoFinal(PKCS12PBECipherCore.java:408) 	at java.base/com.sun.crypto.provider.PKCS12PBECipherCore$PBEWithSHA1AndDESede.engineDoFinal(PKCS12PBECipherCore.java:440) 	at java.base/javax.crypto.Cipher.doFinal(Cipher.java:2202) 	at PKCS12Cipher.runTest(PKCS12Cipher.java:74) 	at PKCS12Cipher.main(PKCS12Cipher.java:89) 	at java.base/jdk.internal.reflect.NativeMethodAccessorImpl.invoke0(Native Method) 	at java.base/jdk.internal.reflect.NativeMethodAccessorImpl.invoke(NativeMethodAccessorImpl.java:62) 	at java.base/jdk.internal.reflect.DelegatingMethodAccessorImpl.invoke(DelegatingMethodAccessorImpl.java:43) 	at java.base/java.lang.reflect.Method.invoke(Method.java:566) 	at com.sun.javatest.regtest.agent.MainWrapper$MainThread.run(MainWrapper.java:115) 	at java.base/java.lang.Thread.run(Thread.java:834)  JavaTest Message: Test threw exception: javax.crypto.BadPaddingException: Given final block not properly padded. Such issues can arise if a bad key is used during decryption. JavaTest Message: shutting down testjava/util/jar/JarFile/mrjar/MultiReleaseJarAPI.java :|: Whole_run_output3.log :|: STDOUT: Seed from RandomFactory = 759060193121486831L [TestNG] Running:   java/util/jar/JarFile/mrjar/MultiReleaseJarAPI.java  config MultiReleaseJarAPI.initialize(): success test MultiReleaseJarAPI.isMultiReleaseJar(): failure java.lang.AssertionError: expected [false] but found [true] 	at org.testng.Assert.fail(Assert.java:94) 	at org.testng.Assert.failNotEquals(Assert.java:496) 	at org.testng.Assert.assertEquals(Assert.java:125) 	at org.testng.Assert.assertEquals(Assert.java:288) 	at org.testng.Assert.assertEquals(Assert.java:298) 	at MultiReleaseJarAPI.testCustomMultiReleaseValue(MultiReleaseJarAPI.java:146) 	at MultiReleaseJarAPI.testCustomMultiReleaseValue(MultiReleaseJarAPI.java:134) 	at MultiReleaseJarAPI.isMultiReleaseJar(MultiReleaseJarAPI.java:108) 	at java.base/jdk.internal.reflect.NativeMethodAccessorImpl.invoke0(Native Method) 	at java.base/jdk.internal.reflect.NativeMethodAccessorImpl.invoke(NativeMethodAccessorImpl.java:62) 	at java.base/jdk.internal.reflect.DelegatingMethodAccessorImpl.invoke(DelegatingMethodAccessorImpl.java:43) 	at java.base/java.lang.reflect.Method.invoke(Method.java:566) 	at org.testng.internal.MethodInvocationHelper.invokeMethod(MethodInvocationHelper.java:85) 	at org.testng.internal.Invoker.invokeMethod(Invoker.java:639) 	at org.testng.internal.Invoker.invokeTestMethod(Invoker.java:821) 	at org.testng.internal.Invoker.invokeTestMethods(Invoker.java:1131) 	at org.testng.internal.TestMethodWorker.invokeTestMethods(TestMethodWorker.java:125) 	at org.testng.internal.TestMethodWorker.run(TestMethodWorker.java:108) 	at org.testng.TestRunner.privateRun(TestRunner.java:773) 	at org.testng.TestRunner.run(TestRunner.java:623) 	at org.testng.SuiteRunner.runTest(SuiteRunner.java:357) 	at org.testng.SuiteRunner.runSequentially(SuiteRunner.java:352) 	at org.testng.SuiteRunner.privateRun(SuiteRunner.java:310) 	at org.testng.SuiteRunner.run(SuiteRunner.java:259) 	at org.testng.SuiteRunnerWorker.runSuite(SuiteRunnerWorker.java:52) 	at org.testng.SuiteRunnerWorker.run(SuiteRunnerWorker.java:86) 	at org.testng.TestNG.runSuitesSequentially(TestNG.java:1185) 	at org.testng.TestNG.runSuitesLocally(TestNG.java:1110) 	at org.testng.TestNG.run(TestNG.java:1018) 	at com.sun.javatest.regtest.agent.TestNGRunner.main(TestNGRunner.java:94) 	at com.sun.javatest.regtest.agent.TestNGRunner.main(TestNGRunner.java:54) 	at java.base/jdk.internal.reflect.NativeMethodAccessorImpl.invoke0(Native Method) 	at java.base/jdk.internal.reflect.NativeMethodAccessorImpl.invoke(NativeMethodAccessorImpl.java:62) 	at java.base/jdk.internal.reflect.DelegatingMethodAccessorImpl.invoke(DelegatingMethodAccessorImpl.java:43) 	at java.base/java.lang.reflect.Method.invoke(Method.java:566) 	at com.sun.javatest.regtest.agent.MainWrapper$MainThread.run(MainWrapper.java:115) 	at java.base/java.lang.Thread.run(Thread.java:834) test MultiReleaseJarAPI.testAliasing(8, 8): success test MultiReleaseJarAPI.testAliasing(11, 11): success test MultiReleaseJarAPI.testAliasing(java.lang.Runtime$Version@6b07a421, 11): success test MultiReleaseJarAPI.testAliasing(7.1, 8): success test MultiReleaseJarAPI.testAliasing(9, 9): success test MultiReleaseJarAPI.testAliasing(9.1.5-ea+200, 9): success test MultiReleaseJarAPI.testNames(): success test MultiReleaseJarAPI.testVersioning(8, 8): success test MultiReleaseJarAPI.testVersioning(11, 11): success test MultiReleaseJarAPI.testVersioning(java.lang.Runtime$Version@6b07a421, 11): success test MultiReleaseJarAPI.testVersioning(7.1, 8): success test MultiReleaseJarAPI.testVersioning(9, 9): success test MultiReleaseJarAPI.testVersioning(9.1.5-ea+200, 9): success config MultiReleaseJarAPI.close(): success  =============================================== java/util/jar/JarFile/mrjar/MultiReleaseJarAPI.java Total tests run: 14, Failures: 1, Skips: 0 ===============================================  STDERR: test aliasing for Release 8 test aliasing for Release 11 test aliasing for Release 11.0.4.0.101+11-feature-preview test aliasing for Release 7.1 test aliasing for Release 9 test aliasing for Release 9.1.5-ea+200 test versioning for Release 8 test versioning for Release 11 test versioning for Release 11.0.4.0.101+11-feature-preview test versioning for Release 7.1 test versioning for Release 9 test versioning for Release 9.1.5-ea+200 java.lang.Exception: failures: 1 	at com.sun.javatest.regtest.agent.TestNGRunner.main(TestNGRunner.java:96) 	at com.sun.javatest.regtest.agent.TestNGRunner.main(TestNGRunner.java:54) 	at java.base/jdk.internal.reflect.NativeMethodAccessorImpl.invoke0(Native Method) 	at java.base/jdk.internal.reflect.NativeMethodAccessorImpl.invoke(NativeMethodAccessorImpl.java:62) 	at java.base/jdk.internal.reflect.DelegatingMethodAccessorImpl.invoke(DelegatingMethodAccessorImpl.java:43) 	at java.base/java.lang.reflect.Method.invoke(Method.java:566) 	at com.sun.javatest.regtest.agent.MainWrapper$MainThread.run(MainWrapper.java:115) 	at java.base/java.lang.Thread.run(Thread.java:834)  JavaTest Message: Test threw exception: java.lang.Exception: failures: 1 JavaTest Message: shutting down testjava/util/TimeZone/TimeZoneTest.java :|: Whole_run_output3.log :|: STDOUT: TimeZoneTest {   TestShortZoneIDs {     Fail: Expected Zone["BET", GMT-3:00, Daylight]; got Zone["BET", GMT-3:00, Standard]     Uncaught exception thrown in test method TestShortZoneIDs STDERR: java.lang.RuntimeException: Uncaught exception thrown in test method TestShortZoneIDs 	at IntlTest.errImpl(IntlTest.java:198) 	at IntlTest.errln(IntlTest.java:185) 	at IntlTest.run(IntlTest.java:126) 	at TimeZoneTest.main(TimeZoneTest.java:43) 	at java.base/jdk.internal.reflect.NativeMethodAccessorImpl.invoke0(Native Method) 	at java.base/jdk.internal.reflect.NativeMethodAccessorImpl.invoke(NativeMethodAccessorImpl.java:62) 	at java.base/jdk.internal.reflect.DelegatingMethodAccessorImpl.invoke(DelegatingMethodAccessorImpl.java:43) 	at java.base/java.lang.reflect.Method.invoke(Method.java:566) 	at com.sun.javatest.regtest.agent.MainWrapper$MainThread.run(MainWrapper.java:115) 	at java.base/java.lang.Thread.run(Thread.java:834)  JavaTest Message: Test threw exception: java.lang.RuntimeException: Uncaught exception thrown in test method TestShortZoneIDs JavaTest Message: shutting down testsun/security/krb5/auto/NonAscii.java :|: Whole_run_output3.log :|: STDOUT: Start KDC on 14717 ----------------------------------------------- >>>>> UDP packet received RABBIT.HOLE> ab?@RABBIT.HOLE sends AS-REQ for krbtgt/RABBIT.HOLE@RABBIT.HOLE, KDCOptions: FORWARDABLE, KrbException: Client not found in Kerberos database (6) - ab?@RABBIT.HOLE 	at KDC.getPassword(KDC.java:619) 	at KDC.keyForUser(KDC.java:704) 	at KDC.processAsReq(KDC.java:1031) 	at KDC.processMessage(KDC.java:741) 	at KDC$1.run(KDC.java:1431)      Error 6 Client not found in Kerberos database >>>>> UDP request honored STDERR: javax.security.auth.login.LoginException: Client not found in Kerberos database (6) - Client not found in Kerberos database 	at jdk.security.auth/com.sun.security.auth.module.Krb5LoginModule.attemptAuthentication(Krb5LoginModule.java:782) 	at jdk.security.auth/com.sun.security.auth.module.Krb5LoginModule.login(Krb5LoginModule.java:592) 	at Context.fromUserPass(Context.java:190) 	at Context.fromUserPass(Context.java:147) 	at NonAscii.main(NonAscii.java:45) 	at java.base/jdk.internal.reflect.NativeMethodAccessorImpl.invoke0(Native Method) 	at java.base/jdk.internal.reflect.NativeMethodAccessorImpl.invoke(NativeMethodAccessorImpl.java:62) 	at java.base/jdk.internal.reflect.DelegatingMethodAccessorImpl.invoke(DelegatingMethodAccessorImpl.java:43) 	at java.base/java.lang.reflect.Method.invoke(Method.java:566) 	at com.sun.javatest.regtest.agent.MainWrapper$MainThread.run(MainWrapper.java:115) 	at java.base/java.lang.Thread.run(Thread.java:834) Caused by: KrbException: Client not found in Kerberos database (6) - Client not found in Kerberos database 	at java.security.jgss/sun.security.krb5.KrbAsRep.<init>(KrbAsRep.java:82) 	at java.security.jgss/sun.security.krb5.KrbAsReqBuilder.send(KrbAsReqBuilder.java:326) 	at java.security.jgss/sun.security.krb5.KrbAsReqBuilder.action(KrbAsReqBuilder.java:371) 	at jdk.security.auth/com.sun.security.auth.module.Krb5LoginModule.attemptAuthentication(Krb5LoginModule.java:744) 	... 10 more Caused by: KrbException: Identifier doesn't match expected value (906) 	at java.security.jgss/sun.security.krb5.internal.KDCRep.init(KDCRep.java:140) 	at java.security.jgss/sun.security.krb5.internal.ASRep.init(ASRep.java:64) 	at java.security.jgss/sun.security.krb5.internal.ASRep.<init>(ASRep.java:59) 	at java.security.jgss/sun.security.krb5.KrbAsRep.<init>(KrbAsRep.java:60) 	... 13 more  JavaTest Message: Test threw exception: javax.security.auth.login.LoginException: Client not found in Kerberos database (6) - Client not found in Kerberos database JavaTest Message: shutting down testsun/security/krb5/auto/SaslUnbound.java :|: Whole_run_output3.log :|: STDOUT: Start KDC on 13207 Callback for name: dummy Callback for pass: bogus ----------------------------------------------- >>>>> UDP packet received RABBIT.HOLE> dummy@RABBIT.HOLE sends AS-REQ for krbtgt/RABBIT.HOLE@RABBIT.HOLE, KDCOptions: FORWARDABLE, KrbException: Additional pre-authentication required (25) 	at KDC.processAsReq(KDC.java:1215) 	at KDC.processMessage(KDC.java:741) 	at KDC$1.run(KDC.java:1431)      Error 25 Additional pre-authentication required >>>>> UDP request honored ----------------------------------------------- >>>>> UDP packet received RABBIT.HOLE> dummy@RABBIT.HOLE sends AS-REQ for krbtgt/RABBIT.HOLE@RABBIT.HOLE, KDCOptions: FORWARDABLE,      Return dummy@RABBIT.HOLE ticket for krbtgt/RABBIT.HOLE@RABBIT.HOLE, flags FORWARDABLE;INITIAL;PRE-AUTHENT >>>>> UDP request honored ----------------------------------------------- >>>>> UDP packet received RABBIT.HOLE> null sends TGS-REQ for server/host.rabbit.hole@RABBIT.HOLE, KDCOptions: FORWARDABLE, RABBIT.HOLE> presenting a ticket of dummy@RABBIT.HOLE to krbtgt/RABBIT.HOLE@RABBIT.HOLE      Return dummy@RABBIT.HOLE ticket for server/host.rabbit.hole@RABBIT.HOLE, flags FORWARDABLE;INITIAL >>>>> UDP request honored STDERR: javax.security.sasl.SaslException: GSS initiate failed [Caused by GSSException: Failure unspecified at GSS-API level (Mechanism level: Invalid argument (400) - Cannot find key of appropriate type to decrypt AP-REQ - AES256 CTS mode with HMAC SHA1-96)] 	at jdk.security.jgss/com.sun.security.sasl.gsskerb.GssKrb5Server.evaluateResponse(GssKrb5Server.java:199) 	at SaslUnbound.main(SaslUnbound.java:104) 	at java.base/jdk.internal.reflect.NativeMethodAccessorImpl.invoke0(Native Method) 	at java.base/jdk.internal.reflect.NativeMethodAccessorImpl.invoke(NativeMethodAccessorImpl.java:62) 	at java.base/jdk.internal.reflect.DelegatingMethodAccessorImpl.invoke(DelegatingMethodAccessorImpl.java:43) 	at java.base/java.lang.reflect.Method.invoke(Method.java:566) 	at com.sun.javatest.regtest.agent.MainWrapper$MainThread.run(MainWrapper.java:115) 	at java.base/java.lang.Thread.run(Thread.java:834) Caused by: GSSException: Failure unspecified at GSS-API level (Mechanism level: Invalid argument (400) - Cannot find key of appropriate type to decrypt AP-REQ - AES256 CTS mode with HMAC SHA1-96) 	at java.security.jgss/sun.security.jgss.krb5.Krb5Context.acceptSecContext(Krb5Context.java:859) 	at java.security.jgss/sun.security.jgss.GSSContextImpl.acceptSecContext(GSSContextImpl.java:361) 	at java.security.jgss/sun.security.jgss.GSSContextImpl.acceptSecContext(GSSContextImpl.java:303) 	at jdk.security.jgss/com.sun.security.sasl.gsskerb.GssKrb5Server.evaluateResponse(GssKrb5Server.java:167) 	... 7 more Caused by: KrbException: Invalid argument (400) - Cannot find key of appropriate type to decrypt AP-REQ - AES256 CTS mode with HMAC SHA1-96 	at java.security.jgss/sun.security.krb5.KrbApReq.authenticate(KrbApReq.java:278) 	at java.security.jgss/sun.security.krb5.KrbApReq.<init>(KrbApReq.java:149) 	at java.security.jgss/sun.security.jgss.krb5.InitSecContextToken.<init>(InitSecContextToken.java:139) 	at java.security.jgss/sun.security.jgss.krb5.Krb5Context.acceptSecContext(Krb5Context.java:832) 	... 10 more  JavaTest Message: Test threw exception: javax.security.sasl.SaslException: GSS initiate failed [Caused by GSSException: Failure unspecified at GSS-API level (Mechanism level: Invalid argument (400) - Cannot find key of appropriate type to decrypt AP-REQ - AES256 CTS mode with HMAC SHA1-96)] JavaTest Message: shutting down testsun/security/krb5/auto/TwoOrThree.java :|: Whole_run_output3.log :|: STDOUT: Start KDC on 14728 ----------------------------------------------- >>>>> UDP packet received RABBIT.HOLE> dummy@RABBIT.HOLE sends AS-REQ for krbtgt/RABBIT.HOLE@RABBIT.HOLE, KDCOptions: FORWARDABLE, KrbException: Additional pre-authentication required (25) 	at KDC.processAsReq(KDC.java:1215) 	at KDC.processMessage(KDC.java:741) 	at KDC$1.run(KDC.java:1431)      Error 25 Additional pre-authentication required >>>>> UDP request honored ----------------------------------------------- >>>>> UDP packet received RABBIT.HOLE> dummy@RABBIT.HOLE sends AS-REQ for krbtgt/RABBIT.HOLE@RABBIT.HOLE, KDCOptions: FORWARDABLE,      Return dummy@RABBIT.HOLE ticket for krbtgt/RABBIT.HOLE@RABBIT.HOLE, flags FORWARDABLE;INITIAL;PRE-AUTHENT >>>>> UDP request honored dummy call initSecContext ----------------------------------------------- >>>>> UDP packet received RABBIT.HOLE> null sends TGS-REQ for third@RABBIT.HOLE, KDCOptions: FORWARDABLE, RABBIT.HOLE> presenting a ticket of dummy@RABBIT.HOLE to krbtgt/RABBIT.HOLE@RABBIT.HOLE      Return dummy@RABBIT.HOLE ticket for third@RABBIT.HOLE, flags FORWARDABLE;INITIAL >>>>> UDP request honored second call acceptSecContext STDERR: GSSException: Failure unspecified at GSS-API level (Mechanism level: Checksum failed) 	at java.security.jgss/sun.security.jgss.krb5.Krb5Context.acceptSecContext(Krb5Context.java:859) 	at java.security.jgss/sun.security.jgss.GSSContextImpl.acceptSecContext(GSSContextImpl.java:361) 	at java.security.jgss/sun.security.jgss.GSSContextImpl.acceptSecContext(GSSContextImpl.java:303) 	at Context$11.run(Context.java:661) 	at Context$5.run(Context.java:346) 	at Context$5.run(Context.java:342) 	at java.base/java.security.AccessController.doPrivileged(Native Method) 	at java.base/javax.security.auth.Subject.doAs(Subject.java:423) 	at Context.doAs(Context.java:342) 	at Context.take(Context.java:645) 	at Context.handshake(Context.java:704) 	at TwoOrThree.main(TwoOrThree.java:71) 	at java.base/jdk.internal.reflect.NativeMethodAccessorImpl.invoke0(Native Method) 	at java.base/jdk.internal.reflect.NativeMethodAccessorImpl.invoke(NativeMethodAccessorImpl.java:62) 	at java.base/jdk.internal.reflect.DelegatingMethodAccessorImpl.invoke(DelegatingMethodAccessorImpl.java:43) 	at java.base/java.lang.reflect.Method.invoke(Method.java:566) 	at com.sun.javatest.regtest.agent.MainWrapper$MainThread.run(MainWrapper.java:115) 	at java.base/java.lang.Thread.run(Thread.java:834) Caused by: KrbException: Checksum failed 	at java.security.jgss/sun.security.krb5.internal.crypto.Aes256CtsHmacSha1EType.decrypt(Aes256CtsHmacSha1EType.java:102) 	at java.security.jgss/sun.security.krb5.internal.crypto.Aes256CtsHmacSha1EType.decrypt(Aes256CtsHmacSha1EType.java:94) 	at java.security.jgss/sun.security.krb5.EncryptedData.decrypt(EncryptedData.java:180) 	at java.security.jgss/sun.security.krb5.KrbApReq.authenticate(KrbApReq.java:281) 	at java.security.jgss/sun.security.krb5.KrbApReq.<init>(KrbApReq.java:149) 	at java.security.jgss/sun.security.jgss.krb5.InitSecContextToken.<init>(InitSecContextToken.java:139) 	at java.security.jgss/sun.security.jgss.krb5.Krb5Context.acceptSecContext(Krb5Context.java:832) 	... 17 more Caused by: java.security.GeneralSecurityException: Checksum failed 	at java.security.jgss/sun.security.krb5.internal.crypto.dk.AesDkCrypto.decryptCTS(AesDkCrypto.java:451) 	at java.security.jgss/sun.security.krb5.internal.crypto.dk.AesDkCrypto.decrypt(AesDkCrypto.java:272) 	at java.security.jgss/sun.security.krb5.internal.crypto.Aes256.decrypt(Aes256.java:76) 	at java.security.jgss/sun.security.krb5.internal.crypto.Aes256CtsHmacSha1EType.decrypt(Aes256CtsHmacSha1EType.java:100) 	... 23 more  JavaTest Message: Test threw exception: GSSException: Failure unspecified at GSS-API level (Mechanism level: Checksum failed) JavaTest Message: shutting down testsun/security/krb5/auto/UnboundService.java :|: Whole_run_output3.log :|: STDOUT: Start KDC on 9103 Callback for name: dummy Callback for pass: bogus ----------------------------------------------- >>>>> UDP packet received RABBIT.HOLE> dummy@RABBIT.HOLE sends AS-REQ for krbtgt/RABBIT.HOLE@RABBIT.HOLE, KDCOptions: FORWARDABLE, KrbException: Additional pre-authentication required (25) 	at KDC.processAsReq(KDC.java:1215) 	at KDC.processMessage(KDC.java:741) 	at KDC$1.run(KDC.java:1431)      Error 25 Additional pre-authentication required >>>>> UDP request honored ----------------------------------------------- >>>>> UDP packet received RABBIT.HOLE> dummy@RABBIT.HOLE sends AS-REQ for krbtgt/RABBIT.HOLE@RABBIT.HOLE, KDCOptions: FORWARDABLE,      Return dummy@RABBIT.HOLE ticket for krbtgt/RABBIT.HOLE@RABBIT.HOLE, flags FORWARDABLE;INITIAL;PRE-AUTHENT >>>>> UDP request honored STDERR: GSSException: No valid credentials provided (Mechanism level: Failed to find any Kerberos credentials) 	at java.security.jgss/sun.security.jgss.krb5.Krb5AcceptCredential.getInstance(Krb5AcceptCredential.java:87) 	at java.security.jgss/sun.security.jgss.krb5.Krb5MechFactory.getCredentialElement(Krb5MechFactory.java:133) 	at java.security.jgss/sun.security.jgss.GSSManagerImpl.getCredentialElement(GSSManagerImpl.java:187) 	at java.security.jgss/sun.security.jgss.GSSCredentialImpl.add(GSSCredentialImpl.java:439) 	at java.security.jgss/sun.security.jgss.GSSCredentialImpl.<init>(GSSCredentialImpl.java:74) 	at java.security.jgss/sun.security.jgss.GSSManagerImpl.createCredential(GSSManagerImpl.java:148) 	at Context$4.run(Context.java:278) 	at Context$5.run(Context.java:346) 	at Context$5.run(Context.java:342) 	at java.base/java.security.AccessController.doPrivileged(Native Method) 	at java.base/javax.security.auth.Subject.doAs(Subject.java:423) 	at Context.doAs(Context.java:342) 	at Context.startAsServer(Context.java:274) 	at Context.startAsServer(Context.java:265) 	at UnboundService.main(UnboundService.java:87) 	at java.base/jdk.internal.reflect.NativeMethodAccessorImpl.invoke0(Native Method) 	at java.base/jdk.internal.reflect.NativeMethodAccessorImpl.invoke(NativeMethodAccessorImpl.java:62) 	at java.base/jdk.internal.reflect.DelegatingMethodAccessorImpl.invoke(DelegatingMethodAccessorImpl.java:43) 	at java.base/java.lang.reflect.Method.invoke(Method.java:566) 	at com.sun.javatest.regtest.agent.MainWrapper$MainThread.run(MainWrapper.java:115) 	at java.base/java.lang.Thread.run(Thread.java:834)  JavaTest Message: Test threw exception: GSSException: No valid credentials provided (Mechanism level: Failed to find any Kerberos credentials) JavaTest Message: shutting down testtools/javac/diags/CheckExamples.java :|: Whole_run_output3.log :|: STDOUT: STDERR: Error: Key compiler.err.proc.cant.load.class is declared in resource bundle but is not in tests or not-yet list 583 examples checked 186 keys on not-yet list  prefix          #keys in tests  #keys in javac    % compiler.err.              337             422  79% compiler.warn.              88             113  77% compiler.note.              29              31  93% compiler.misc.             182             257  70% other                        0               0 total                      636             823  77% java.lang.Exception: 1 errors occurred. 	at CheckExamples.run(CheckExamples.java:153) 	at CheckExamples.main(CheckExamples.java:78) 	at java.base/jdk.internal.reflect.NativeMethodAccessorImpl.invoke0(Native Method) 	at java.base/jdk.internal.reflect.NativeMethodAccessorImpl.invoke(NativeMethodAccessorImpl.java:62) 	at java.base/jdk.internal.reflect.DelegatingMethodAccessorImpl.invoke(DelegatingMethodAccessorImpl.java:43) 	at java.base/java.lang.reflect.Method.invoke(Method.java:566) 	at com.sun.javatest.regtest.agent.MainWrapper$MainThread.run(MainWrapper.java:115) 	at java.base/java.lang.Thread.run(Thread.java:834)  JavaTest Message: Test threw exception: java.lang.Exception: 1 errors occurred. JavaTest Message: shutting down testtools/javac/generics/T5094318.java :|: Whole_run_output3.log :|: STDOUT: You gave me an array of ints STDERR: java.lang.RuntimeException 	at T5094318.method(T5094318.java:38) 	at T5094318.main(T5094318.java:47) 	at java.base/jdk.internal.reflect.NativeMethodAccessorImpl.invoke0(Native Method) 	at java.base/jdk.internal.reflect.NativeMethodAccessorImpl.invoke(NativeMethodAccessorImpl.java:62) 	at java.base/jdk.internal.reflect.DelegatingMethodAccessorImpl.invoke(DelegatingMethodAccessorImpl.java:43) 	at java.base/java.lang.reflect.Method.invoke(Method.java:566) 	at com.sun.javatest.regtest.agent.MainWrapper$MainThread.run(MainWrapper.java:115) 	at java.base/java.lang.Thread.run(Thread.java:834)  JavaTest Message: Test threw exception: java.lang.RuntimeException JavaTest Message: shutting down testtools/javac/NullQualifiedNew.java :|: Whole_run_output3.log :|: STDOUT: STDERR: java.lang.NullPointerException 	at java.base/java.util.Objects.requireNonNull(Objects.java:221) 	at NullQualifiedNew.main(NullQualifiedNew.java:44) 	at java.base/jdk.internal.reflect.NativeMethodAccessorImpl.invoke0(Native Method) 	at java.base/jdk.internal.reflect.NativeMethodAccessorImpl.invoke(NativeMethodAccessorImpl.java:62) 	at java.base/jdk.internal.reflect.DelegatingMethodAccessorImpl.invoke(DelegatingMethodAccessorImpl.java:43) 	at java.base/java.lang.reflect.Method.invoke(Method.java:566) 	at com.sun.javatest.regtest.agent.MainWrapper$MainThread.run(MainWrapper.java:115) 	at java.base/java.lang.Thread.run(Thread.java:834)  JavaTest Message: Test threw exception: java.lang.NullPointerException JavaTest Message: shutting down testtools/javac/NullQualifiedSuper2.java :|: Whole_run_output3.log :|: STDOUT: STDERR: java.lang.NullPointerException 	at java.base/java.util.Objects.requireNonNull(Objects.java:221) 	at NullQualifiedSuper2$c.<init>(NullQualifiedSuper2.java:40) 	at NullQualifiedSuper2.main(NullQualifiedSuper2.java:44) 	at java.base/jdk.internal.reflect.NativeMethodAccessorImpl.invoke0(Native Method) 	at java.base/jdk.internal.reflect.NativeMethodAccessorImpl.invoke(NativeMethodAccessorImpl.java:62) 	at java.base/jdk.internal.reflect.DelegatingMethodAccessorImpl.invoke(DelegatingMethodAccessorImpl.java:43) 	at java.base/java.lang.reflect.Method.invoke(Method.java:566) 	at com.sun.javatest.regtest.agent.MainWrapper$MainThread.run(MainWrapper.java:115) 	at java.base/java.lang.Thread.run(Thread.java:834)  JavaTest Message: Test threw exception: java.lang.NullPointerException JavaTest Message: shutting down testtools/javadoc/api/basic/GetTask_FileManagerTest.java :|: Whole_run_output3.log :|: STDOUT: STDERR: test: testFileManager Loading source file /pkg/C.java... [parsing started WrappedJavaFileObject[APITest$1[myfo:///pkg/C.java]]] [parsing completed 51ms] [loading /modules/java.scripting/module-info.class] [loading /modules/jdk.management/module-info.class] [loading /modules/java.management.rmi/module-info.class] [loading /modules/jdk.naming.rmi/module-info.class] [loading /modules/jdk.security.jgss/module-info.class] [loading /modules/jdk.attach/module-info.class] [loading /modules/jdk.scripting.nashorn/module-info.class] [loading /modules/jdk.jlink/module-info.class] [loading /modules/jdk.accessibility/module-info.class] [loading /modules/java.logging/module-info.class] [loading /modules/jdk.editpad/module-info.class] [loading /modules/java.compiler/module-info.class] [loading /modules/jdk.unsupported/module-info.class] [loading /modules/jdk.charsets/module-info.class] [loading /modules/java.prefs/module-info.class] [loading /modules/java.sql.rowset/module-info.class] [loading /modules/jdk.net/module-info.class] [loading /modules/java.sql/module-info.class] [loading /modules/jdk.httpserver/module-info.class] [loading /modules/jdk.sctp/module-info.class] [loading /modules/jdk.jdeps/module-info.class] [loading /modules/jdk.jstatd/module-info.class] [loading /modules/jdk.internal.opt/module-info.class] [loading /modules/azul.tools/module-info.class] [loading /modules/jdk.jshell/module-info.class] [loading /modules/java.smartcardio/module-info.class] [loading /modules/jdk.compiler/module-info.class] [loading /modules/java.xml.crypto/module-info.class] [loading /modules/java.transaction.xa/module-info.class] [loading /modules/jdk.dynalink/module-info.class] [loading /modules/jdk.jdwp.agent/module-info.class] [loading /modules/jdk.xml.dom/module-info.class] [loading /modules/java.security.jgss/module-info.class] [loading /modules/java.naming/module-info.class] [loading /modules/jdk.internal.jvmstat/module-info.class] [loading /modules/java.management/module-info.class] [loading /modules/jdk.pack/module-info.class] [loading /modules/jdk.management.agent/module-info.class] [loading /modules/jdk.jartool/module-info.class] [loading /modules/java.base/module-info.class] [loading /modules/jdk.naming.dns/module-info.class] [loading /modules/jdk.rmic/module-info.class] [loading /modules/java.se/module-info.class] [loading /modules/jdk.scripting.nashorn.shell/module-info.class] [loading /modules/jdk.jdi/module-info.class] [loading /modules/jdk.jsobject/module-info.class] [loading /modules/jdk.internal.ed/module-info.class] [loading /modules/java.xml/module-info.class] [loading /modules/jdk.localedata/module-info.class] [loading /modules/jdk.management.jfr/module-info.class] [loading /modules/jdk.unsupported.desktop/module-info.class] [loading /modules/jdk.security.auth/module-info.class] [loading /modules/java.datatransfer/module-info.class] [loading /modules/java.instrument/module-info.class] [loading /modules/java.rmi/module-info.class] [loading /modules/java.net.http/module-info.class] [loading /modules/jdk.javadoc/module-info.class] [loading /modules/jdk.crypto.ec/module-info.class] [loading /modules/jdk.jconsole/module-info.class] [loading /modules/jdk.zipfs/module-info.class] [loading /modules/jdk.jcmd/module-info.class] [loading /modules/java.desktop/module-info.class] [loading /modules/jdk.crypto.cryptoki/module-info.class] [loading /modules/jdk.jfr/module-info.class] [loading /modules/jdk.internal.le/module-info.class] [loading /modules/java.security.sasl/module-info.class] Constructing Javadoc information... [search path for source files: /home/test_results/zvm-dev-2944/cycle_silver_unittests/121/pulse.0/JTREG_Parallel_Mode_cthulhu/parallel_run/parallel_jtreg_run/test_langtools/classes/20/tools/javadoc/api/basic/GetTask_FileManagerTest.d,/home/sqatest/automation/CycleBToE/JTReg/test/langtools/tools/javadoc/api/basic,/home/sqatest/prajwal/JT/jtreg/lib/javatest.jar,/home/sqatest/prajwal/JT/jtreg/lib/jtreg.jar,/home/sqatest/prajwal/JT/jtreg/lib/asmtools.jar] [search path for class files: /home/buildmaster/nightly/ZVM/dev/in_progress/zvm-dev-2944/sandbox/azlinux/jdk11/x86_64/optimized/lib/modules,/home/test_results/zvm-dev-2944/cycle_silver_unittests/121/pulse.0/JTREG_Parallel_Mode_cthulhu/parallel_run/parallel_jtreg_run/test_langtools/classes/20/tools/javadoc/api/basic/GetTask_FileManagerTest.d,/home/sqatest/automation/CycleBToE/JTReg/test/langtools/tools/javadoc/api/basic,/home/sqatest/prajwal/JT/jtreg/lib/javatest.jar,/home/sqatest/prajwal/JT/jtreg/lib/jtreg.jar,/home/sqatest/prajwal/JT/jtreg/lib/asmtools.jar] [loading /modules/java.base/java/lang/Object.class] [loading /modules/java.base/java/lang/Deprecated.class] [loading /modules/java.base/java/lang/annotation/Retention.class] [loading /modules/java.base/java/lang/annotation/RetentionPolicy.class] [loading /modules/java.base/java/lang/annotation/Target.class] [loading /modules/java.base/java/lang/annotation/ElementType.class] [loading /modules/java.base/java/lang/Error.class] [loading /modules/java.base/java/lang/Exception.class] Standard Doclet version 11.0.4.0.101 Building tree for all the packages and classes... Generating testFileManager/pkg/C.html... [loading /modules/java.base/java/io/Serializable.class] Generating testFileManager/pkg/package-summary.html... Generating testFileManager/pkg/package-tree.html... Generating testFileManager/constant-values.html... Building index for all the packages and classes... Generating testFileManager/overview-tree.html... Generating testFileManager/index-all.html... Building index for all classes... Generating testFileManager/allclasses-index.html... Generating testFileManager/allpackages-index.html... Generating testFileManager/deprecated-list.html... Building index for all classes... Generating testFileManager/allclasses.html... Generating testFileManager/allclasses.html... Generating testFileManager/index.html... Generating testFileManager/help-doc.html... [done in 1214 ms] task succeeded Error: the following files were not found in testFileManager: [jquery/images/ui-bg_flat_0_aaaaaa_40x100.png, jquery/images/ui-bg_flat_75_ffffff_40x100.png, jquery/images/ui-bg_glass_65_ffffff_1x400.png] Error: the following unexpected files were found in testFileManager: [jquery/images/ui-bg_glass_65_dadada_1x400.png]  test: testBadFileManager Loading source file /pkg/C.java... Constructing Javadoc information... exception caught as expected: GetTask_FileManagerTest$UnexpectedError  2 tests, 2 errors java.lang.Exception: 2 errors found 	at APITest.run(APITest.java:85) 	at GetTask_FileManagerTest.main(GetTask_FileManagerTest.java:57) 	at java.base/jdk.internal.reflect.NativeMethodAccessorImpl.invoke0(Native Method) 	at java.base/jdk.internal.reflect.NativeMethodAccessorImpl.invoke(NativeMethodAccessorImpl.java:62) 	at java.base/jdk.internal.reflect.DelegatingMethodAccessorImpl.invoke(DelegatingMethodAccessorImpl.java:43) 	at java.base/java.lang.reflect.Method.invoke(Method.java:566) 	at com.sun.javatest.regtest.agent.MainWrapper$MainThread.run(MainWrapper.java:115) 	at java.base/java.lang.Thread.run(Thread.java:834)  JavaTest Message: Test threw exception: java.lang.Exception: 2 errors found JavaTest Message: shutting down testtools/javadoc/api/basic/GetTask_WriterTest.java :|: Whole_run_output3.log :|: STDOUT: STDERR: test: testWriter task succeeded Error: the following files were not found in testWriter: [jquery/images/ui-bg_flat_0_aaaaaa_40x100.png, jquery/images/ui-bg_flat_75_ffffff_40x100.png, jquery/images/ui-bg_glass_65_ffffff_1x400.png] Error: the following unexpected files were found in testWriter: [jquery/images/ui-bg_glass_65_dadada_1x400.png] >>Loading source file /pkg/C.java... Constructing Javadoc information... Standard Doclet version 11.0.4.0.101 Building tree for all the packages and classes... Generating testWriter/pkg/C.html... Generating testWriter/pkg/package-summary.html... Generating testWriter/pkg/package-tree.html... Generating testWriter/constant-values.html... Building index for all the packages and classes... Generating testWriter/overview-tree.html... Generating testWriter/index-all.html... Building index for all classes... Generating testWriter/allclasses-index.html... Generating testWriter/allpackages-index.html... Generating testWriter/deprecated-list.html... Building index for all classes... Generating testWriter/allclasses.html... Generating testWriter/allclasses.html... Generating testWriter/index.html... Generating testWriter/help-doc.html... <<  2 errors java.lang.Exception: 2 errors found 	at APITest.run(APITest.java:85) 	at GetTask_WriterTest.main(GetTask_WriterTest.java:49) 	at java.base/jdk.internal.reflect.NativeMethodAccessorImpl.invoke0(Native Method) 	at java.base/jdk.internal.reflect.NativeMethodAccessorImpl.invoke(NativeMethodAccessorImpl.java:62) 	at java.base/jdk.internal.reflect.DelegatingMethodAccessorImpl.invoke(DelegatingMethodAccessorImpl.java:43) 	at java.base/java.lang.reflect.Method.invoke(Method.java:566) 	at com.sun.javatest.regtest.agent.MainWrapper$MainThread.run(MainWrapper.java:115) 	at java.base/java.lang.Thread.run(Thread.java:834)  JavaTest Message: Test threw exception: java.lang.Exception: 2 errors found JavaTest Message: shutting down testtools/javadoc/api/basic/GetTask_FileObjectsTest.java :|: Whole_run_output3.log :|: STDOUT: STDERR: test: testStandardFileObject Loading source file /home/sqatest/automation/CycleBToE/JTReg/test/langtools/tools/javadoc/api/basic/pkg/C.java... Constructing Javadoc information... Standard Doclet version 11.0.4.0.101 Building tree for all the packages and classes... Generating testStandardFileObject/pkg/C.html... Generating testStandardFileObject/pkg/package-summary.html... Generating testStandardFileObject/pkg/package-tree.html... Generating testStandardFileObject/constant-values.html... Building index for all the packages and classes... Generating testStandardFileObject/overview-tree.html... Generating testStandardFileObject/index-all.html... Building index for all classes... Generating testStandardFileObject/allclasses-index.html... Generating testStandardFileObject/allpackages-index.html... Generating testStandardFileObject/deprecated-list.html... Building index for all classes... Generating testStandardFileObject/allclasses.html... Generating testStandardFileObject/allclasses.html... Generating testStandardFileObject/index.html... Generating testStandardFileObject/help-doc.html... task succeeded Error: the following files were not found in testStandardFileObject: [jquery/images/ui-bg_flat_0_aaaaaa_40x100.png, jquery/images/ui-bg_flat_75_ffffff_40x100.png, jquery/images/ui-bg_glass_65_ffffff_1x400.png] Error: the following unexpected files were found in testStandardFileObject: [jquery/images/ui-bg_glass_65_dadada_1x400.png]  test: testMemoryFileObject Loading source file /pkg/C.java... Constructing Javadoc information... Standard Doclet version 11.0.4.0.101 Building tree for all the packages and classes... Generating testMemoryFileObject/pkg/C.html... Generating testMemoryFileObject/pkg/package-summary.html... Generating testMemoryFileObject/pkg/package-tree.html... Generating testMemoryFileObject/constant-values.html... Building index for all the packages and classes... Generating testMemoryFileObject/overview-tree.html... Generating testMemoryFileObject/index-all.html... Building index for all classes... Generating testMemoryFileObject/allclasses-index.html... Generating testMemoryFileObject/allpackages-index.html... Generating testMemoryFileObject/deprecated-list.html... Building index for all classes... Generating testMemoryFileObject/allclasses.html... Generating testMemoryFileObject/allclasses.html... Generating testMemoryFileObject/index.html... Generating testMemoryFileObject/help-doc.html... task succeeded Error: the following files were not found in testMemoryFileObject: [jquery/images/ui-bg_flat_0_aaaaaa_40x100.png, jquery/images/ui-bg_flat_75_ffffff_40x100.png, jquery/images/ui-bg_glass_65_ffffff_1x400.png] Error: the following unexpected files were found in testMemoryFileObject: [jquery/images/ui-bg_glass_65_dadada_1x400.png]  test: testBadFileObject exception caught as expected: java.lang.IllegalArgumentException: All compilation units must be of SOURCE kind  test: testNull exception caught as expected: java.lang.NullPointerException  4 tests, 4 errors java.lang.Exception: 4 errors found 	at APITest.run(APITest.java:85) 	at GetTask_FileObjectsTest.main(GetTask_FileObjectsTest.java:47) 	at java.base/jdk.internal.reflect.NativeMethodAccessorImpl.invoke0(Native Method) 	at java.base/jdk.internal.reflect.NativeMethodAccessorImpl.invoke(NativeMethodAccessorImpl.java:62) 	at java.base/jdk.internal.reflect.DelegatingMethodAccessorImpl.invoke(DelegatingMethodAccessorImpl.java:43) 	at java.base/java.lang.reflect.Method.invoke(Method.java:566) 	at com.sun.javatest.regtest.agent.MainWrapper$MainThread.run(MainWrapper.java:115) 	at java.base/java.lang.Thread.run(Thread.java:834)  JavaTest Message: Test threw exception: java.lang.Exception: 4 errors found JavaTest Message: shutting down testvmTestbase/gc/memory/Nio/Nio.java :|: Whole_run_output1.log :|: STDOUT: Allocating all the direct memory: 52428800 ... success Try to dump heap to heapDump.hprof file.. Done STDERR: Used heap before: 80097280 Used heap after : 132804608 gc.memory.Nio.Nio$Fault: Allocating direct memory should not eat non the heap! 	at gc.memory.Nio.Nio.checkHeapIsNotAffected(Nio.java:178) 	at gc.memory.Nio.Nio.run(Nio.java:86) 	at gc.memory.Nio.Nio.main(Nio.java:62) 	at java.base/jdk.internal.reflect.NativeMethodAccessorImpl.invoke0(Native Method) 	at java.base/jdk.internal.reflect.NativeMethodAccessorImpl.invoke(NativeMethodAccessorImpl.java:62) 	at java.base/jdk.internal.reflect.DelegatingMethodAccessorImpl.invoke(DelegatingMethodAccessorImpl.java:43) 	at java.base/java.lang.reflect.Method.invoke(Method.java:566) 	at com.sun.javatest.regtest.agent.MainWrapper$MainThread.run(MainWrapper.java:115) 	at java.base/java.lang.Thread.run(Thread.java:834)  JavaTest Message: Test threw exception: gc.memory.Nio.Nio$Fault: Allocating direct memory should not eat non the heap! JavaTest Message: shutting down testcom/sun/crypto/provider/Cipher/PBE/PKCS12Cipher.java :|: Whole_run_output1.log :|: STDOUT: Testing provider SunJCE... STDERR: javax.crypto.BadPaddingException: Given final block not properly padded. Such issues can arise if a bad key is used during decryption. 	at java.base/com.sun.crypto.provider.CipherCore.unpad(CipherCore.java:975) 	at java.base/com.sun.crypto.provider.CipherCore.fillOutputBuffer(CipherCore.java:1056) 	at java.base/com.sun.crypto.provider.CipherCore.doFinal(CipherCore.java:853) 	at java.base/com.sun.crypto.provider.PKCS12PBECipherCore.implDoFinal(PKCS12PBECipherCore.java:408) 	at java.base/com.sun.crypto.provider.PKCS12PBECipherCore$PBEWithSHA1AndDESede.engineDoFinal(PKCS12PBECipherCore.java:440) 	at java.base/javax.crypto.Cipher.doFinal(Cipher.java:2202) 	at PKCS12Cipher.runTest(PKCS12Cipher.java:74) 	at PKCS12Cipher.main(PKCS12Cipher.java:89) 	at java.base/jdk.internal.reflect.NativeMethodAccessorImpl.invoke0(Native Method) 	at java.base/jdk.internal.reflect.NativeMethodAccessorImpl.invoke(NativeMethodAccessorImpl.java:62) 	at java.base/jdk.internal.reflect.DelegatingMethodAccessorImpl.invoke(DelegatingMethodAccessorImpl.java:43) 	at java.base/java.lang.reflect.Method.invoke(Method.java:566) 	at com.sun.javatest.regtest.agent.MainWrapper$MainThread.run(MainWrapper.java:115) 	at java.base/java.lang.Thread.run(Thread.java:834)  JavaTest Message: Test threw exception: javax.crypto.BadPaddingException: Given final block not properly padded. Such issues can arise if a bad key is used during decryption. JavaTest Message: shutting down testcom/sun/nio/sctp/SctpChannel/SocketOptionTests.java :|: Whole_run_output1.log :|: STDOUT: SCTP_EXPLICIT_COMPLETE not supported. java.net.SocketException: Protocol not available TESTING SCTP_PRIMARY_ADDR Listening on [/10.10.212.179:56816, /172.17.0.1:56816, /127.0.0.1:56816, /0:0:0:0:0:0:0:1%1:56816, /fe80:0:0:0:e9f3:b3bf:2846:7391%2:56816, /fe80:0:0:0:42:44ff:fe18:4f3e%6:56816] connecting to /10.10.212.179:56816 Peer local Addresses:  	/10.10.212.179:56816 	/172.17.0.1:56816 	/127.0.0.1:56816 	/0:0:0:0:0:0:0:1%1:56816 	/fe80:0:0:0:e9f3:b3bf:2846:7391%2:56816 	/fe80:0:0:0:42:44ff:fe18:4f3e%6:56816 SCTP_PRIMARY_ADDR returned: /10.10.212.179:56816 SCTP_PRIMARY_ADDR try set to: /fe80:0:0:0:42:44ff:fe18:4f3e%6:56816  Passed = 11, failed = 1  STDERR: java.net.SocketException: Invalid argument 	at jdk.sctp/sun.nio.ch.sctp.SctpNet.setPrimAddrOption0(Native Method) 	at jdk.sctp/sun.nio.ch.sctp.SctpNet.setSocketOption(SctpNet.java:172) 	at jdk.sctp/sun.nio.ch.sctp.SctpChannelImpl.setOption(SctpChannelImpl.java:689) 	at SocketOptionTests.sctpPrimaryAddr(SocketOptionTests.java:192) 	at SocketOptionTests.test(SocketOptionTests.java:115) 	at SocketOptionTests.instanceMain(SocketOptionTests.java:215) 	at java.base/jdk.internal.reflect.NativeMethodAccessorImpl.invoke0(Native Method) 	at java.base/jdk.internal.reflect.NativeMethodAccessorImpl.invoke(NativeMethodAccessorImpl.java:62) 	at java.base/jdk.internal.reflect.DelegatingMethodAccessorImpl.invoke(DelegatingMethodAccessorImpl.java:43) 	at java.base/java.lang.reflect.Method.invoke(Method.java:566) 	at SocketOptionTests.main(SocketOptionTests.java:212) 	at java.base/jdk.internal.reflect.NativeMethodAccessorImpl.invoke0(Native Method) 	at java.base/jdk.internal.reflect.NativeMethodAccessorImpl.invoke(NativeMethodAccessorImpl.java:62) 	at java.base/jdk.internal.reflect.DelegatingMethodAccessorImpl.invoke(DelegatingMethodAccessorImpl.java:43) 	at java.base/java.lang.reflect.Method.invoke(Method.java:566) 	at com.sun.javatest.regtest.agent.MainWrapper$MainThread.run(MainWrapper.java:115) 	at java.base/java.lang.Thread.run(Thread.java:834) java.lang.AssertionError: Some tests failed 	at SocketOptionTests.instanceMain(SocketOptionTests.java:217) 	at java.base/jdk.internal.reflect.NativeMethodAccessorImpl.invoke0(Native Method) 	at java.base/jdk.internal.reflect.NativeMethodAccessorImpl.invoke(NativeMethodAccessorImpl.java:62) 	at java.base/jdk.internal.reflect.DelegatingMethodAccessorImpl.invoke(DelegatingMethodAccessorImpl.java:43) 	at java.base/java.lang.reflect.Method.invoke(Method.java:566) 	at SocketOptionTests.main(SocketOptionTests.java:212) 	at java.base/jdk.internal.reflect.NativeMethodAccessorImpl.invoke0(Native Method) 	at java.base/jdk.internal.reflect.NativeMethodAccessorImpl.invoke(NativeMethodAccessorImpl.java:62) 	at java.base/jdk.internal.reflect.DelegatingMethodAccessorImpl.invoke(DelegatingMethodAccessorImpl.java:43) 	at java.base/java.lang.reflect.Method.invoke(Method.java:566) 	at com.sun.javatest.regtest.agent.MainWrapper$MainThread.run(MainWrapper.java:115) 	at java.base/java.lang.Thread.run(Thread.java:834)  JavaTest Message: Test threw exception: java.lang.AssertionError: Some tests failed JavaTest Message: shutting down testcom/sun/nio/sctp/SctpMultiChannel/Branch.java :|: Whole_run_output1.log :|: STDOUT: Server started and listening on /fe80:0:0:0:42:44ff:fe18:4f3e%6:60862 sending to /fe80:0:0:0:42:44ff:fe18:4f3e%6:60862 on stream number: 0 sending small message: java.nio.HeapByteBuffer[pos=0 lim=71 cap=32768] Server: echoing first message AssociationChangeNotification   Association: sun.nio.ch.sctp.AssociationImpl@605c1c7f[associationID:5137, maxIn:10, maxOut:10]   Event: COMM_UP Compare failed, byte array length != to buffer remaining  Passed = 15, failed = 5  STDERR: java.net.SocketException: Invalid argument 	at jdk.sctp/sun.nio.ch.sctp.SctpChannelImpl.send0(Native Method) 	at jdk.sctp/sun.nio.ch.sctp.SctpMultiChannelImpl.send0(SctpMultiChannelImpl.java:991) 	at jdk.sctp/sun.nio.ch.sctp.SctpMultiChannelImpl.sendFromNativeBuffer(SctpMultiChannelImpl.java:902) 	at jdk.sctp/sun.nio.ch.sctp.SctpMultiChannelImpl.send(SctpMultiChannelImpl.java:854) 	at jdk.sctp/sun.nio.ch.sctp.SctpMultiChannelImpl.send(SctpMultiChannelImpl.java:831) 	at Branch$Server.run(Branch.java:213) 	at java.base/java.lang.Thread.run(Thread.java:834) message not sent on the correct stream java.lang.Exception: Stack trace 	at java.base/java.lang.Thread.dumpStack(Thread.java:1387) 	at Branch.fail(Branch.java:272) 	at Branch.fail(Branch.java:273) 	at Branch.check(Branch.java:276) 	at Branch.doTest(Branch.java:138) 	at Branch.test(Branch.java:88) 	at Branch.instanceMain(Branch.java:284) 	at java.base/jdk.internal.reflect.NativeMethodAccessorImpl.invoke0(Native Method) 	at java.base/jdk.internal.reflect.NativeMethodAccessorImpl.invoke(NativeMethodAccessorImpl.java:62) 	at java.base/jdk.internal.reflect.DelegatingMethodAccessorImpl.invoke(DelegatingMethodAccessorImpl.java:43) 	at java.base/java.lang.reflect.Method.invoke(Method.java:566) 	at Branch.main(Branch.java:281) 	at java.base/jdk.internal.reflect.NativeMethodAccessorImpl.invoke0(Native Method) 	at java.base/jdk.internal.reflect.NativeMethodAccessorImpl.invoke(NativeMethodAccessorImpl.java:62) 	at java.base/jdk.internal.reflect.DelegatingMethodAccessorImpl.invoke(DelegatingMethodAccessorImpl.java:43) 	at java.base/java.lang.reflect.Method.invoke(Method.java:566) 	at com.sun.javatest.regtest.agent.MainWrapper$MainThread.run(MainWrapper.java:115) 	at java.base/java.lang.Thread.run(Thread.java:834) bytes received not equal to message length java.lang.Exception: Stack trace 	at java.base/java.lang.Thread.dumpStack(Thread.java:1387) 	at Branch.fail(Branch.java:272) 	at Branch.fail(Branch.java:273) 	at Branch.check(Branch.java:276) 	at Branch.doTest(Branch.java:140) 	at Branch.test(Branch.java:88) 	at Branch.instanceMain(Branch.java:284) 	at java.base/jdk.internal.reflect.NativeMethodAccessorImpl.invoke0(Native Method) 	at java.base/jdk.internal.reflect.NativeMethodAccessorImpl.invoke(NativeMethodAccessorImpl.java:62) 	at java.base/jdk.internal.reflect.DelegatingMethodAccessorImpl.invoke(DelegatingMethodAccessorImpl.java:43) 	at java.base/java.lang.reflect.Method.invoke(Method.java:566) 	at Branch.main(Branch.java:281) 	at java.base/jdk.internal.reflect.NativeMethodAccessorImpl.invoke0(Native Method) 	at java.base/jdk.internal.reflect.NativeMethodAccessorImpl.invoke(NativeMethodAccessorImpl.java:62) 	at java.base/jdk.internal.reflect.DelegatingMethodAccessorImpl.invoke(DelegatingMethodAccessorImpl.java:43) 	at java.base/java.lang.reflect.Method.invoke(Method.java:566) 	at com.sun.javatest.regtest.agent.MainWrapper$MainThread.run(MainWrapper.java:115) 	at java.base/java.lang.Thread.run(Thread.java:834) bytes != remaining java.lang.Exception: Stack trace 	at java.base/java.lang.Thread.dumpStack(Thread.java:1387) 	at Branch.fail(Branch.java:272) 	at Branch.fail(Branch.java:273) 	at Branch.check(Branch.java:276) 	at Branch.doTest(Branch.java:142) 	at Branch.test(Branch.java:88) 	at Branch.instanceMain(Branch.java:284) 	at java.base/jdk.internal.reflect.NativeMethodAccessorImpl.invoke0(Native Method) 	at java.base/jdk.internal.reflect.NativeMethodAccessorImpl.invoke(NativeMethodAccessorImpl.java:62) 	at java.base/jdk.internal.reflect.DelegatingMethodAccessorImpl.invoke(DelegatingMethodAccessorImpl.java:43) 	at java.base/java.lang.reflect.Method.invoke(Method.java:566) 	at Branch.main(Branch.java:281) 	at java.base/jdk.internal.reflect.NativeMethodAccessorImpl.invoke0(Native Method) 	at java.base/jdk.internal.reflect.NativeMethodAccessorImpl.invoke(NativeMethodAccessorImpl.java:62) 	at java.base/jdk.internal.reflect.DelegatingMethodAccessorImpl.invoke(DelegatingMethodAccessorImpl.java:43) 	at java.base/java.lang.reflect.Method.invoke(Method.java:566) 	at com.sun.javatest.regtest.agent.MainWrapper$MainThread.run(MainWrapper.java:115) 	at java.base/java.lang.Thread.run(Thread.java:834) received message not the same as sent message java.lang.Exception: Stack trace 	at java.base/java.lang.Thread.dumpStack(Thread.java:1387) 	at Branch.fail(Branch.java:272) 	at Branch.fail(Branch.java:273) 	at Branch.check(Branch.java:276) 	at Branch.doTest(Branch.java:143) 	at Branch.test(Branch.java:88) 	at Branch.instanceMain(Branch.java:284) 	at java.base/jdk.internal.reflect.NativeMethodAccessorImpl.invoke0(Native Method) 	at java.base/jdk.internal.reflect.NativeMethodAccessorImpl.invoke(NativeMethodAccessorImpl.java:62) 	at java.base/jdk.internal.reflect.DelegatingMethodAccessorImpl.invoke(DelegatingMethodAccessorImpl.java:43) 	at java.base/java.lang.reflect.Method.invoke(Method.java:566) 	at Branch.main(Branch.java:281) 	at java.base/jdk.internal.reflect.NativeMethodAccessorImpl.invoke0(Native Method) 	at java.base/jdk.internal.reflect.NativeMethodAccessorImpl.invoke(NativeMethodAccessorImpl.java:62) 	at java.base/jdk.internal.reflect.DelegatingMethodAccessorImpl.invoke(DelegatingMethodAccessorImpl.java:43) 	at java.base/java.lang.reflect.Method.invoke(Method.java:566) 	at com.sun.javatest.regtest.agent.MainWrapper$MainThread.run(MainWrapper.java:115) 	at java.base/java.lang.Thread.run(Thread.java:834) java.lang.AssertionError: Some tests failed 	at Branch.instanceMain(Branch.java:286) 	at java.base/jdk.internal.reflect.NativeMethodAccessorImpl.invoke0(Native Method) 	at java.base/jdk.internal.reflect.NativeMethodAccessorImpl.invoke(NativeMethodAccessorImpl.java:62) 	at java.base/jdk.internal.reflect.DelegatingMethodAccessorImpl.invoke(DelegatingMethodAccessorImpl.java:43) 	at java.base/java.lang.reflect.Method.invoke(Method.java:566) 	at Branch.main(Branch.java:281) 	at java.base/jdk.internal.reflect.NativeMethodAccessorImpl.invoke0(Native Method) 	at java.base/jdk.internal.reflect.NativeMethodAccessorImpl.invoke(NativeMethodAccessorImpl.java:62) 	at java.base/jdk.internal.reflect.DelegatingMethodAccessorImpl.invoke(DelegatingMethodAccessorImpl.java:43) 	at java.base/java.lang.reflect.Method.invoke(Method.java:566) 	at com.sun.javatest.regtest.agent.MainWrapper$MainThread.run(MainWrapper.java:115) 	at java.base/java.lang.Thread.run(Thread.java:834)  JavaTest Message: Test threw exception: java.lang.AssertionError: Some tests failed JavaTest Message: shutting down testjava/util/jar/JarFile/mrjar/MultiReleaseJarAPI.java :|: Whole_run_output1.log :|: STDOUT: Seed from RandomFactory = 602863510113076092L [TestNG] Running:   java/util/jar/JarFile/mrjar/MultiReleaseJarAPI.java  config MultiReleaseJarAPI.initialize(): success test MultiReleaseJarAPI.isMultiReleaseJar(): failure java.lang.AssertionError: expected [false] but found [true] 	at org.testng.Assert.fail(Assert.java:94) 	at org.testng.Assert.failNotEquals(Assert.java:496) 	at org.testng.Assert.assertEquals(Assert.java:125) 	at org.testng.Assert.assertEquals(Assert.java:288) 	at org.testng.Assert.assertEquals(Assert.java:298) 	at MultiReleaseJarAPI.testCustomMultiReleaseValue(MultiReleaseJarAPI.java:146) 	at MultiReleaseJarAPI.testCustomMultiReleaseValue(MultiReleaseJarAPI.java:134) 	at MultiReleaseJarAPI.isMultiReleaseJar(MultiReleaseJarAPI.java:108) 	at java.base/jdk.internal.reflect.NativeMethodAccessorImpl.invoke0(Native Method) 	at java.base/jdk.internal.reflect.NativeMethodAccessorImpl.invoke(NativeMethodAccessorImpl.java:62) 	at java.base/jdk.internal.reflect.DelegatingMethodAccessorImpl.invoke(DelegatingMethodAccessorImpl.java:43) 	at java.base/java.lang.reflect.Method.invoke(Method.java:566) 	at org.testng.internal.MethodInvocationHelper.invokeMethod(MethodInvocationHelper.java:85) 	at org.testng.internal.Invoker.invokeMethod(Invoker.java:639) 	at org.testng.internal.Invoker.invokeTestMethod(Invoker.java:821) 	at org.testng.internal.Invoker.invokeTestMethods(Invoker.java:1131) 	at org.testng.internal.TestMethodWorker.invokeTestMethods(TestMethodWorker.java:125) 	at org.testng.internal.TestMethodWorker.run(TestMethodWorker.java:108) 	at org.testng.TestRunner.privateRun(TestRunner.java:773) 	at org.testng.TestRunner.run(TestRunner.java:623) 	at org.testng.SuiteRunner.runTest(SuiteRunner.java:357) 	at org.testng.SuiteRunner.runSequentially(SuiteRunner.java:352) 	at org.testng.SuiteRunner.privateRun(SuiteRunner.java:310) 	at org.testng.SuiteRunner.run(SuiteRunner.java:259) 	at org.testng.SuiteRunnerWorker.runSuite(SuiteRunnerWorker.java:52) 	at org.testng.SuiteRunnerWorker.run(SuiteRunnerWorker.java:86) 	at org.testng.TestNG.runSuitesSequentially(TestNG.java:1185) 	at org.testng.TestNG.runSuitesLocally(TestNG.java:1110) 	at org.testng.TestNG.run(TestNG.java:1018) 	at com.sun.javatest.regtest.agent.TestNGRunner.main(TestNGRunner.java:94) 	at com.sun.javatest.regtest.agent.TestNGRunner.main(TestNGRunner.java:54) 	at java.base/jdk.internal.reflect.NativeMethodAccessorImpl.invoke0(Native Method) 	at java.base/jdk.internal.reflect.NativeMethodAccessorImpl.invoke(NativeMethodAccessorImpl.java:62) 	at java.base/jdk.internal.reflect.DelegatingMethodAccessorImpl.invoke(DelegatingMethodAccessorImpl.java:43) 	at java.base/java.lang.reflect.Method.invoke(Method.java:566) 	at com.sun.javatest.regtest.agent.MainWrapper$MainThread.run(MainWrapper.java:115) 	at java.base/java.lang.Thread.run(Thread.java:834) test MultiReleaseJarAPI.testAliasing(8, 8): success test MultiReleaseJarAPI.testAliasing(11, 11): success test MultiReleaseJarAPI.testAliasing(java.lang.Runtime$Version@7f54eef8, 11): success test MultiReleaseJarAPI.testAliasing(7.1, 8): success test MultiReleaseJarAPI.testAliasing(9, 9): success test MultiReleaseJarAPI.testAliasing(9.1.5-ea+200, 9): success test MultiReleaseJarAPI.testNames(): success test MultiReleaseJarAPI.testVersioning(8, 8): success test MultiReleaseJarAPI.testVersioning(11, 11): success test MultiReleaseJarAPI.testVersioning(java.lang.Runtime$Version@7f54eef8, 11): success test MultiReleaseJarAPI.testVersioning(7.1, 8): success test MultiReleaseJarAPI.testVersioning(9, 9): success test MultiReleaseJarAPI.testVersioning(9.1.5-ea+200, 9): success config MultiReleaseJarAPI.close(): success  =============================================== java/util/jar/JarFile/mrjar/MultiReleaseJarAPI.java Total tests run: 14, Failures: 1, Skips: 0 ===============================================  STDERR: test aliasing for Release 8 test aliasing for Release 11 test aliasing for Release 11.0.4.0.101+11-feature-preview test aliasing for Release 7.1 test aliasing for Release 9 test aliasing for Release 9.1.5-ea+200 test versioning for Release 8 test versioning for Release 11 test versioning for Release 11.0.4.0.101+11-feature-preview test versioning for Release 7.1 test versioning for Release 9 test versioning for Release 9.1.5-ea+200 java.lang.Exception: failures: 1 	at com.sun.javatest.regtest.agent.TestNGRunner.main(TestNGRunner.java:96) 	at com.sun.javatest.regtest.agent.TestNGRunner.main(TestNGRunner.java:54) 	at java.base/jdk.internal.reflect.NativeMethodAccessorImpl.invoke0(Native Method) 	at java.base/jdk.internal.reflect.NativeMethodAccessorImpl.invoke(NativeMethodAccessorImpl.java:62) 	at java.base/jdk.internal.reflect.DelegatingMethodAccessorImpl.invoke(DelegatingMethodAccessorImpl.java:43) 	at java.base/java.lang.reflect.Method.invoke(Method.java:566) 	at com.sun.javatest.regtest.agent.MainWrapper$MainThread.run(MainWrapper.java:115) 	at java.base/java.lang.Thread.run(Thread.java:834)  JavaTest Message: Test threw exception: java.lang.Exception: failures: 1 JavaTest Message: shutting down testjava/util/TimeZone/TimeZoneTest.java :|: Whole_run_output1.log :|: STDOUT: TimeZoneTest {   TestShortZoneIDs {     Fail: Expected Zone["BET", GMT-3:00, Daylight]; got Zone["BET", GMT-3:00, Standard]     Uncaught exception thrown in test method TestShortZoneIDs STDERR: java.lang.RuntimeException: Uncaught exception thrown in test method TestShortZoneIDs 	at IntlTest.errImpl(IntlTest.java:198) 	at IntlTest.errln(IntlTest.java:185) 	at IntlTest.run(IntlTest.java:126) 	at TimeZoneTest.main(TimeZoneTest.java:43) 	at java.base/jdk.internal.reflect.NativeMethodAccessorImpl.invoke0(Native Method) 	at java.base/jdk.internal.reflect.NativeMethodAccessorImpl.invoke(NativeMethodAccessorImpl.java:62) 	at java.base/jdk.internal.reflect.DelegatingMethodAccessorImpl.invoke(DelegatingMethodAccessorImpl.java:43) 	at java.base/java.lang.reflect.Method.invoke(Method.java:566) 	at com.sun.javatest.regtest.agent.MainWrapper$MainThread.run(MainWrapper.java:115) 	at java.base/java.lang.Thread.run(Thread.java:834)  JavaTest Message: Test threw exception: java.lang.RuntimeException: Uncaught exception thrown in test method TestShortZoneIDs JavaTest Message: shutting down testjdk/internal/platform/cgroup/TestCgroupMetrics.java :|: Whole_run_output1.log :|: STDOUT: STDERR: java.lang.RuntimeException: Test failed for - memory:getMemoryUsage, expected [17228120064], got [17257668608] 	at jdk.test.lib.containers.cgroup.MetricsTester.fail(MetricsTester.java:188) 	at jdk.test.lib.containers.cgroup.MetricsTester.testMemoryUsage(MetricsTester.java:574) 	at TestCgroupMetrics.main(TestCgroupMetrics.java:53) 	at java.base/jdk.internal.reflect.NativeMethodAccessorImpl.invoke0(Native Method) 	at java.base/jdk.internal.reflect.NativeMethodAccessorImpl.invoke(NativeMethodAccessorImpl.java:62) 	at java.base/jdk.internal.reflect.DelegatingMethodAccessorImpl.invoke(DelegatingMethodAccessorImpl.java:43) 	at java.base/java.lang.reflect.Method.invoke(Method.java:566) 	at com.sun.javatest.regtest.agent.MainWrapper$MainThread.run(MainWrapper.java:115) 	at java.base/java.lang.Thread.run(Thread.java:834)  JavaTest Message: Test threw exception: java.lang.RuntimeException: Test failed for - memory:getMemoryUsage, expected [17228120064], got [17257668608] JavaTest Message: shutting down testsun/security/krb5/auto/NonAscii.java :|: Whole_run_output1.log :|: STDOUT: Start KDC on 13518 ----------------------------------------------- >>>>> UDP packet received RABBIT.HOLE> ab?@RABBIT.HOLE sends AS-REQ for krbtgt/RABBIT.HOLE@RABBIT.HOLE, KDCOptions: FORWARDABLE, KrbException: Client not found in Kerberos database (6) - ab?@RABBIT.HOLE 	at KDC.getPassword(KDC.java:619) 	at KDC.keyForUser(KDC.java:704) 	at KDC.processAsReq(KDC.java:1031) 	at KDC.processMessage(KDC.java:741) 	at KDC$1.run(KDC.java:1431)      Error 6 Client not found in Kerberos database >>>>> UDP request honored STDERR: javax.security.auth.login.LoginException: Client not found in Kerberos database (6) - Client not found in Kerberos database 	at jdk.security.auth/com.sun.security.auth.module.Krb5LoginModule.attemptAuthentication(Krb5LoginModule.java:782) 	at jdk.security.auth/com.sun.security.auth.module.Krb5LoginModule.login(Krb5LoginModule.java:592) 	at Context.fromUserPass(Context.java:190) 	at Context.fromUserPass(Context.java:147) 	at NonAscii.main(NonAscii.java:45) 	at java.base/jdk.internal.reflect.NativeMethodAccessorImpl.invoke0(Native Method) 	at java.base/jdk.internal.reflect.NativeMethodAccessorImpl.invoke(NativeMethodAccessorImpl.java:62) 	at java.base/jdk.internal.reflect.DelegatingMethodAccessorImpl.invoke(DelegatingMethodAccessorImpl.java:43) 	at java.base/java.lang.reflect.Method.invoke(Method.java:566) 	at com.sun.javatest.regtest.agent.MainWrapper$MainThread.run(MainWrapper.java:115) 	at java.base/java.lang.Thread.run(Thread.java:834) Caused by: KrbException: Client not found in Kerberos database (6) - Client not found in Kerberos database 	at java.security.jgss/sun.security.krb5.KrbAsRep.<init>(KrbAsRep.java:82) 	at java.security.jgss/sun.security.krb5.KrbAsReqBuilder.send(KrbAsReqBuilder.java:326) 	at java.security.jgss/sun.security.krb5.KrbAsReqBuilder.action(KrbAsReqBuilder.java:371) 	at jdk.security.auth/com.sun.security.auth.module.Krb5LoginModule.attemptAuthentication(Krb5LoginModule.java:744) 	... 10 more Caused by: KrbException: Identifier doesn't match expected value (906) 	at java.security.jgss/sun.security.krb5.internal.KDCRep.init(KDCRep.java:140) 	at java.security.jgss/sun.security.krb5.internal.ASRep.init(ASRep.java:64) 	at java.security.jgss/sun.security.krb5.internal.ASRep.<init>(ASRep.java:59) 	at java.security.jgss/sun.security.krb5.KrbAsRep.<init>(KrbAsRep.java:60) 	... 13 more  JavaTest Message: Test threw exception: javax.security.auth.login.LoginException: Client not found in Kerberos database (6) - Client not found in Kerberos database JavaTest Message: shutting down testsun/security/krb5/auto/SaslUnbound.java :|: Whole_run_output1.log :|: STDOUT: Start KDC on 14412 Callback for name: dummy Callback for pass: bogus ----------------------------------------------- >>>>> UDP packet received RABBIT.HOLE> dummy@RABBIT.HOLE sends AS-REQ for krbtgt/RABBIT.HOLE@RABBIT.HOLE, KDCOptions: FORWARDABLE, KrbException: Additional pre-authentication required (25) 	at KDC.processAsReq(KDC.java:1215) 	at KDC.processMessage(KDC.java:741) 	at KDC$1.run(KDC.java:1431)      Error 25 Additional pre-authentication required >>>>> UDP request honored ----------------------------------------------- >>>>> UDP packet received RABBIT.HOLE> dummy@RABBIT.HOLE sends AS-REQ for krbtgt/RABBIT.HOLE@RABBIT.HOLE, KDCOptions: FORWARDABLE,      Return dummy@RABBIT.HOLE ticket for krbtgt/RABBIT.HOLE@RABBIT.HOLE, flags FORWARDABLE;INITIAL;PRE-AUTHENT >>>>> UDP request honored ----------------------------------------------- >>>>> UDP packet received RABBIT.HOLE> null sends TGS-REQ for server/host.rabbit.hole@RABBIT.HOLE, KDCOptions: FORWARDABLE, RABBIT.HOLE> presenting a ticket of dummy@RABBIT.HOLE to krbtgt/RABBIT.HOLE@RABBIT.HOLE      Return dummy@RABBIT.HOLE ticket for server/host.rabbit.hole@RABBIT.HOLE, flags FORWARDABLE;INITIAL >>>>> UDP request honored STDERR: javax.security.sasl.SaslException: GSS initiate failed [Caused by GSSException: Failure unspecified at GSS-API level (Mechanism level: Invalid argument (400) - Cannot find key of appropriate type to decrypt AP-REQ - AES256 CTS mode with HMAC SHA1-96)] 	at jdk.security.jgss/com.sun.security.sasl.gsskerb.GssKrb5Server.evaluateResponse(GssKrb5Server.java:199) 	at SaslUnbound.main(SaslUnbound.java:104) 	at java.base/jdk.internal.reflect.NativeMethodAccessorImpl.invoke0(Native Method) 	at java.base/jdk.internal.reflect.NativeMethodAccessorImpl.invoke(NativeMethodAccessorImpl.java:62) 	at java.base/jdk.internal.reflect.DelegatingMethodAccessorImpl.invoke(DelegatingMethodAccessorImpl.java:43) 	at java.base/java.lang.reflect.Method.invoke(Method.java:566) 	at com.sun.javatest.regtest.agent.MainWrapper$MainThread.run(MainWrapper.java:115) 	at java.base/java.lang.Thread.run(Thread.java:834) Caused by: GSSException: Failure unspecified at GSS-API level (Mechanism level: Invalid argument (400) - Cannot find key of appropriate type to decrypt AP-REQ - AES256 CTS mode with HMAC SHA1-96) 	at java.security.jgss/sun.security.jgss.krb5.Krb5Context.acceptSecContext(Krb5Context.java:859) 	at java.security.jgss/sun.security.jgss.GSSContextImpl.acceptSecContext(GSSContextImpl.java:361) 	at java.security.jgss/sun.security.jgss.GSSContextImpl.acceptSecContext(GSSContextImpl.java:303) 	at jdk.security.jgss/com.sun.security.sasl.gsskerb.GssKrb5Server.evaluateResponse(GssKrb5Server.java:167) 	... 7 more Caused by: KrbException: Invalid argument (400) - Cannot find key of appropriate type to decrypt AP-REQ - AES256 CTS mode with HMAC SHA1-96 	at java.security.jgss/sun.security.krb5.KrbApReq.authenticate(KrbApReq.java:278) 	at java.security.jgss/sun.security.krb5.KrbApReq.<init>(KrbApReq.java:149) 	at java.security.jgss/sun.security.jgss.krb5.InitSecContextToken.<init>(InitSecContextToken.java:139) 	at java.security.jgss/sun.security.jgss.krb5.Krb5Context.acceptSecContext(Krb5Context.java:832) 	... 10 more  JavaTest Message: Test threw exception: javax.security.sasl.SaslException: GSS initiate failed [Caused by GSSException: Failure unspecified at GSS-API level (Mechanism level: Invalid argument (400) - Cannot find key of appropriate type to decrypt AP-REQ - AES256 CTS mode with HMAC SHA1-96)] JavaTest Message: shutting down testsun/security/krb5/auto/TwoOrThree.java :|: Whole_run_output1.log :|: STDOUT: Start KDC on 10514 ----------------------------------------------- >>>>> UDP packet received RABBIT.HOLE> dummy@RABBIT.HOLE sends AS-REQ for krbtgt/RABBIT.HOLE@RABBIT.HOLE, KDCOptions: FORWARDABLE, KrbException: Additional pre-authentication required (25) 	at KDC.processAsReq(KDC.java:1215) 	at KDC.processMessage(KDC.java:741) 	at KDC$1.run(KDC.java:1431)      Error 25 Additional pre-authentication required >>>>> UDP request honored ----------------------------------------------- >>>>> UDP packet received RABBIT.HOLE> dummy@RABBIT.HOLE sends AS-REQ for krbtgt/RABBIT.HOLE@RABBIT.HOLE, KDCOptions: FORWARDABLE,      Return dummy@RABBIT.HOLE ticket for krbtgt/RABBIT.HOLE@RABBIT.HOLE, flags FORWARDABLE;INITIAL;PRE-AUTHENT >>>>> UDP request honored dummy call initSecContext ----------------------------------------------- >>>>> UDP packet received RABBIT.HOLE> null sends TGS-REQ for third@RABBIT.HOLE, KDCOptions: FORWARDABLE, RABBIT.HOLE> presenting a ticket of dummy@RABBIT.HOLE to krbtgt/RABBIT.HOLE@RABBIT.HOLE      Return dummy@RABBIT.HOLE ticket for third@RABBIT.HOLE, flags FORWARDABLE;INITIAL >>>>> UDP request honored second call acceptSecContext STDERR: GSSException: Failure unspecified at GSS-API level (Mechanism level: Checksum failed) 	at java.security.jgss/sun.security.jgss.krb5.Krb5Context.acceptSecContext(Krb5Context.java:859) 	at java.security.jgss/sun.security.jgss.GSSContextImpl.acceptSecContext(GSSContextImpl.java:361) 	at java.security.jgss/sun.security.jgss.GSSContextImpl.acceptSecContext(GSSContextImpl.java:303) 	at Context$11.run(Context.java:661) 	at Context$5.run(Context.java:346) 	at Context$5.run(Context.java:342) 	at java.base/java.security.AccessController.doPrivileged(Native Method) 	at java.base/javax.security.auth.Subject.doAs(Subject.java:423) 	at Context.doAs(Context.java:342) 	at Context.take(Context.java:645) 	at Context.handshake(Context.java:704) 	at TwoOrThree.main(TwoOrThree.java:71) 	at java.base/jdk.internal.reflect.NativeMethodAccessorImpl.invoke0(Native Method) 	at java.base/jdk.internal.reflect.NativeMethodAccessorImpl.invoke(NativeMethodAccessorImpl.java:62) 	at java.base/jdk.internal.reflect.DelegatingMethodAccessorImpl.invoke(DelegatingMethodAccessorImpl.java:43) 	at java.base/java.lang.reflect.Method.invoke(Method.java:566) 	at com.sun.javatest.regtest.agent.MainWrapper$MainThread.run(MainWrapper.java:115) 	at java.base/java.lang.Thread.run(Thread.java:834) Caused by: KrbException: Checksum failed 	at java.security.jgss/sun.security.krb5.internal.crypto.Aes256CtsHmacSha1EType.decrypt(Aes256CtsHmacSha1EType.java:102) 	at java.security.jgss/sun.security.krb5.internal.crypto.Aes256CtsHmacSha1EType.decrypt(Aes256CtsHmacSha1EType.java:94) 	at java.security.jgss/sun.security.krb5.EncryptedData.decrypt(EncryptedData.java:180) 	at java.security.jgss/sun.security.krb5.KrbApReq.authenticate(KrbApReq.java:281) 	at java.security.jgss/sun.security.krb5.KrbApReq.<init>(KrbApReq.java:149) 	at java.security.jgss/sun.security.jgss.krb5.InitSecContextToken.<init>(InitSecContextToken.java:139) 	at java.security.jgss/sun.security.jgss.krb5.Krb5Context.acceptSecContext(Krb5Context.java:832) 	... 17 more Caused by: java.security.GeneralSecurityException: Checksum failed 	at java.security.jgss/sun.security.krb5.internal.crypto.dk.AesDkCrypto.decryptCTS(AesDkCrypto.java:451) 	at java.security.jgss/sun.security.krb5.internal.crypto.dk.AesDkCrypto.decrypt(AesDkCrypto.java:272) 	at java.security.jgss/sun.security.krb5.internal.crypto.Aes256.decrypt(Aes256.java:76) 	at java.security.jgss/sun.security.krb5.internal.crypto.Aes256CtsHmacSha1EType.decrypt(Aes256CtsHmacSha1EType.java:100) 	... 23 more  JavaTest Message: Test threw exception: GSSException: Failure unspecified at GSS-API level (Mechanism level: Checksum failed) JavaTest Message: shutting down testsun/security/krb5/auto/UnboundService.java :|: Whole_run_output1.log :|: STDOUT: Start KDC on 8071 Callback for name: dummy Callback for pass: bogus ----------------------------------------------- >>>>> UDP packet received RABBIT.HOLE> dummy@RABBIT.HOLE sends AS-REQ for krbtgt/RABBIT.HOLE@RABBIT.HOLE, KDCOptions: FORWARDABLE, KrbException: Additional pre-authentication required (25) 	at KDC.processAsReq(KDC.java:1215) 	at KDC.processMessage(KDC.java:741) 	at KDC$1.run(KDC.java:1431)      Error 25 Additional pre-authentication required >>>>> UDP request honored ----------------------------------------------- >>>>> UDP packet received RABBIT.HOLE> dummy@RABBIT.HOLE sends AS-REQ for krbtgt/RABBIT.HOLE@RABBIT.HOLE, KDCOptions: FORWARDABLE,      Return dummy@RABBIT.HOLE ticket for krbtgt/RABBIT.HOLE@RABBIT.HOLE, flags FORWARDABLE;INITIAL;PRE-AUTHENT >>>>> UDP request honored STDERR: GSSException: No valid credentials provided (Mechanism level: Failed to find any Kerberos credentials) 	at java.security.jgss/sun.security.jgss.krb5.Krb5AcceptCredential.getInstance(Krb5AcceptCredential.java:87) 	at java.security.jgss/sun.security.jgss.krb5.Krb5MechFactory.getCredentialElement(Krb5MechFactory.java:133) 	at java.security.jgss/sun.security.jgss.GSSManagerImpl.getCredentialElement(GSSManagerImpl.java:187) 	at java.security.jgss/sun.security.jgss.GSSCredentialImpl.add(GSSCredentialImpl.java:439) 	at java.security.jgss/sun.security.jgss.GSSCredentialImpl.<init>(GSSCredentialImpl.java:74) 	at java.security.jgss/sun.security.jgss.GSSManagerImpl.createCredential(GSSManagerImpl.java:148) 	at Context$4.run(Context.java:278) 	at Context$5.run(Context.java:346) 	at Context$5.run(Context.java:342) 	at java.base/java.security.AccessController.doPrivileged(Native Method) 	at java.base/javax.security.auth.Subject.doAs(Subject.java:423) 	at Context.doAs(Context.java:342) 	at Context.startAsServer(Context.java:274) 	at Context.startAsServer(Context.java:265) 	at UnboundService.main(UnboundService.java:87) 	at java.base/jdk.internal.reflect.NativeMethodAccessorImpl.invoke0(Native Method) 	at java.base/jdk.internal.reflect.NativeMethodAccessorImpl.invoke(NativeMethodAccessorImpl.java:62) 	at java.base/jdk.internal.reflect.DelegatingMethodAccessorImpl.invoke(DelegatingMethodAccessorImpl.java:43) 	at java.base/java.lang.reflect.Method.invoke(Method.java:566) 	at com.sun.javatest.regtest.agent.MainWrapper$MainThread.run(MainWrapper.java:115) 	at java.base/java.lang.Thread.run(Thread.java:834)  JavaTest Message: Test threw exception: GSSException: No valid credentials provided (Mechanism level: Failed to find any Kerberos credentials) JavaTest Message: shutting down testtools/javac/diags/CheckExamples.java :|: Whole_run_output1.log :|: STDOUT: STDERR: Error: Key compiler.err.proc.cant.load.class is declared in resource bundle but is not in tests or not-yet list 583 examples checked 186 keys on not-yet list  prefix          #keys in tests  #keys in javac    % compiler.err.              337             422  79% compiler.warn.              88             113  77% compiler.note.              29              31  93% compiler.misc.             182             257  70% other                        0               0 total                      636             823  77% java.lang.Exception: 1 errors occurred. 	at CheckExamples.run(CheckExamples.java:153) 	at CheckExamples.main(CheckExamples.java:78) 	at java.base/jdk.internal.reflect.NativeMethodAccessorImpl.invoke0(Native Method) 	at java.base/jdk.internal.reflect.NativeMethodAccessorImpl.invoke(NativeMethodAccessorImpl.java:62) 	at java.base/jdk.internal.reflect.DelegatingMethodAccessorImpl.invoke(DelegatingMethodAccessorImpl.java:43) 	at java.base/java.lang.reflect.Method.invoke(Method.java:566) 	at com.sun.javatest.regtest.agent.MainWrapper$MainThread.run(MainWrapper.java:115) 	at java.base/java.lang.Thread.run(Thread.java:834)  JavaTest Message: Test threw exception: java.lang.Exception: 1 errors occurred. JavaTest Message: shutting down testtools/javac/generics/T5094318.java :|: Whole_run_output1.log :|: STDOUT: You gave me an array of ints STDERR: java.lang.RuntimeException 	at T5094318.method(T5094318.java:38) 	at T5094318.main(T5094318.java:47) 	at java.base/jdk.internal.reflect.NativeMethodAccessorImpl.invoke0(Native Method) 	at java.base/jdk.internal.reflect.NativeMethodAccessorImpl.invoke(NativeMethodAccessorImpl.java:62) 	at java.base/jdk.internal.reflect.DelegatingMethodAccessorImpl.invoke(DelegatingMethodAccessorImpl.java:43) 	at java.base/java.lang.reflect.Method.invoke(Method.java:566) 	at com.sun.javatest.regtest.agent.MainWrapper$MainThread.run(MainWrapper.java:115) 	at java.base/java.lang.Thread.run(Thread.java:834)  JavaTest Message: Test threw exception: java.lang.RuntimeException JavaTest Message: shutting down testtools/javac/NullQualifiedNew.java :|: Whole_run_output1.log :|: STDOUT: STDERR: java.lang.NullPointerException 	at java.base/java.util.Objects.requireNonNull(Objects.java:221) 	at NullQualifiedNew.main(NullQualifiedNew.java:44) 	at java.base/jdk.internal.reflect.NativeMethodAccessorImpl.invoke0(Native Method) 	at java.base/jdk.internal.reflect.NativeMethodAccessorImpl.invoke(NativeMethodAccessorImpl.java:62) 	at java.base/jdk.internal.reflect.DelegatingMethodAccessorImpl.invoke(DelegatingMethodAccessorImpl.java:43) 	at java.base/java.lang.reflect.Method.invoke(Method.java:566) 	at com.sun.javatest.regtest.agent.MainWrapper$MainThread.run(MainWrapper.java:115) 	at java.base/java.lang.Thread.run(Thread.java:834)  JavaTest Message: Test threw exception: java.lang.NullPointerException JavaTest Message: shutting down testtools/javac/NullQualifiedSuper2.java :|: Whole_run_output1.log :|: STDOUT: STDERR: java.lang.NullPointerException 	at java.base/java.util.Objects.requireNonNull(Objects.java:221) 	at NullQualifiedSuper2$c.<init>(NullQualifiedSuper2.java:40) 	at NullQualifiedSuper2.main(NullQualifiedSuper2.java:44) 	at java.base/jdk.internal.reflect.NativeMethodAccessorImpl.invoke0(Native Method) 	at java.base/jdk.internal.reflect.NativeMethodAccessorImpl.invoke(NativeMethodAccessorImpl.java:62) 	at java.base/jdk.internal.reflect.DelegatingMethodAccessorImpl.invoke(DelegatingMethodAccessorImpl.java:43) 	at java.base/java.lang.reflect.Method.invoke(Method.java:566) 	at com.sun.javatest.regtest.agent.MainWrapper$MainThread.run(MainWrapper.java:115) 	at java.base/java.lang.Thread.run(Thread.java:834)  JavaTest Message: Test threw exception: java.lang.NullPointerException JavaTest Message: shutting down testtools/javadoc/api/basic/GetTask_FileManagerTest.java :|: Whole_run_output1.log :|: STDOUT: STDERR: test: testFileManager Loading source file /pkg/C.java... [parsing started WrappedJavaFileObject[APITest$1[myfo:///pkg/C.java]]] [parsing completed 68ms] [loading /modules/jdk.scripting.nashorn/module-info.class] [loading /modules/jdk.sctp/module-info.class] [loading /modules/jdk.jconsole/module-info.class] [loading /modules/java.sql.rowset/module-info.class] [loading /modules/jdk.pack/module-info.class] [loading /modules/jdk.javadoc/module-info.class] [loading /modules/azul.tools/module-info.class] [loading /modules/java.security.sasl/module-info.class] [loading /modules/jdk.jfr/module-info.class] [loading /modules/java.naming/module-info.class] [loading /modules/java.base/module-info.class] [loading /modules/java.logging/module-info.class] [loading /modules/jdk.jstatd/module-info.class] [loading /modules/jdk.httpserver/module-info.class] [loading /modules/jdk.editpad/module-info.class] [loading /modules/jdk.naming.rmi/module-info.class] [loading /modules/jdk.zipfs/module-info.class] [loading /modules/java.xml/module-info.class] [loading /modules/java.sql/module-info.class] [loading /modules/jdk.unsupported.desktop/module-info.class] [loading /modules/jdk.rmic/module-info.class] [loading /modules/jdk.jsobject/module-info.class] [loading /modules/jdk.charsets/module-info.class] [loading /modules/jdk.scripting.nashorn.shell/module-info.class] [loading /modules/jdk.internal.jvmstat/module-info.class] [loading /modules/jdk.internal.opt/module-info.class] [loading /modules/jdk.xml.dom/module-info.class] [loading /modules/jdk.internal.le/module-info.class] [loading /modules/jdk.unsupported/module-info.class] [loading /modules/java.se/module-info.class] [loading /modules/java.net.http/module-info.class] [loading /modules/jdk.management.jfr/module-info.class] [loading /modules/jdk.crypto.ec/module-info.class] [loading /modules/jdk.compiler/module-info.class] [loading /modules/jdk.attach/module-info.class] [loading /modules/jdk.naming.dns/module-info.class] [loading /modules/jdk.accessibility/module-info.class] [loading /modules/jdk.jlink/module-info.class] [loading /modules/java.security.jgss/module-info.class] [loading /modules/java.management/module-info.class] [loading /modules/jdk.jdeps/module-info.class] [loading /modules/jdk.internal.ed/module-info.class] [loading /modules/java.xml.crypto/module-info.class] [loading /modules/jdk.jartool/module-info.class] [loading /modules/jdk.jshell/module-info.class] [loading /modules/jdk.localedata/module-info.class] [loading /modules/jdk.security.jgss/module-info.class] [loading /modules/jdk.jdi/module-info.class] [loading /modules/jdk.management.agent/module-info.class] [loading /modules/java.prefs/module-info.class] [loading /modules/jdk.management/module-info.class] [loading /modules/java.scripting/module-info.class] [loading /modules/java.compiler/module-info.class] [loading /modules/java.smartcardio/module-info.class] [loading /modules/java.instrument/module-info.class] [loading /modules/jdk.jcmd/module-info.class] [loading /modules/jdk.jdwp.agent/module-info.class] [loading /modules/java.rmi/module-info.class] [loading /modules/jdk.net/module-info.class] [loading /modules/java.management.rmi/module-info.class] [loading /modules/jdk.crypto.cryptoki/module-info.class] [loading /modules/jdk.security.auth/module-info.class] [loading /modules/java.desktop/module-info.class] [loading /modules/java.datatransfer/module-info.class] [loading /modules/java.transaction.xa/module-info.class] [loading /modules/jdk.dynalink/module-info.class] Constructing Javadoc information... [search path for source files: /home/test_results/zvm-dev-2946/cycle_silver_unittests/68/pulse.0/JTREG_Parallel_Mode_cthulhu/parallel_run/parallel_jtreg_run/test_langtools/classes/18/tools/javadoc/api/basic/GetTask_FileManagerTest.d,/home/sqatest/automation/CycleBToE/JTReg/test/langtools/tools/javadoc/api/basic,/home/sqatest/prajwal/JT/jtreg/lib/javatest.jar,/home/sqatest/prajwal/JT/jtreg/lib/jtreg.jar,/home/sqatest/prajwal/JT/jtreg/lib/asmtools.jar] [search path for class files: /home/buildmaster/nightly/ZVM/dev/in_progress/zvm-dev-2946/sandbox/azlinux/jdk11/x86_64/optimized/lib/modules,/home/test_results/zvm-dev-2946/cycle_silver_unittests/68/pulse.0/JTREG_Parallel_Mode_cthulhu/parallel_run/parallel_jtreg_run/test_langtools/classes/18/tools/javadoc/api/basic/GetTask_FileManagerTest.d,/home/sqatest/automation/CycleBToE/JTReg/test/langtools/tools/javadoc/api/basic,/home/sqatest/prajwal/JT/jtreg/lib/javatest.jar,/home/sqatest/prajwal/JT/jtreg/lib/jtreg.jar,/home/sqatest/prajwal/JT/jtreg/lib/asmtools.jar] [loading /modules/java.base/java/lang/Object.class] [loading /modules/java.base/java/lang/Deprecated.class] [loading /modules/java.base/java/lang/annotation/Retention.class] [loading /modules/java.base/java/lang/annotation/RetentionPolicy.class] [loading /modules/java.base/java/lang/annotation/Target.class] [loading /modules/java.base/java/lang/annotation/ElementType.class] [loading /modules/java.base/java/lang/Error.class] [loading /modules/java.base/java/lang/Exception.class] Standard Doclet version 11.0.4.0.101 Building tree for all the packages and classes... Generating testFileManager/pkg/C.html... [loading /modules/java.base/java/io/Serializable.class] Generating testFileManager/pkg/package-summary.html... Generating testFileManager/pkg/package-tree.html... Generating testFileManager/constant-values.html... Building index for all the packages and classes... Generating testFileManager/overview-tree.html... Generating testFileManager/index-all.html... Building index for all classes... Generating testFileManager/allclasses-index.html... Generating testFileManager/allpackages-index.html... Generating testFileManager/deprecated-list.html... Building index for all classes... Generating testFileManager/allclasses.html... Generating testFileManager/allclasses.html... Generating testFileManager/index.html... Generating testFileManager/help-doc.html... [done in 1853 ms] task succeeded Error: the following files were not found in testFileManager: [jquery/images/ui-bg_flat_0_aaaaaa_40x100.png, jquery/images/ui-bg_flat_75_ffffff_40x100.png, jquery/images/ui-bg_glass_65_ffffff_1x400.png] Error: the following unexpected files were found in testFileManager: [jquery/images/ui-bg_glass_65_dadada_1x400.png]  test: testBadFileManager Loading source file /pkg/C.java... Constructing Javadoc information... exception caught as expected: GetTask_FileManagerTest$UnexpectedError  2 tests, 2 errors java.lang.Exception: 2 errors found 	at APITest.run(APITest.java:85) 	at GetTask_FileManagerTest.main(GetTask_FileManagerTest.java:57) 	at java.base/jdk.internal.reflect.NativeMethodAccessorImpl.invoke0(Native Method) 	at java.base/jdk.internal.reflect.NativeMethodAccessorImpl.invoke(NativeMethodAccessorImpl.java:62) 	at java.base/jdk.internal.reflect.DelegatingMethodAccessorImpl.invoke(DelegatingMethodAccessorImpl.java:43) 	at java.base/java.lang.reflect.Method.invoke(Method.java:566) 	at com.sun.javatest.regtest.agent.MainWrapper$MainThread.run(MainWrapper.java:115) 	at java.base/java.lang.Thread.run(Thread.java:834)  JavaTest Message: Test threw exception: java.lang.Exception: 2 errors found JavaTest Message: shutting down testtools/javadoc/api/basic/GetTask_FileObjectsTest.java :|: Whole_run_output1.log :|: STDOUT: STDERR: test: testStandardFileObject Loading source file /home/sqatest/automation/CycleBToE/JTReg/test/langtools/tools/javadoc/api/basic/pkg/C.java... Constructing Javadoc information... Standard Doclet version 11.0.4.0.101 Building tree for all the packages and classes... Generating testStandardFileObject/pkg/C.html... Generating testStandardFileObject/pkg/package-summary.html... Generating testStandardFileObject/pkg/package-tree.html... Generating testStandardFileObject/constant-values.html... Building index for all the packages and classes... Generating testStandardFileObject/overview-tree.html... Generating testStandardFileObject/index-all.html... Building index for all classes... Generating testStandardFileObject/allclasses-index.html... Generating testStandardFileObject/allpackages-index.html... Generating testStandardFileObject/deprecated-list.html... Building index for all classes... Generating testStandardFileObject/allclasses.html... Generating testStandardFileObject/allclasses.html... Generating testStandardFileObject/index.html... Generating testStandardFileObject/help-doc.html... task succeeded Error: the following files were not found in testStandardFileObject: [jquery/images/ui-bg_flat_0_aaaaaa_40x100.png, jquery/images/ui-bg_flat_75_ffffff_40x100.png, jquery/images/ui-bg_glass_65_ffffff_1x400.png] Error: the following unexpected files were found in testStandardFileObject: [jquery/images/ui-bg_glass_65_dadada_1x400.png]  test: testMemoryFileObject Loading source file /pkg/C.java... Constructing Javadoc information... Standard Doclet version 11.0.4.0.101 Building tree for all the packages and classes... Generating testMemoryFileObject/pkg/C.html... Generating testMemoryFileObject/pkg/package-summary.html... Generating testMemoryFileObject/pkg/package-tree.html... Generating testMemoryFileObject/constant-values.html... Building index for all the packages and classes... Generating testMemoryFileObject/overview-tree.html... Generating testMemoryFileObject/index-all.html... Building index for all classes... Generating testMemoryFileObject/allclasses-index.html... Generating testMemoryFileObject/allpackages-index.html... Generating testMemoryFileObject/deprecated-list.html... Building index for all classes... Generating testMemoryFileObject/allclasses.html... Generating testMemoryFileObject/allclasses.html... Generating testMemoryFileObject/index.html... Generating testMemoryFileObject/help-doc.html... task succeeded Error: the following files were not found in testMemoryFileObject: [jquery/images/ui-bg_flat_0_aaaaaa_40x100.png, jquery/images/ui-bg_flat_75_ffffff_40x100.png, jquery/images/ui-bg_glass_65_ffffff_1x400.png] Error: the following unexpected files were found in testMemoryFileObject: [jquery/images/ui-bg_glass_65_dadada_1x400.png]  test: testBadFileObject exception caught as expected: java.lang.IllegalArgumentException: All compilation units must be of SOURCE kind  test: testNull exception caught as expected: java.lang.NullPointerException  4 tests, 4 errors java.lang.Exception: 4 errors found 	at APITest.run(APITest.java:85) 	at GetTask_FileObjectsTest.main(GetTask_FileObjectsTest.java:47) 	at java.base/jdk.internal.reflect.NativeMethodAccessorImpl.invoke0(Native Method) 	at java.base/jdk.internal.reflect.NativeMethodAccessorImpl.invoke(NativeMethodAccessorImpl.java:62) 	at java.base/jdk.internal.reflect.DelegatingMethodAccessorImpl.invoke(DelegatingMethodAccessorImpl.java:43) 	at java.base/java.lang.reflect.Method.invoke(Method.java:566) 	at com.sun.javatest.regtest.agent.MainWrapper$MainThread.run(MainWrapper.java:115) 	at java.base/java.lang.Thread.run(Thread.java:834)  JavaTest Message: Test threw exception: java.lang.Exception: 4 errors found JavaTest Message: shutting down testtools/javadoc/api/basic/GetTask_WriterTest.java :|: Whole_run_output1.log :|: STDOUT: STDERR: test: testWriter task succeeded Error: the following files were not found in testWriter: [jquery/images/ui-bg_flat_0_aaaaaa_40x100.png, jquery/images/ui-bg_flat_75_ffffff_40x100.png, jquery/images/ui-bg_glass_65_ffffff_1x400.png] Error: the following unexpected files were found in testWriter: [jquery/images/ui-bg_glass_65_dadada_1x400.png] >>Loading source file /pkg/C.java... Constructing Javadoc information... Standard Doclet version 11.0.4.0.101 Building tree for all the packages and classes... Generating testWriter/pkg/C.html... Generating testWriter/pkg/package-summary.html... Generating testWriter/pkg/package-tree.html... Generating testWriter/constant-values.html... Building index for all the packages and classes... Generating testWriter/overview-tree.html... Generating testWriter/index-all.html... Building index for all classes... Generating testWriter/allclasses-index.html... Generating testWriter/allpackages-index.html... Generating testWriter/deprecated-list.html... Building index for all classes... Generating testWriter/allclasses.html... Generating testWriter/allclasses.html... Generating testWriter/index.html... Generating testWriter/help-doc.html... <<  2 errors java.lang.Exception: 2 errors found 	at APITest.run(APITest.java:85) 	at GetTask_WriterTest.main(GetTask_WriterTest.java:49) 	at java.base/jdk.internal.reflect.NativeMethodAccessorImpl.invoke0(Native Method) 	at java.base/jdk.internal.reflect.NativeMethodAccessorImpl.invoke(NativeMethodAccessorImpl.java:62) 	at java.base/jdk.internal.reflect.DelegatingMethodAccessorImpl.invoke(DelegatingMethodAccessorImpl.java:43) 	at java.base/java.lang.reflect.Method.invoke(Method.java:566) 	at com.sun.javatest.regtest.agent.MainWrapper$MainThread.run(MainWrapper.java:115) 	at java.base/java.lang.Thread.run(Thread.java:834)  JavaTest Message: Test threw exception: java.lang.Exception: 2 errors found JavaTest Message: shutting down testvmTestbase/gc/memory/Nio/Nio.java :|: Whole_run_output4.log :|: STDOUT: Allocating all the direct memory: 52428800 ... success Try to dump heap to heapDump.hprof file.. Done STDERR: Used heap before: 81317888 Used heap after : 133758976 gc.memory.Nio.Nio$Fault: Allocating direct memory should not eat non the heap! 	at gc.memory.Nio.Nio.checkHeapIsNotAffected(Nio.java:178) 	at gc.memory.Nio.Nio.run(Nio.java:86) 	at gc.memory.Nio.Nio.main(Nio.java:62) 	at java.base/jdk.internal.reflect.NativeMethodAccessorImpl.invoke0(Native Method) 	at java.base/jdk.internal.reflect.NativeMethodAccessorImpl.invoke(NativeMethodAccessorImpl.java:62) 	at java.base/jdk.internal.reflect.DelegatingMethodAccessorImpl.invoke(DelegatingMethodAccessorImpl.java:43) 	at java.base/java.lang.reflect.Method.invoke(Method.java:566) 	at com.sun.javatest.regtest.agent.MainWrapper$MainThread.run(MainWrapper.java:115) 	at java.base/java.lang.Thread.run(Thread.java:834)  JavaTest Message: Test threw exception: gc.memory.Nio.Nio$Fault: Allocating direct memory should not eat non the heap! JavaTest Message: shutting down testcom/sun/crypto/provider/Cipher/PBE/PKCS12Cipher.java :|: Whole_run_output4.log :|: STDOUT: Testing provider SunJCE... STDERR: javax.crypto.BadPaddingException: Given final block not properly padded. Such issues can arise if a bad key is used during decryption. 	at java.base/com.sun.crypto.provider.CipherCore.unpad(CipherCore.java:975) 	at java.base/com.sun.crypto.provider.CipherCore.fillOutputBuffer(CipherCore.java:1056) 	at java.base/com.sun.crypto.provider.CipherCore.doFinal(CipherCore.java:853) 	at java.base/com.sun.crypto.provider.PKCS12PBECipherCore.implDoFinal(PKCS12PBECipherCore.java:408) 	at java.base/com.sun.crypto.provider.PKCS12PBECipherCore$PBEWithSHA1AndDESede.engineDoFinal(PKCS12PBECipherCore.java:440) 	at java.base/javax.crypto.Cipher.doFinal(Cipher.java:2202) 	at PKCS12Cipher.runTest(PKCS12Cipher.java:74) 	at PKCS12Cipher.main(PKCS12Cipher.java:89) 	at java.base/jdk.internal.reflect.NativeMethodAccessorImpl.invoke0(Native Method) 	at java.base/jdk.internal.reflect.NativeMethodAccessorImpl.invoke(NativeMethodAccessorImpl.java:62) 	at java.base/jdk.internal.reflect.DelegatingMethodAccessorImpl.invoke(DelegatingMethodAccessorImpl.java:43) 	at java.base/java.lang.reflect.Method.invoke(Method.java:566) 	at com.sun.javatest.regtest.agent.MainWrapper$MainThread.run(MainWrapper.java:115) 	at java.base/java.lang.Thread.run(Thread.java:834)  JavaTest Message: Test threw exception: javax.crypto.BadPaddingException: Given final block not properly padded. Such issues can arise if a bad key is used during decryption. JavaTest Message: shutting down testcom/sun/nio/sctp/SctpMultiChannel/Branch.java :|: Whole_run_output4.log :|: STDOUT: Server started and listening on /fe80:0:0:0:e9f3:b3bf:2846:7391%2:60890 sending to /fe80:0:0:0:e9f3:b3bf:2846:7391%2:60890 on stream number: 0 sending small message: java.nio.HeapByteBuffer[pos=0 lim=71 cap=32768] AssociationChangeNotification Server: echoing first message   Association: sun.nio.ch.sctp.AssociationImpl@21b75d7[associationID:4945, maxIn:10, maxOut:10]   Event: COMM_UP Compare failed, byte array length != to buffer remaining  Passed = 15, failed = 5  STDERR: java.net.SocketException: Invalid argument 	at jdk.sctp/sun.nio.ch.sctp.SctpChannelImpl.send0(Native Method) 	at jdk.sctp/sun.nio.ch.sctp.SctpMultiChannelImpl.send0(SctpMultiChannelImpl.java:991) 	at jdk.sctp/sun.nio.ch.sctp.SctpMultiChannelImpl.sendFromNativeBuffer(SctpMultiChannelImpl.java:902) 	at jdk.sctp/sun.nio.ch.sctp.SctpMultiChannelImpl.send(SctpMultiChannelImpl.java:854) 	at jdk.sctp/sun.nio.ch.sctp.SctpMultiChannelImpl.send(SctpMultiChannelImpl.java:831) 	at Branch$Server.run(Branch.java:213) 	at java.base/java.lang.Thread.run(Thread.java:834) message not sent on the correct stream java.lang.Exception: Stack trace 	at java.base/java.lang.Thread.dumpStack(Thread.java:1387) 	at Branch.fail(Branch.java:272) 	at Branch.fail(Branch.java:273) 	at Branch.check(Branch.java:276) 	at Branch.doTest(Branch.java:138) 	at Branch.test(Branch.java:88) 	at Branch.instanceMain(Branch.java:284) 	at java.base/jdk.internal.reflect.NativeMethodAccessorImpl.invoke0(Native Method) 	at java.base/jdk.internal.reflect.NativeMethodAccessorImpl.invoke(NativeMethodAccessorImpl.java:62) 	at java.base/jdk.internal.reflect.DelegatingMethodAccessorImpl.invoke(DelegatingMethodAccessorImpl.java:43) 	at java.base/java.lang.reflect.Method.invoke(Method.java:566) 	at Branch.main(Branch.java:281) 	at java.base/jdk.internal.reflect.NativeMethodAccessorImpl.invoke0(Native Method) 	at java.base/jdk.internal.reflect.NativeMethodAccessorImpl.invoke(NativeMethodAccessorImpl.java:62) 	at java.base/jdk.internal.reflect.DelegatingMethodAccessorImpl.invoke(DelegatingMethodAccessorImpl.java:43) 	at java.base/java.lang.reflect.Method.invoke(Method.java:566) 	at com.sun.javatest.regtest.agent.MainWrapper$MainThread.run(MainWrapper.java:115) 	at java.base/java.lang.Thread.run(Thread.java:834) bytes received not equal to message length java.lang.Exception: Stack trace 	at java.base/java.lang.Thread.dumpStack(Thread.java:1387) 	at Branch.fail(Branch.java:272) 	at Branch.fail(Branch.java:273) 	at Branch.check(Branch.java:276) 	at Branch.doTest(Branch.java:140) 	at Branch.test(Branch.java:88) 	at Branch.instanceMain(Branch.java:284) 	at java.base/jdk.internal.reflect.NativeMethodAccessorImpl.invoke0(Native Method) 	at java.base/jdk.internal.reflect.NativeMethodAccessorImpl.invoke(NativeMethodAccessorImpl.java:62) 	at java.base/jdk.internal.reflect.DelegatingMethodAccessorImpl.invoke(DelegatingMethodAccessorImpl.java:43) 	at java.base/java.lang.reflect.Method.invoke(Method.java:566) 	at Branch.main(Branch.java:281) 	at java.base/jdk.internal.reflect.NativeMethodAccessorImpl.invoke0(Native Method) 	at java.base/jdk.internal.reflect.NativeMethodAccessorImpl.invoke(NativeMethodAccessorImpl.java:62) 	at java.base/jdk.internal.reflect.DelegatingMethodAccessorImpl.invoke(DelegatingMethodAccessorImpl.java:43) 	at java.base/java.lang.reflect.Method.invoke(Method.java:566) 	at com.sun.javatest.regtest.agent.MainWrapper$MainThread.run(MainWrapper.java:115) 	at java.base/java.lang.Thread.run(Thread.java:834) bytes != remaining java.lang.Exception: Stack trace 	at java.base/java.lang.Thread.dumpStack(Thread.java:1387) 	at Branch.fail(Branch.java:272) 	at Branch.fail(Branch.java:273) 	at Branch.check(Branch.java:276) 	at Branch.doTest(Branch.java:142) 	at Branch.test(Branch.java:88) 	at Branch.instanceMain(Branch.java:284) 	at java.base/jdk.internal.reflect.NativeMethodAccessorImpl.invoke0(Native Method) 	at java.base/jdk.internal.reflect.NativeMethodAccessorImpl.invoke(NativeMethodAccessorImpl.java:62) 	at java.base/jdk.internal.reflect.DelegatingMethodAccessorImpl.invoke(DelegatingMethodAccessorImpl.java:43) 	at java.base/java.lang.reflect.Method.invoke(Method.java:566) 	at Branch.main(Branch.java:281) 	at java.base/jdk.internal.reflect.NativeMethodAccessorImpl.invoke0(Native Method) 	at java.base/jdk.internal.reflect.NativeMethodAccessorImpl.invoke(NativeMethodAccessorImpl.java:62) 	at java.base/jdk.internal.reflect.DelegatingMethodAccessorImpl.invoke(DelegatingMethodAccessorImpl.java:43) 	at java.base/java.lang.reflect.Method.invoke(Method.java:566) 	at com.sun.javatest.regtest.agent.MainWrapper$MainThread.run(MainWrapper.java:115) 	at java.base/java.lang.Thread.run(Thread.java:834) received message not the same as sent message java.lang.Exception: Stack trace 	at java.base/java.lang.Thread.dumpStack(Thread.java:1387) 	at Branch.fail(Branch.java:272) 	at Branch.fail(Branch.java:273) 	at Branch.check(Branch.java:276) 	at Branch.doTest(Branch.java:143) 	at Branch.test(Branch.java:88) 	at Branch.instanceMain(Branch.java:284) 	at java.base/jdk.internal.reflect.NativeMethodAccessorImpl.invoke0(Native Method) 	at java.base/jdk.internal.reflect.NativeMethodAccessorImpl.invoke(NativeMethodAccessorImpl.java:62) 	at java.base/jdk.internal.reflect.DelegatingMethodAccessorImpl.invoke(DelegatingMethodAccessorImpl.java:43) 	at java.base/java.lang.reflect.Method.invoke(Method.java:566) 	at Branch.main(Branch.java:281) 	at java.base/jdk.internal.reflect.NativeMethodAccessorImpl.invoke0(Native Method) 	at java.base/jdk.internal.reflect.NativeMethodAccessorImpl.invoke(NativeMethodAccessorImpl.java:62) 	at java.base/jdk.internal.reflect.DelegatingMethodAccessorImpl.invoke(DelegatingMethodAccessorImpl.java:43) 	at java.base/java.lang.reflect.Method.invoke(Method.java:566) 	at com.sun.javatest.regtest.agent.MainWrapper$MainThread.run(MainWrapper.java:115) 	at java.base/java.lang.Thread.run(Thread.java:834) java.lang.AssertionError: Some tests failed 	at Branch.instanceMain(Branch.java:286) 	at java.base/jdk.internal.reflect.NativeMethodAccessorImpl.invoke0(Native Method) 	at java.base/jdk.internal.reflect.NativeMethodAccessorImpl.invoke(NativeMethodAccessorImpl.java:62) 	at java.base/jdk.internal.reflect.DelegatingMethodAccessorImpl.invoke(DelegatingMethodAccessorImpl.java:43) 	at java.base/java.lang.reflect.Method.invoke(Method.java:566) 	at Branch.main(Branch.java:281) 	at java.base/jdk.internal.reflect.NativeMethodAccessorImpl.invoke0(Native Method) 	at java.base/jdk.internal.reflect.NativeMethodAccessorImpl.invoke(NativeMethodAccessorImpl.java:62) 	at java.base/jdk.internal.reflect.DelegatingMethodAccessorImpl.invoke(DelegatingMethodAccessorImpl.java:43) 	at java.base/java.lang.reflect.Method.invoke(Method.java:566) 	at com.sun.javatest.regtest.agent.MainWrapper$MainThread.run(MainWrapper.java:115) 	at java.base/java.lang.Thread.run(Thread.java:834)  JavaTest Message: Test threw exception: java.lang.AssertionError: Some tests failed JavaTest Message: shutting down testjava/util/jar/JarFile/mrjar/MultiReleaseJarAPI.java :|: Whole_run_output4.log :|: STDOUT: Seed from RandomFactory = 4063963549687070756L [TestNG] Running:   java/util/jar/JarFile/mrjar/MultiReleaseJarAPI.java  config MultiReleaseJarAPI.initialize(): success test MultiReleaseJarAPI.isMultiReleaseJar(): failure java.lang.AssertionError: expected [false] but found [true] 	at org.testng.Assert.fail(Assert.java:94) 	at org.testng.Assert.failNotEquals(Assert.java:496) 	at org.testng.Assert.assertEquals(Assert.java:125) 	at org.testng.Assert.assertEquals(Assert.java:288) 	at org.testng.Assert.assertEquals(Assert.java:298) 	at MultiReleaseJarAPI.testCustomMultiReleaseValue(MultiReleaseJarAPI.java:146) 	at MultiReleaseJarAPI.testCustomMultiReleaseValue(MultiReleaseJarAPI.java:134) 	at MultiReleaseJarAPI.isMultiReleaseJar(MultiReleaseJarAPI.java:108) 	at java.base/jdk.internal.reflect.NativeMethodAccessorImpl.invoke0(Native Method) 	at java.base/jdk.internal.reflect.NativeMethodAccessorImpl.invoke(NativeMethodAccessorImpl.java:62) 	at java.base/jdk.internal.reflect.DelegatingMethodAccessorImpl.invoke(DelegatingMethodAccessorImpl.java:43) 	at java.base/java.lang.reflect.Method.invoke(Method.java:566) 	at org.testng.internal.MethodInvocationHelper.invokeMethod(MethodInvocationHelper.java:85) 	at org.testng.internal.Invoker.invokeMethod(Invoker.java:639) 	at org.testng.internal.Invoker.invokeTestMethod(Invoker.java:821) 	at org.testng.internal.Invoker.invokeTestMethods(Invoker.java:1131) 	at org.testng.internal.TestMethodWorker.invokeTestMethods(TestMethodWorker.java:125) 	at org.testng.internal.TestMethodWorker.run(TestMethodWorker.java:108) 	at org.testng.TestRunner.privateRun(TestRunner.java:773) 	at org.testng.TestRunner.run(TestRunner.java:623) 	at org.testng.SuiteRunner.runTest(SuiteRunner.java:357) 	at org.testng.SuiteRunner.runSequentially(SuiteRunner.java:352) 	at org.testng.SuiteRunner.privateRun(SuiteRunner.java:310) 	at org.testng.SuiteRunner.run(SuiteRunner.java:259) 	at org.testng.SuiteRunnerWorker.runSuite(SuiteRunnerWorker.java:52) 	at org.testng.SuiteRunnerWorker.run(SuiteRunnerWorker.java:86) 	at org.testng.TestNG.runSuitesSequentially(TestNG.java:1185) 	at org.testng.TestNG.runSuitesLocally(TestNG.java:1110) 	at org.testng.TestNG.run(TestNG.java:1018) 	at com.sun.javatest.regtest.agent.TestNGRunner.main(TestNGRunner.java:94) 	at com.sun.javatest.regtest.agent.TestNGRunner.main(TestNGRunner.java:54) 	at java.base/jdk.internal.reflect.NativeMethodAccessorImpl.invoke0(Native Method) 	at java.base/jdk.internal.reflect.NativeMethodAccessorImpl.invoke(NativeMethodAccessorImpl.java:62) 	at java.base/jdk.internal.reflect.DelegatingMethodAccessorImpl.invoke(DelegatingMethodAccessorImpl.java:43) 	at java.base/java.lang.reflect.Method.invoke(Method.java:566) 	at com.sun.javatest.regtest.agent.MainWrapper$MainThread.run(MainWrapper.java:115) 	at java.base/java.lang.Thread.run(Thread.java:834) test MultiReleaseJarAPI.testAliasing(8, 8): success test MultiReleaseJarAPI.testAliasing(11, 11): success test MultiReleaseJarAPI.testAliasing(java.lang.Runtime$Version@2a050dbd, 11): success test MultiReleaseJarAPI.testAliasing(7.1, 8): success test MultiReleaseJarAPI.testAliasing(9, 9): success test MultiReleaseJarAPI.testAliasing(9.1.5-ea+200, 9): success test MultiReleaseJarAPI.testNames(): success test MultiReleaseJarAPI.testVersioning(8, 8): success test MultiReleaseJarAPI.testVersioning(11, 11): success test MultiReleaseJarAPI.testVersioning(java.lang.Runtime$Version@2a050dbd, 11): success test MultiReleaseJarAPI.testVersioning(7.1, 8): success test MultiReleaseJarAPI.testVersioning(9, 9): success test MultiReleaseJarAPI.testVersioning(9.1.5-ea+200, 9): success config MultiReleaseJarAPI.close(): success  =============================================== java/util/jar/JarFile/mrjar/MultiReleaseJarAPI.java Total tests run: 14, Failures: 1, Skips: 0 ===============================================  STDERR: test aliasing for Release 8 test aliasing for Release 11 test aliasing for Release 11.0.4.0.101+11-feature-preview test aliasing for Release 7.1 test aliasing for Release 9 test aliasing for Release 9.1.5-ea+200 test versioning for Release 8 test versioning for Release 11 test versioning for Release 11.0.4.0.101+11-feature-preview test versioning for Release 7.1 test versioning for Release 9 test versioning for Release 9.1.5-ea+200 java.lang.Exception: failures: 1 	at com.sun.javatest.regtest.agent.TestNGRunner.main(TestNGRunner.java:96) 	at com.sun.javatest.regtest.agent.TestNGRunner.main(TestNGRunner.java:54) 	at java.base/jdk.internal.reflect.NativeMethodAccessorImpl.invoke0(Native Method) 	at java.base/jdk.internal.reflect.NativeMethodAccessorImpl.invoke(NativeMethodAccessorImpl.java:62) 	at java.base/jdk.internal.reflect.DelegatingMethodAccessorImpl.invoke(DelegatingMethodAccessorImpl.java:43) 	at java.base/java.lang.reflect.Method.invoke(Method.java:566) 	at com.sun.javatest.regtest.agent.MainWrapper$MainThread.run(MainWrapper.java:115) 	at java.base/java.lang.Thread.run(Thread.java:834)  JavaTest Message: Test threw exception: java.lang.Exception: failures: 1 JavaTest Message: shutting down testjava/util/TimeZone/TimeZoneTest.java :|: Whole_run_output4.log :|: STDOUT: TimeZoneTest {   TestShortZoneIDs {     Fail: Expected Zone["BET", GMT-3:00, Daylight]; got Zone["BET", GMT-3:00, Standard]     Uncaught exception thrown in test method TestShortZoneIDs STDERR: java.lang.RuntimeException: Uncaught exception thrown in test method TestShortZoneIDs 	at IntlTest.errImpl(IntlTest.java:198) 	at IntlTest.errln(IntlTest.java:185) 	at IntlTest.run(IntlTest.java:126) 	at TimeZoneTest.main(TimeZoneTest.java:43) 	at java.base/jdk.internal.reflect.NativeMethodAccessorImpl.invoke0(Native Method) 	at java.base/jdk.internal.reflect.NativeMethodAccessorImpl.invoke(NativeMethodAccessorImpl.java:62) 	at java.base/jdk.internal.reflect.DelegatingMethodAccessorImpl.invoke(DelegatingMethodAccessorImpl.java:43) 	at java.base/java.lang.reflect.Method.invoke(Method.java:566) 	at com.sun.javatest.regtest.agent.MainWrapper$MainThread.run(MainWrapper.java:115) 	at java.base/java.lang.Thread.run(Thread.java:834)  JavaTest Message: Test threw exception: java.lang.RuntimeException: Uncaught exception thrown in test method TestShortZoneIDs JavaTest Message: shutting down testsun/security/krb5/auto/NonAscii.java :|: Whole_run_output4.log :|: STDOUT: Start KDC on 17455 ----------------------------------------------- >>>>> UDP packet received RABBIT.HOLE> ab?@RABBIT.HOLE sends AS-REQ for krbtgt/RABBIT.HOLE@RABBIT.HOLE, KDCOptions: FORWARDABLE, KrbException: Client not found in Kerberos database (6) - ab?@RABBIT.HOLE 	at KDC.getPassword(KDC.java:619) 	at KDC.keyForUser(KDC.java:704) 	at KDC.processAsReq(KDC.java:1031) 	at KDC.processMessage(KDC.java:741) 	at KDC$1.run(KDC.java:1431)      Error 6 Client not found in Kerberos database >>>>> UDP request honored STDERR: javax.security.auth.login.LoginException: Client not found in Kerberos database (6) - Client not found in Kerberos database 	at jdk.security.auth/com.sun.security.auth.module.Krb5LoginModule.attemptAuthentication(Krb5LoginModule.java:782) 	at jdk.security.auth/com.sun.security.auth.module.Krb5LoginModule.login(Krb5LoginModule.java:592) 	at Context.fromUserPass(Context.java:190) 	at Context.fromUserPass(Context.java:147) 	at NonAscii.main(NonAscii.java:45) 	at java.base/jdk.internal.reflect.NativeMethodAccessorImpl.invoke0(Native Method) 	at java.base/jdk.internal.reflect.NativeMethodAccessorImpl.invoke(NativeMethodAccessorImpl.java:62) 	at java.base/jdk.internal.reflect.DelegatingMethodAccessorImpl.invoke(DelegatingMethodAccessorImpl.java:43) 	at java.base/java.lang.reflect.Method.invoke(Method.java:566) 	at com.sun.javatest.regtest.agent.MainWrapper$MainThread.run(MainWrapper.java:115) 	at java.base/java.lang.Thread.run(Thread.java:834) Caused by: KrbException: Client not found in Kerberos database (6) - Client not found in Kerberos database 	at java.security.jgss/sun.security.krb5.KrbAsRep.<init>(KrbAsRep.java:82) 	at java.security.jgss/sun.security.krb5.KrbAsReqBuilder.send(KrbAsReqBuilder.java:326) 	at java.security.jgss/sun.security.krb5.KrbAsReqBuilder.action(KrbAsReqBuilder.java:371) 	at jdk.security.auth/com.sun.security.auth.module.Krb5LoginModule.attemptAuthentication(Krb5LoginModule.java:744) 	... 10 more Caused by: KrbException: Identifier doesn't match expected value (906) 	at java.security.jgss/sun.security.krb5.internal.KDCRep.init(KDCRep.java:140) 	at java.security.jgss/sun.security.krb5.internal.ASRep.init(ASRep.java:64) 	at java.security.jgss/sun.security.krb5.internal.ASRep.<init>(ASRep.java:59) 	at java.security.jgss/sun.security.krb5.KrbAsRep.<init>(KrbAsRep.java:60) 	... 13 more  JavaTest Message: Test threw exception: javax.security.auth.login.LoginException: Client not found in Kerberos database (6) - Client not found in Kerberos database JavaTest Message: shutting down testsun/security/krb5/auto/SaslUnbound.java :|: Whole_run_output4.log :|: STDOUT: Start KDC on 11284 Callback for name: dummy Callback for pass: bogus ----------------------------------------------- >>>>> UDP packet received RABBIT.HOLE> dummy@RABBIT.HOLE sends AS-REQ for krbtgt/RABBIT.HOLE@RABBIT.HOLE, KDCOptions: FORWARDABLE, KrbException: Additional pre-authentication required (25) 	at KDC.processAsReq(KDC.java:1215) 	at KDC.processMessage(KDC.java:741) 	at KDC$1.run(KDC.java:1431)      Error 25 Additional pre-authentication required >>>>> UDP request honored ----------------------------------------------- >>>>> UDP packet received RABBIT.HOLE> dummy@RABBIT.HOLE sends AS-REQ for krbtgt/RABBIT.HOLE@RABBIT.HOLE, KDCOptions: FORWARDABLE,      Return dummy@RABBIT.HOLE ticket for krbtgt/RABBIT.HOLE@RABBIT.HOLE, flags FORWARDABLE;INITIAL;PRE-AUTHENT >>>>> UDP request honored ----------------------------------------------- >>>>> UDP packet received RABBIT.HOLE> null sends TGS-REQ for server/host.rabbit.hole@RABBIT.HOLE, KDCOptions: FORWARDABLE, RABBIT.HOLE> presenting a ticket of dummy@RABBIT.HOLE to krbtgt/RABBIT.HOLE@RABBIT.HOLE      Return dummy@RABBIT.HOLE ticket for server/host.rabbit.hole@RABBIT.HOLE, flags FORWARDABLE;INITIAL >>>>> UDP request honored STDERR: javax.security.sasl.SaslException: GSS initiate failed [Caused by GSSException: Failure unspecified at GSS-API level (Mechanism level: Invalid argument (400) - Cannot find key of appropriate type to decrypt AP-REQ - AES256 CTS mode with HMAC SHA1-96)] 	at jdk.security.jgss/com.sun.security.sasl.gsskerb.GssKrb5Server.evaluateResponse(GssKrb5Server.java:199) 	at SaslUnbound.main(SaslUnbound.java:104) 	at java.base/jdk.internal.reflect.NativeMethodAccessorImpl.invoke0(Native Method) 	at java.base/jdk.internal.reflect.NativeMethodAccessorImpl.invoke(NativeMethodAccessorImpl.java:62) 	at java.base/jdk.internal.reflect.DelegatingMethodAccessorImpl.invoke(DelegatingMethodAccessorImpl.java:43) 	at java.base/java.lang.reflect.Method.invoke(Method.java:566) 	at com.sun.javatest.regtest.agent.MainWrapper$MainThread.run(MainWrapper.java:115) 	at java.base/java.lang.Thread.run(Thread.java:834) Caused by: GSSException: Failure unspecified at GSS-API level (Mechanism level: Invalid argument (400) - Cannot find key of appropriate type to decrypt AP-REQ - AES256 CTS mode with HMAC SHA1-96) 	at java.security.jgss/sun.security.jgss.krb5.Krb5Context.acceptSecContext(Krb5Context.java:859) 	at java.security.jgss/sun.security.jgss.GSSContextImpl.acceptSecContext(GSSContextImpl.java:361) 	at java.security.jgss/sun.security.jgss.GSSContextImpl.acceptSecContext(GSSContextImpl.java:303) 	at jdk.security.jgss/com.sun.security.sasl.gsskerb.GssKrb5Server.evaluateResponse(GssKrb5Server.java:167) 	... 7 more Caused by: KrbException: Invalid argument (400) - Cannot find key of appropriate type to decrypt AP-REQ - AES256 CTS mode with HMAC SHA1-96 	at java.security.jgss/sun.security.krb5.KrbApReq.authenticate(KrbApReq.java:278) 	at java.security.jgss/sun.security.krb5.KrbApReq.<init>(KrbApReq.java:149) 	at java.security.jgss/sun.security.jgss.krb5.InitSecContextToken.<init>(InitSecContextToken.java:139) 	at java.security.jgss/sun.security.jgss.krb5.Krb5Context.acceptSecContext(Krb5Context.java:832) 	... 10 more  JavaTest Message: Test threw exception: javax.security.sasl.SaslException: GSS initiate failed [Caused by GSSException: Failure unspecified at GSS-API level (Mechanism level: Invalid argument (400) - Cannot find key of appropriate type to decrypt AP-REQ - AES256 CTS mode with HMAC SHA1-96)] JavaTest Message: shutting down testsun/security/krb5/auto/TwoOrThree.java :|: Whole_run_output4.log :|: STDOUT: Start KDC on 16760 ----------------------------------------------- >>>>> UDP packet received RABBIT.HOLE> dummy@RABBIT.HOLE sends AS-REQ for krbtgt/RABBIT.HOLE@RABBIT.HOLE, KDCOptions: FORWARDABLE, KrbException: Additional pre-authentication required (25) 	at KDC.processAsReq(KDC.java:1215) 	at KDC.processMessage(KDC.java:741) 	at KDC$1.run(KDC.java:1431)      Error 25 Additional pre-authentication required >>>>> UDP request honored ----------------------------------------------- >>>>> UDP packet received RABBIT.HOLE> dummy@RABBIT.HOLE sends AS-REQ for krbtgt/RABBIT.HOLE@RABBIT.HOLE, KDCOptions: FORWARDABLE,      Return dummy@RABBIT.HOLE ticket for krbtgt/RABBIT.HOLE@RABBIT.HOLE, flags FORWARDABLE;INITIAL;PRE-AUTHENT >>>>> UDP request honored dummy call initSecContext ----------------------------------------------- >>>>> UDP packet received RABBIT.HOLE> null sends TGS-REQ for third@RABBIT.HOLE, KDCOptions: FORWARDABLE, RABBIT.HOLE> presenting a ticket of dummy@RABBIT.HOLE to krbtgt/RABBIT.HOLE@RABBIT.HOLE      Return dummy@RABBIT.HOLE ticket for third@RABBIT.HOLE, flags FORWARDABLE;INITIAL >>>>> UDP request honored second call acceptSecContext STDERR: GSSException: Failure unspecified at GSS-API level (Mechanism level: Checksum failed) 	at java.security.jgss/sun.security.jgss.krb5.Krb5Context.acceptSecContext(Krb5Context.java:859) 	at java.security.jgss/sun.security.jgss.GSSContextImpl.acceptSecContext(GSSContextImpl.java:361) 	at java.security.jgss/sun.security.jgss.GSSContextImpl.acceptSecContext(GSSContextImpl.java:303) 	at Context$11.run(Context.java:661) 	at Context$5.run(Context.java:346) 	at Context$5.run(Context.java:342) 	at java.base/java.security.AccessController.doPrivileged(Native Method) 	at java.base/javax.security.auth.Subject.doAs(Subject.java:423) 	at Context.doAs(Context.java:342) 	at Context.take(Context.java:645) 	at Context.handshake(Context.java:704) 	at TwoOrThree.main(TwoOrThree.java:71) 	at java.base/jdk.internal.reflect.NativeMethodAccessorImpl.invoke0(Native Method) 	at java.base/jdk.internal.reflect.NativeMethodAccessorImpl.invoke(NativeMethodAccessorImpl.java:62) 	at java.base/jdk.internal.reflect.DelegatingMethodAccessorImpl.invoke(DelegatingMethodAccessorImpl.java:43) 	at java.base/java.lang.reflect.Method.invoke(Method.java:566) 	at com.sun.javatest.regtest.agent.MainWrapper$MainThread.run(MainWrapper.java:115) 	at java.base/java.lang.Thread.run(Thread.java:834) Caused by: KrbException: Checksum failed 	at java.security.jgss/sun.security.krb5.internal.crypto.Aes256CtsHmacSha1EType.decrypt(Aes256CtsHmacSha1EType.java:102) 	at java.security.jgss/sun.security.krb5.internal.crypto.Aes256CtsHmacSha1EType.decrypt(Aes256CtsHmacSha1EType.java:94) 	at java.security.jgss/sun.security.krb5.EncryptedData.decrypt(EncryptedData.java:180) 	at java.security.jgss/sun.security.krb5.KrbApReq.authenticate(KrbApReq.java:281) 	at java.security.jgss/sun.security.krb5.KrbApReq.<init>(KrbApReq.java:149) 	at java.security.jgss/sun.security.jgss.krb5.InitSecContextToken.<init>(InitSecContextToken.java:139) 	at java.security.jgss/sun.security.jgss.krb5.Krb5Context.acceptSecContext(Krb5Context.java:832) 	... 17 more Caused by: java.security.GeneralSecurityException: Checksum failed 	at java.security.jgss/sun.security.krb5.internal.crypto.dk.AesDkCrypto.decryptCTS(AesDkCrypto.java:451) 	at java.security.jgss/sun.security.krb5.internal.crypto.dk.AesDkCrypto.decrypt(AesDkCrypto.java:272) 	at java.security.jgss/sun.security.krb5.internal.crypto.Aes256.decrypt(Aes256.java:76) 	at java.security.jgss/sun.security.krb5.internal.crypto.Aes256CtsHmacSha1EType.decrypt(Aes256CtsHmacSha1EType.java:100) 	... 23 more  JavaTest Message: Test threw exception: GSSException: Failure unspecified at GSS-API level (Mechanism level: Checksum failed) JavaTest Message: shutting down testsun/security/krb5/auto/UnboundService.java :|: Whole_run_output4.log :|: STDOUT: Start KDC on 8887 Callback for name: dummy Callback for pass: bogus ----------------------------------------------- >>>>> UDP packet received RABBIT.HOLE> dummy@RABBIT.HOLE sends AS-REQ for krbtgt/RABBIT.HOLE@RABBIT.HOLE, KDCOptions: FORWARDABLE, KrbException: Additional pre-authentication required (25) 	at KDC.processAsReq(KDC.java:1215) 	at KDC.processMessage(KDC.java:741) 	at KDC$1.run(KDC.java:1431)      Error 25 Additional pre-authentication required >>>>> UDP request honored ----------------------------------------------- >>>>> UDP packet received RABBIT.HOLE> dummy@RABBIT.HOLE sends AS-REQ for krbtgt/RABBIT.HOLE@RABBIT.HOLE, KDCOptions: FORWARDABLE,      Return dummy@RABBIT.HOLE ticket for krbtgt/RABBIT.HOLE@RABBIT.HOLE, flags FORWARDABLE;INITIAL;PRE-AUTHENT >>>>> UDP request honored STDERR: GSSException: No valid credentials provided (Mechanism level: Failed to find any Kerberos credentials) 	at java.security.jgss/sun.security.jgss.krb5.Krb5AcceptCredential.getInstance(Krb5AcceptCredential.java:87) 	at java.security.jgss/sun.security.jgss.krb5.Krb5MechFactory.getCredentialElement(Krb5MechFactory.java:133) 	at java.security.jgss/sun.security.jgss.GSSManagerImpl.getCredentialElement(GSSManagerImpl.java:187) 	at java.security.jgss/sun.security.jgss.GSSCredentialImpl.add(GSSCredentialImpl.java:439) 	at java.security.jgss/sun.security.jgss.GSSCredentialImpl.<init>(GSSCredentialImpl.java:74) 	at java.security.jgss/sun.security.jgss.GSSManagerImpl.createCredential(GSSManagerImpl.java:148) 	at Context$4.run(Context.java:278) 	at Context$5.run(Context.java:346) 	at Context$5.run(Context.java:342) 	at java.base/java.security.AccessController.doPrivileged(Native Method) 	at java.base/javax.security.auth.Subject.doAs(Subject.java:423) 	at Context.doAs(Context.java:342) 	at Context.startAsServer(Context.java:274) 	at Context.startAsServer(Context.java:265) 	at UnboundService.main(UnboundService.java:87) 	at java.base/jdk.internal.reflect.NativeMethodAccessorImpl.invoke0(Native Method) 	at java.base/jdk.internal.reflect.NativeMethodAccessorImpl.invoke(NativeMethodAccessorImpl.java:62) 	at java.base/jdk.internal.reflect.DelegatingMethodAccessorImpl.invoke(DelegatingMethodAccessorImpl.java:43) 	at java.base/java.lang.reflect.Method.invoke(Method.java:566) 	at com.sun.javatest.regtest.agent.MainWrapper$MainThread.run(MainWrapper.java:115) 	at java.base/java.lang.Thread.run(Thread.java:834)  JavaTest Message: Test threw exception: GSSException: No valid credentials provided (Mechanism level: Failed to find any Kerberos credentials) JavaTest Message: shutting down testtools/javac/diags/CheckExamples.java :|: Whole_run_output4.log :|: STDOUT: STDERR: Error: Key compiler.err.proc.cant.load.class is declared in resource bundle but is not in tests or not-yet list 583 examples checked 186 keys on not-yet list  prefix          #keys in tests  #keys in javac    % compiler.err.              337             422  79% compiler.warn.              88             113  77% compiler.note.              29              31  93% compiler.misc.             182             257  70% other                        0               0 total                      636             823  77% java.lang.Exception: 1 errors occurred. 	at CheckExamples.run(CheckExamples.java:153) 	at CheckExamples.main(CheckExamples.java:78) 	at java.base/jdk.internal.reflect.NativeMethodAccessorImpl.invoke0(Native Method) 	at java.base/jdk.internal.reflect.NativeMethodAccessorImpl.invoke(NativeMethodAccessorImpl.java:62) 	at java.base/jdk.internal.reflect.DelegatingMethodAccessorImpl.invoke(DelegatingMethodAccessorImpl.java:43) 	at java.base/java.lang.reflect.Method.invoke(Method.java:566) 	at com.sun.javatest.regtest.agent.MainWrapper$MainThread.run(MainWrapper.java:115) 	at java.base/java.lang.Thread.run(Thread.java:834)  JavaTest Message: Test threw exception: java.lang.Exception: 1 errors occurred. JavaTest Message: shutting down testtools/javac/generics/T5094318.java :|: Whole_run_output4.log :|: STDOUT: You gave me an array of ints STDERR: java.lang.RuntimeException 	at T5094318.method(T5094318.java:38) 	at T5094318.main(T5094318.java:47) 	at java.base/jdk.internal.reflect.NativeMethodAccessorImpl.invoke0(Native Method) 	at java.base/jdk.internal.reflect.NativeMethodAccessorImpl.invoke(NativeMethodAccessorImpl.java:62) 	at java.base/jdk.internal.reflect.DelegatingMethodAccessorImpl.invoke(DelegatingMethodAccessorImpl.java:43) 	at java.base/java.lang.reflect.Method.invoke(Method.java:566) 	at com.sun.javatest.regtest.agent.MainWrapper$MainThread.run(MainWrapper.java:115) 	at java.base/java.lang.Thread.run(Thread.java:834)  JavaTest Message: Test threw exception: java.lang.RuntimeException JavaTest Message: shutting down testtools/javac/NullQualifiedNew.java :|: Whole_run_output4.log :|: STDOUT: STDERR: java.lang.NullPointerException 	at java.base/java.util.Objects.requireNonNull(Objects.java:221) 	at NullQualifiedNew.main(NullQualifiedNew.java:44) 	at java.base/jdk.internal.reflect.NativeMethodAccessorImpl.invoke0(Native Method) 	at java.base/jdk.internal.reflect.NativeMethodAccessorImpl.invoke(NativeMethodAccessorImpl.java:62) 	at java.base/jdk.internal.reflect.DelegatingMethodAccessorImpl.invoke(DelegatingMethodAccessorImpl.java:43) 	at java.base/java.lang.reflect.Method.invoke(Method.java:566) 	at com.sun.javatest.regtest.agent.MainWrapper$MainThread.run(MainWrapper.java:115) 	at java.base/java.lang.Thread.run(Thread.java:834)  JavaTest Message: Test threw exception: java.lang.NullPointerException JavaTest Message: shutting down testtools/javac/NullQualifiedSuper2.java :|: Whole_run_output4.log :|: STDOUT: STDERR: java.lang.NullPointerException 	at java.base/java.util.Objects.requireNonNull(Objects.java:221) 	at NullQualifiedSuper2$c.<init>(NullQualifiedSuper2.java:40) 	at NullQualifiedSuper2.main(NullQualifiedSuper2.java:44) 	at java.base/jdk.internal.reflect.NativeMethodAccessorImpl.invoke0(Native Method) 	at java.base/jdk.internal.reflect.NativeMethodAccessorImpl.invoke(NativeMethodAccessorImpl.java:62) 	at java.base/jdk.internal.reflect.DelegatingMethodAccessorImpl.invoke(DelegatingMethodAccessorImpl.java:43) 	at java.base/java.lang.reflect.Method.invoke(Method.java:566) 	at com.sun.javatest.regtest.agent.MainWrapper$MainThread.run(MainWrapper.java:115) 	at java.base/java.lang.Thread.run(Thread.java:834)  JavaTest Message: Test threw exception: java.lang.NullPointerException JavaTest Message: shutting down testtools/javadoc/api/basic/GetTask_FileManagerTest.java :|: Whole_run_output4.log :|: STDOUT: STDERR: test: testFileManager Loading source file /pkg/C.java... [parsing started WrappedJavaFileObject[APITest$1[myfo:///pkg/C.java]]] [parsing completed 71ms] [loading /modules/java.net.http/module-info.class] [loading /modules/jdk.naming.rmi/module-info.class] [loading /modules/jdk.crypto.ec/module-info.class] [loading /modules/java.xml/module-info.class] [loading /modules/jdk.compiler/module-info.class] [loading /modules/jdk.internal.opt/module-info.class] [loading /modules/jdk.attach/module-info.class] [loading /modules/jdk.jshell/module-info.class] [loading /modules/jdk.internal.ed/module-info.class] [loading /modules/jdk.jcmd/module-info.class] [loading /modules/jdk.unsupported/module-info.class] [loading /modules/jdk.management/module-info.class] [loading /modules/jdk.charsets/module-info.class] [loading /modules/java.management/module-info.class] [loading /modules/java.datatransfer/module-info.class] [loading /modules/jdk.internal.jvmstat/module-info.class] [loading /modules/jdk.localedata/module-info.class] [loading /modules/java.scripting/module-info.class] [loading /modules/jdk.jartool/module-info.class] [loading /modules/java.management.rmi/module-info.class] [loading /modules/jdk.pack/module-info.class] [loading /modules/java.instrument/module-info.class] [loading /modules/jdk.jlink/module-info.class] [loading /modules/jdk.dynalink/module-info.class] [loading /modules/jdk.scripting.nashorn.shell/module-info.class] [loading /modules/jdk.crypto.cryptoki/module-info.class] [loading /modules/java.xml.crypto/module-info.class] [loading /modules/java.compiler/module-info.class] [loading /modules/azul.tools/module-info.class] [loading /modules/jdk.accessibility/module-info.class] [loading /modules/java.security.jgss/module-info.class] [loading /modules/jdk.net/module-info.class] [loading /modules/jdk.editpad/module-info.class] [loading /modules/java.naming/module-info.class] [loading /modules/java.se/module-info.class] [loading /modules/jdk.naming.dns/module-info.class] [loading /modules/jdk.jstatd/module-info.class] [loading /modules/jdk.security.jgss/module-info.class] [loading /modules/jdk.jconsole/module-info.class] [loading /modules/jdk.jdwp.agent/module-info.class] [loading /modules/jdk.jsobject/module-info.class] [loading /modules/java.desktop/module-info.class] [loading /modules/jdk.javadoc/module-info.class] [loading /modules/java.logging/module-info.class] [loading /modules/java.prefs/module-info.class] [loading /modules/java.smartcardio/module-info.class] [loading /modules/java.sql.rowset/module-info.class] [loading /modules/java.base/module-info.class] [loading /modules/jdk.security.auth/module-info.class] [loading /modules/jdk.unsupported.desktop/module-info.class] [loading /modules/jdk.sctp/module-info.class] [loading /modules/jdk.management.agent/module-info.class] [loading /modules/jdk.xml.dom/module-info.class] [loading /modules/java.rmi/module-info.class] [loading /modules/java.sql/module-info.class] [loading /modules/java.transaction.xa/module-info.class] [loading /modules/jdk.zipfs/module-info.class] [loading /modules/jdk.httpserver/module-info.class] [loading /modules/jdk.jdi/module-info.class] [loading /modules/jdk.scripting.nashorn/module-info.class] [loading /modules/jdk.rmic/module-info.class] [loading /modules/jdk.jfr/module-info.class] [loading /modules/jdk.jdeps/module-info.class] [loading /modules/jdk.internal.le/module-info.class] [loading /modules/jdk.management.jfr/module-info.class] [loading /modules/java.security.sasl/module-info.class] Constructing Javadoc information... [search path for source files: /home/test_results/zvm-dev-2943/cycle_silver_unittests/121/pulse.0/JTREG_Parallel_Mode_cthulhu/parallel_run/parallel_jtreg_run/test_langtools/classes/23/tools/javadoc/api/basic/GetTask_FileManagerTest.d,/home/sqatest/automation/CycleBToE/JTReg/test/langtools/tools/javadoc/api/basic,/home/sqatest/prajwal/JT/jtreg/lib/javatest.jar,/home/sqatest/prajwal/JT/jtreg/lib/jtreg.jar,/home/sqatest/prajwal/JT/jtreg/lib/asmtools.jar] [search path for class files: /home/buildmaster/nightly/ZVM/dev/in_progress/zvm-dev-2943/sandbox/azlinux/jdk11/x86_64/optimized/lib/modules,/home/test_results/zvm-dev-2943/cycle_silver_unittests/121/pulse.0/JTREG_Parallel_Mode_cthulhu/parallel_run/parallel_jtreg_run/test_langtools/classes/23/tools/javadoc/api/basic/GetTask_FileManagerTest.d,/home/sqatest/automation/CycleBToE/JTReg/test/langtools/tools/javadoc/api/basic,/home/sqatest/prajwal/JT/jtreg/lib/javatest.jar,/home/sqatest/prajwal/JT/jtreg/lib/jtreg.jar,/home/sqatest/prajwal/JT/jtreg/lib/asmtools.jar] [loading /modules/java.base/java/lang/Object.class] [loading /modules/java.base/java/lang/Deprecated.class] [loading /modules/java.base/java/lang/annotation/Retention.class] [loading /modules/java.base/java/lang/annotation/RetentionPolicy.class] [loading /modules/java.base/java/lang/annotation/Target.class] [loading /modules/java.base/java/lang/annotation/ElementType.class] [loading /modules/java.base/java/lang/Error.class] [loading /modules/java.base/java/lang/Exception.class] Standard Doclet version 11.0.4.0.101 Building tree for all the packages and classes... Generating testFileManager/pkg/C.html... [loading /modules/java.base/java/io/Serializable.class] Generating testFileManager/pkg/package-summary.html... Generating testFileManager/pkg/package-tree.html... Generating testFileManager/constant-values.html... Building index for all the packages and classes... Generating testFileManager/overview-tree.html... Generating testFileManager/index-all.html... Building index for all classes... Generating testFileManager/allclasses-index.html... Generating testFileManager/allpackages-index.html... Generating testFileManager/deprecated-list.html... Building index for all classes... Generating testFileManager/allclasses.html... Generating testFileManager/allclasses.html... Generating testFileManager/index.html... Generating testFileManager/help-doc.html... [done in 1667 ms] task succeeded Error: the following files were not found in testFileManager: [jquery/images/ui-bg_flat_0_aaaaaa_40x100.png, jquery/images/ui-bg_flat_75_ffffff_40x100.png, jquery/images/ui-bg_glass_65_ffffff_1x400.png] Error: the following unexpected files were found in testFileManager: [jquery/images/ui-bg_glass_65_dadada_1x400.png]  test: testBadFileManager Loading source file /pkg/C.java... Constructing Javadoc information... exception caught as expected: GetTask_FileManagerTest$UnexpectedError  2 tests, 2 errors java.lang.Exception: 2 errors found 	at APITest.run(APITest.java:85) 	at GetTask_FileManagerTest.main(GetTask_FileManagerTest.java:57) 	at java.base/jdk.internal.reflect.NativeMethodAccessorImpl.invoke0(Native Method) 	at java.base/jdk.internal.reflect.NativeMethodAccessorImpl.invoke(NativeMethodAccessorImpl.java:62) 	at java.base/jdk.internal.reflect.DelegatingMethodAccessorImpl.invoke(DelegatingMethodAccessorImpl.java:43) 	at java.base/java.lang.reflect.Method.invoke(Method.java:566) 	at com.sun.javatest.regtest.agent.MainWrapper$MainThread.run(MainWrapper.java:115) 	at java.base/java.lang.Thread.run(Thread.java:834)  JavaTest Message: Test threw exception: java.lang.Exception: 2 errors found JavaTest Message: shutting down testtools/javadoc/api/basic/GetTask_FileObjectsTest.java :|: Whole_run_output4.log :|: STDOUT: STDERR: test: testStandardFileObject Loading source file /home/sqatest/automation/CycleBToE/JTReg/test/langtools/tools/javadoc/api/basic/pkg/C.java... Constructing Javadoc information... Standard Doclet version 11.0.4.0.101 Building tree for all the packages and classes... Generating testStandardFileObject/pkg/C.html... Generating testStandardFileObject/pkg/package-summary.html... Generating testStandardFileObject/pkg/package-tree.html... Generating testStandardFileObject/constant-values.html... Building index for all the packages and classes... Generating testStandardFileObject/overview-tree.html... Generating testStandardFileObject/index-all.html... Building index for all classes... Generating testStandardFileObject/allclasses-index.html... Generating testStandardFileObject/allpackages-index.html... Generating testStandardFileObject/deprecated-list.html... Building index for all classes... Generating testStandardFileObject/allclasses.html... Generating testStandardFileObject/allclasses.html... Generating testStandardFileObject/index.html... Generating testStandardFileObject/help-doc.html... task succeeded Error: the following files were not found in testStandardFileObject: [jquery/images/ui-bg_flat_0_aaaaaa_40x100.png, jquery/images/ui-bg_flat_75_ffffff_40x100.png, jquery/images/ui-bg_glass_65_ffffff_1x400.png] Error: the following unexpected files were found in testStandardFileObject: [jquery/images/ui-bg_glass_65_dadada_1x400.png]  test: testMemoryFileObject Loading source file /pkg/C.java... Constructing Javadoc information... Standard Doclet version 11.0.4.0.101 Building tree for all the packages and classes... Generating testMemoryFileObject/pkg/C.html... Generating testMemoryFileObject/pkg/package-summary.html... Generating testMemoryFileObject/pkg/package-tree.html... Generating testMemoryFileObject/constant-values.html... Building index for all the packages and classes... Generating testMemoryFileObject/overview-tree.html... Generating testMemoryFileObject/index-all.html... Building index for all classes... Generating testMemoryFileObject/allclasses-index.html... Generating testMemoryFileObject/allpackages-index.html... Generating testMemoryFileObject/deprecated-list.html... Building index for all classes... Generating testMemoryFileObject/allclasses.html... Generating testMemoryFileObject/allclasses.html... Generating testMemoryFileObject/index.html... Generating testMemoryFileObject/help-doc.html... task succeeded Error: the following files were not found in testMemoryFileObject: [jquery/images/ui-bg_flat_0_aaaaaa_40x100.png, jquery/images/ui-bg_flat_75_ffffff_40x100.png, jquery/images/ui-bg_glass_65_ffffff_1x400.png] Error: the following unexpected files were found in testMemoryFileObject: [jquery/images/ui-bg_glass_65_dadada_1x400.png]  test: testBadFileObject exception caught as expected: java.lang.IllegalArgumentException: All compilation units must be of SOURCE kind  test: testNull exception caught as expected: java.lang.NullPointerException  4 tests, 4 errors java.lang.Exception: 4 errors found 	at APITest.run(APITest.java:85) 	at GetTask_FileObjectsTest.main(GetTask_FileObjectsTest.java:47) 	at java.base/jdk.internal.reflect.NativeMethodAccessorImpl.invoke0(Native Method) 	at java.base/jdk.internal.reflect.NativeMethodAccessorImpl.invoke(NativeMethodAccessorImpl.java:62) 	at java.base/jdk.internal.reflect.DelegatingMethodAccessorImpl.invoke(DelegatingMethodAccessorImpl.java:43) 	at java.base/java.lang.reflect.Method.invoke(Method.java:566) 	at com.sun.javatest.regtest.agent.MainWrapper$MainThread.run(MainWrapper.java:115) 	at java.base/java.lang.Thread.run(Thread.java:834)  JavaTest Message: Test threw exception: java.lang.Exception: 4 errors found JavaTest Message: shutting down testtools/javadoc/api/basic/GetTask_WriterTest.java :|: Whole_run_output4.log :|: STDOUT: STDERR: test: testWriter task succeeded Error: the following files were not found in testWriter: [jquery/images/ui-bg_flat_0_aaaaaa_40x100.png, jquery/images/ui-bg_flat_75_ffffff_40x100.png, jquery/images/ui-bg_glass_65_ffffff_1x400.png] Error: the following unexpected files were found in testWriter: [jquery/images/ui-bg_glass_65_dadada_1x400.png] >>Loading source file /pkg/C.java... Constructing Javadoc information... Standard Doclet version 11.0.4.0.101 Building tree for all the packages and classes... Generating testWriter/pkg/C.html... Generating testWriter/pkg/package-summary.html... Generating testWriter/pkg/package-tree.html... Generating testWriter/constant-values.html... Building index for all the packages and classes... Generating testWriter/overview-tree.html... Generating testWriter/index-all.html... Building index for all classes... Generating testWriter/allclasses-index.html... Generating testWriter/allpackages-index.html... Generating testWriter/deprecated-list.html... Building index for all classes... Generating testWriter/allclasses.html... Generating testWriter/allclasses.html... Generating testWriter/index.html... Generating testWriter/help-doc.html... <<  2 errors java.lang.Exception: 2 errors found 	at APITest.run(APITest.java:85) 	at GetTask_WriterTest.main(GetTask_WriterTest.java:49) 	at java.base/jdk.internal.reflect.NativeMethodAccessorImpl.invoke0(Native Method) 	at java.base/jdk.internal.reflect.NativeMethodAccessorImpl.invoke(NativeMethodAccessorImpl.java:62) 	at java.base/jdk.internal.reflect.DelegatingMethodAccessorImpl.invoke(DelegatingMethodAccessorImpl.java:43) 	at java.base/java.lang.reflect.Method.invoke(Method.java:566) 	at com.sun.javatest.regtest.agent.MainWrapper$MainThread.run(MainWrapper.java:115) 	at java.base/java.lang.Thread.run(Thread.java:834)  JavaTest Message: Test threw exception: java.lang.Exception: 2 errors found JavaTest Message: shutting down testvmTestbase/gc/memory/Nio/Nio.java :|: Whole_run_output5.log :|: STDOUT: Allocating all the direct memory: 52428800 ... success Try to dump heap to heapDump.hprof file.. Done STDERR: Used heap before: 85479424 Used heap after : 137994240 gc.memory.Nio.Nio$Fault: Allocating direct memory should not eat non the heap! 	at gc.memory.Nio.Nio.checkHeapIsNotAffected(Nio.java:178) 	at gc.memory.Nio.Nio.run(Nio.java:86) 	at gc.memory.Nio.Nio.main(Nio.java:62) 	at java.base/jdk.internal.reflect.NativeMethodAccessorImpl.invoke0(Native Method) 	at java.base/jdk.internal.reflect.NativeMethodAccessorImpl.invoke(NativeMethodAccessorImpl.java:62) 	at java.base/jdk.internal.reflect.DelegatingMethodAccessorImpl.invoke(DelegatingMethodAccessorImpl.java:43) 	at java.base/java.lang.reflect.Method.invoke(Method.java:566) 	at com.sun.javatest.regtest.agent.MainWrapper$MainThread.run(MainWrapper.java:115) 	at java.base/java.lang.Thread.run(Thread.java:834)  JavaTest Message: Test threw exception: gc.memory.Nio.Nio$Fault: Allocating direct memory should not eat non the heap! JavaTest Message: shutting down testcom/sun/crypto/provider/Cipher/PBE/PKCS12Cipher.java :|: Whole_run_output5.log :|: STDOUT: Testing provider SunJCE... STDERR: javax.crypto.BadPaddingException: Given final block not properly padded. Such issues can arise if a bad key is used during decryption. 	at java.base/com.sun.crypto.provider.CipherCore.unpad(CipherCore.java:975) 	at java.base/com.sun.crypto.provider.CipherCore.fillOutputBuffer(CipherCore.java:1056) 	at java.base/com.sun.crypto.provider.CipherCore.doFinal(CipherCore.java:853) 	at java.base/com.sun.crypto.provider.PKCS12PBECipherCore.implDoFinal(PKCS12PBECipherCore.java:408) 	at java.base/com.sun.crypto.provider.PKCS12PBECipherCore$PBEWithSHA1AndDESede.engineDoFinal(PKCS12PBECipherCore.java:440) 	at java.base/javax.crypto.Cipher.doFinal(Cipher.java:2202) 	at PKCS12Cipher.runTest(PKCS12Cipher.java:74) 	at PKCS12Cipher.main(PKCS12Cipher.java:89) 	at java.base/jdk.internal.reflect.NativeMethodAccessorImpl.invoke0(Native Method) 	at java.base/jdk.internal.reflect.NativeMethodAccessorImpl.invoke(NativeMethodAccessorImpl.java:62) 	at java.base/jdk.internal.reflect.DelegatingMethodAccessorImpl.invoke(DelegatingMethodAccessorImpl.java:43) 	at java.base/java.lang.reflect.Method.invoke(Method.java:566) 	at com.sun.javatest.regtest.agent.MainWrapper$MainThread.run(MainWrapper.java:115) 	at java.base/java.lang.Thread.run(Thread.java:834)  JavaTest Message: Test threw exception: javax.crypto.BadPaddingException: Given final block not properly padded. Such issues can arise if a bad key is used during decryption. JavaTest Message: shutting down testjava/util/jar/JarFile/mrjar/MultiReleaseJarAPI.java :|: Whole_run_output5.log :|: STDOUT: Seed from RandomFactory = -6664450358497033848L [TestNG] Running:   java/util/jar/JarFile/mrjar/MultiReleaseJarAPI.java  config MultiReleaseJarAPI.initialize(): success test MultiReleaseJarAPI.isMultiReleaseJar(): failure java.lang.AssertionError: expected [false] but found [true] 	at org.testng.Assert.fail(Assert.java:94) 	at org.testng.Assert.failNotEquals(Assert.java:496) 	at org.testng.Assert.assertEquals(Assert.java:125) 	at org.testng.Assert.assertEquals(Assert.java:288) 	at org.testng.Assert.assertEquals(Assert.java:298) 	at MultiReleaseJarAPI.testCustomMultiReleaseValue(MultiReleaseJarAPI.java:146) 	at MultiReleaseJarAPI.testCustomMultiReleaseValue(MultiReleaseJarAPI.java:134) 	at MultiReleaseJarAPI.isMultiReleaseJar(MultiReleaseJarAPI.java:108) 	at java.base/jdk.internal.reflect.NativeMethodAccessorImpl.invoke0(Native Method) 	at java.base/jdk.internal.reflect.NativeMethodAccessorImpl.invoke(NativeMethodAccessorImpl.java:62) 	at java.base/jdk.internal.reflect.DelegatingMethodAccessorImpl.invoke(DelegatingMethodAccessorImpl.java:43) 	at java.base/java.lang.reflect.Method.invoke(Method.java:566) 	at org.testng.internal.MethodInvocationHelper.invokeMethod(MethodInvocationHelper.java:85) 	at org.testng.internal.Invoker.invokeMethod(Invoker.java:639) 	at org.testng.internal.Invoker.invokeTestMethod(Invoker.java:821) 	at org.testng.internal.Invoker.invokeTestMethods(Invoker.java:1131) 	at org.testng.internal.TestMethodWorker.invokeTestMethods(TestMethodWorker.java:125) 	at org.testng.internal.TestMethodWorker.run(TestMethodWorker.java:108) 	at org.testng.TestRunner.privateRun(TestRunner.java:773) 	at org.testng.TestRunner.run(TestRunner.java:623) 	at org.testng.SuiteRunner.runTest(SuiteRunner.java:357) 	at org.testng.SuiteRunner.runSequentially(SuiteRunner.java:352) 	at org.testng.SuiteRunner.privateRun(SuiteRunner.java:310) 	at org.testng.SuiteRunner.run(SuiteRunner.java:259) 	at org.testng.SuiteRunnerWorker.runSuite(SuiteRunnerWorker.java:52) 	at org.testng.SuiteRunnerWorker.run(SuiteRunnerWorker.java:86) 	at org.testng.TestNG.runSuitesSequentially(TestNG.java:1185) 	at org.testng.TestNG.runSuitesLocally(TestNG.java:1110) 	at org.testng.TestNG.run(TestNG.java:1018) 	at com.sun.javatest.regtest.agent.TestNGRunner.main(TestNGRunner.java:94) 	at com.sun.javatest.regtest.agent.TestNGRunner.main(TestNGRunner.java:54) 	at java.base/jdk.internal.reflect.NativeMethodAccessorImpl.invoke0(Native Method) 	at java.base/jdk.internal.reflect.NativeMethodAccessorImpl.invoke(NativeMethodAccessorImpl.java:62) 	at java.base/jdk.internal.reflect.DelegatingMethodAccessorImpl.invoke(DelegatingMethodAccessorImpl.java:43) 	at java.base/java.lang.reflect.Method.invoke(Method.java:566) 	at com.sun.javatest.regtest.agent.MainWrapper$MainThread.run(MainWrapper.java:115) 	at java.base/java.lang.Thread.run(Thread.java:834) test MultiReleaseJarAPI.testAliasing(8, 8): success test MultiReleaseJarAPI.testAliasing(11, 11): success test MultiReleaseJarAPI.testAliasing(java.lang.Runtime$Version@2b4e1e7e, 11): success test MultiReleaseJarAPI.testAliasing(7.1, 8): success test MultiReleaseJarAPI.testAliasing(9, 9): success test MultiReleaseJarAPI.testAliasing(9.1.5-ea+200, 9): success test MultiReleaseJarAPI.testNames(): success test MultiReleaseJarAPI.testVersioning(8, 8): success test MultiReleaseJarAPI.testVersioning(11, 11): success test MultiReleaseJarAPI.testVersioning(java.lang.Runtime$Version@2b4e1e7e, 11): success test MultiReleaseJarAPI.testVersioning(7.1, 8): success test MultiReleaseJarAPI.testVersioning(9, 9): success test MultiReleaseJarAPI.testVersioning(9.1.5-ea+200, 9): success config MultiReleaseJarAPI.close(): success  =============================================== java/util/jar/JarFile/mrjar/MultiReleaseJarAPI.java Total tests run: 14, Failures: 1, Skips: 0 ===============================================  STDERR: test aliasing for Release 8 test aliasing for Release 11 test aliasing for Release 11.0.4.0.101+11-feature-preview test aliasing for Release 7.1 test aliasing for Release 9 test aliasing for Release 9.1.5-ea+200 test versioning for Release 8 test versioning for Release 11 test versioning for Release 11.0.4.0.101+11-feature-preview test versioning for Release 7.1 test versioning for Release 9 test versioning for Release 9.1.5-ea+200 java.lang.Exception: failures: 1 	at com.sun.javatest.regtest.agent.TestNGRunner.main(TestNGRunner.java:96) 	at com.sun.javatest.regtest.agent.TestNGRunner.main(TestNGRunner.java:54) 	at java.base/jdk.internal.reflect.NativeMethodAccessorImpl.invoke0(Native Method) 	at java.base/jdk.internal.reflect.NativeMethodAccessorImpl.invoke(NativeMethodAccessorImpl.java:62) 	at java.base/jdk.internal.reflect.DelegatingMethodAccessorImpl.invoke(DelegatingMethodAccessorImpl.java:43) 	at java.base/java.lang.reflect.Method.invoke(Method.java:566) 	at com.sun.javatest.regtest.agent.MainWrapper$MainThread.run(MainWrapper.java:115) 	at java.base/java.lang.Thread.run(Thread.java:834)  JavaTest Message: Test threw exception: java.lang.Exception: failures: 1 JavaTest Message: shutting down testjava/util/TimeZone/TimeZoneTest.java :|: Whole_run_output5.log :|: STDOUT: TimeZoneTest {   TestShortZoneIDs {     Fail: Expected Zone["BET", GMT-3:00, Daylight]; got Zone["BET", GMT-3:00, Standard]     Uncaught exception thrown in test method TestShortZoneIDs STDERR: java.lang.RuntimeException: Uncaught exception thrown in test method TestShortZoneIDs 	at IntlTest.errImpl(IntlTest.java:198) 	at IntlTest.errln(IntlTest.java:185) 	at IntlTest.run(IntlTest.java:126) 	at TimeZoneTest.main(TimeZoneTest.java:43) 	at java.base/jdk.internal.reflect.NativeMethodAccessorImpl.invoke0(Native Method) 	at java.base/jdk.internal.reflect.NativeMethodAccessorImpl.invoke(NativeMethodAccessorImpl.java:62) 	at java.base/jdk.internal.reflect.DelegatingMethodAccessorImpl.invoke(DelegatingMethodAccessorImpl.java:43) 	at java.base/java.lang.reflect.Method.invoke(Method.java:566) 	at com.sun.javatest.regtest.agent.MainWrapper$MainThread.run(MainWrapper.java:115) 	at java.base/java.lang.Thread.run(Thread.java:834)  JavaTest Message: Test threw exception: java.lang.RuntimeException: Uncaught exception thrown in test method TestShortZoneIDs JavaTest Message: shutting down testjavax/print/PrintServiceLookup/CountPrintServices.java :|: Whole_run_output5.log :|: STDOUT: OS is linux STDERR: java.io.IOException: Cannot run program "lpstat": error=2, No such file or directory 	at java.base/java.lang.ProcessBuilder.start(ProcessBuilder.java:1128) 	at java.base/java.lang.ProcessBuilder.start(ProcessBuilder.java:1071) 	at java.base/java.lang.Runtime.exec(Runtime.java:591) 	at java.base/java.lang.Runtime.exec(Runtime.java:450) 	at CountPrintServices.main(CountPrintServices.java:54) 	at java.base/jdk.internal.reflect.NativeMethodAccessorImpl.invoke0(Native Method) 	at java.base/jdk.internal.reflect.NativeMethodAccessorImpl.invoke(NativeMethodAccessorImpl.java:62) 	at java.base/jdk.internal.reflect.DelegatingMethodAccessorImpl.invoke(DelegatingMethodAccessorImpl.java:43) 	at java.base/java.lang.reflect.Method.invoke(Method.java:566) 	at com.sun.javatest.regtest.agent.MainWrapper$MainThread.run(MainWrapper.java:115) 	at java.base/java.lang.Thread.run(Thread.java:834) Caused by: java.io.IOException: error=2, No such file or directory 	at java.base/java.lang.ProcessImpl.forkAndExec(Native Method) 	at java.base/java.lang.ProcessImpl.<init>(ProcessImpl.java:340) 	at java.base/java.lang.ProcessImpl.start(ProcessImpl.java:271) 	at java.base/java.lang.ProcessBuilder.start(ProcessBuilder.java:1107) 	... 10 more  JavaTest Message: Test threw exception: java.io.IOException: Cannot run program "lpstat": error=2, No such file or directory JavaTest Message: shutting down testjavax/swing/JFileChooser/FileSystemView/FileSystemViewListenerLeak.java :|: Whole_run_output5.log :|: STDOUT: Filling the heap........................................................................................................................................................................................................................................................................................................................................................................................................................................................................................................................................................................................................................................................................................................................................................................................................................................................................................................................................................................................................................................................................................................................................................................................................................................................................................................................................................................................................................................................................................................................................................................................................................................................................................................................................ STDERR: Warning: Maximum heap size rounded up to 512 MB Detected TTSP issue: start: 64.829 wait: 0.001 Dumping stack for thread 0x0000620002c00000 "C1CompThr5" id: 21699 prio: 5 os_prio: 0 sched: SCHED_OTHER allowed_cpus: 000000000ffffffffffffffff lock_release: 66.880 last_cpu: 40 cpu_time: 168   0 0x00007fce82d5c688 SafepointProfilerBuf::record_sync_stack(JavaThread*)   1 0x00007fce82d2d68b AzLock::wait_micros(long, bool)   2 0x00007fce827d0a97 CompileBroker::consumer_main_loop_impl()   3 0x00007fce82d88314 compiler_thread_entry(JavaThread*, Thread*)   4 0x00007fce82d98bbb JavaThread::thread_main_inner()   5 0x00007fce82d98dc2 JavaThread::run()   6 0x00007fce814c7803 preRun   7 0x00007fce840deb50 start_thread  signal_sent: 65.835 signal_responded: 65.836 state: S wchan: 0 last_cpu: 3 cpu_time: 111   0 0x00007fce840e68ad __nanosleep   1 0x00007fce82449e9a GPGC_ObjectRelocation::mutator_relocate_object(GPGC_Defines::Gens, long, GPGC_Defines::Gens, oopDesc*)   2 0x00007fce823efbf8 GPGC_Collector::mutator_relocate_object(oopDesc*)   3 0x00007fce8247daa0 GPGC_TLB::lvb_trap_from_c(Thread*, oopDesc*, oopDesc* volatile*)   4 0x00007fce82d8d1df JavaThread::oops_do_impl(OopClosure*)   5 0x00007fce82d8d671 JavaThread::oops_do(OopClosure*)   6 0x00007fce8247c3df GPGC_ThreadCleaner::LVB_thread_stack(JavaThread*)   7 0x00007fce82d943e9 JavaThread::jvm_lock_self_or_suspend()   8 0x00007fce82d2d4d3 AzLock::wait_micros(long, bool)  Dumping stack for thread 0x0000620002800000 "C1CompThr3" id: 21697 prio: 5 os_prio: 0 sched: SCHED_OTHER allowed_cpus: 000000000ffffffffffffffff lock_release: 66.846 last_cpu: 32 cpu_time: 176   0 0x00007fce82d5c688 SafepointProfilerBuf::record_sync_stack(JavaThread*)   1 0x00007fce82d2d68b AzLock::wait_micros(long, bool)   2 0x00007fce827d0a97 CompileBroker::consumer_main_loop_impl()   3 0x00007fce82d88314 compiler_thread_entry(JavaThread*, Thread*)   4 0x00007fce82d98bbb JavaThread::thread_main_inner()   5 0x00007fce82d98dc2 JavaThread::run()   6 0x00007fce814c7803 preRun   7 0x00007fce840deb50 start_thread  signal_sent: 65.836 signal_responded: 65.836 state: S wchan: 0 last_cpu: 6 cpu_time: 119   0 0x00007fce840e68ad __nanosleep   1 0x00007fce82449e9a GPGC_ObjectRelocation::mutator_relocate_object(GPGC_Defines::Gens, long, GPGC_Defines::Gens, oopDesc*)   2 0x00007fce823efbf8 GPGC_Collector::mutator_relocate_object(oopDesc*)   3 0x00007fce8247daa0 GPGC_TLB::lvb_trap_from_c(Thread*, oopDesc*, oopDesc* volatile*)   4 0x00007fce82d8d1df JavaThread::oops_do_impl(OopClosure*)   5 0x00007fce82d8d671 JavaThread::oops_do(OopClosure*)   6 0x00007fce8247c3df GPGC_ThreadCleaner::LVB_thread_stack(JavaThread*)   7 0x00007fce82d943e9 JavaThread::jvm_lock_self_or_suspend()   8 0x00007fce82d2d4d3 AzLock::wait_micros(long, bool)  java.lang.OutOfMemoryError: PermGen space 	at java.base/java.io.PrintStream.write(PrintStream.java:609) 	at java.base/java.io.PrintStream.print(PrintStream.java:745) 	at java.base/java.io.PrintStream.println(PrintStream.java:882) 	at Util.generateOOME(Util.java:122) 	at FileSystemViewListenerLeak.main(FileSystemViewListenerLeak.java:43) 	at java.base/jdk.internal.reflect.NativeMethodAccessorImpl.invoke0(Native Method) 	at java.base/jdk.internal.reflect.NativeMethodAccessorImpl.invoke(NativeMethodAccessorImpl.java:62) 	at java.base/jdk.internal.reflect.DelegatingMethodAccessorImpl.invoke(DelegatingMethodAccessorImpl.java:43) 	at java.base/java.lang.reflect.Method.invoke(Method.java:566) 	at com.sun.javatest.regtest.agent.MainWrapper$MainThread.run(MainWrapper.java:115) 	at java.base/java.lang.Thread.run(Thread.java:834)  JavaTest Message: Test threw exception: java.lang.OutOfMemoryError: PermGen space JavaTest Message: shutting down testsun/security/krb5/auto/NonAscii.java :|: Whole_run_output5.log :|: STDOUT: Start KDC on 13539 ----------------------------------------------- >>>>> UDP packet received RABBIT.HOLE> ab?@RABBIT.HOLE sends AS-REQ for krbtgt/RABBIT.HOLE@RABBIT.HOLE, KDCOptions: FORWARDABLE, KrbException: Client not found in Kerberos database (6) - ab?@RABBIT.HOLE 	at KDC.getPassword(KDC.java:619) 	at KDC.keyForUser(KDC.java:704) 	at KDC.processAsReq(KDC.java:1031) 	at KDC.processMessage(KDC.java:741) 	at KDC$1.run(KDC.java:1431)      Error 6 Client not found in Kerberos database >>>>> UDP request honored STDERR: javax.security.auth.login.LoginException: Client not found in Kerberos database (6) - Client not found in Kerberos database 	at jdk.security.auth/com.sun.security.auth.module.Krb5LoginModule.attemptAuthentication(Krb5LoginModule.java:782) 	at jdk.security.auth/com.sun.security.auth.module.Krb5LoginModule.login(Krb5LoginModule.java:592) 	at Context.fromUserPass(Context.java:190) 	at Context.fromUserPass(Context.java:147) 	at NonAscii.main(NonAscii.java:45) 	at java.base/jdk.internal.reflect.NativeMethodAccessorImpl.invoke0(Native Method) 	at java.base/jdk.internal.reflect.NativeMethodAccessorImpl.invoke(NativeMethodAccessorImpl.java:62) 	at java.base/jdk.internal.reflect.DelegatingMethodAccessorImpl.invoke(DelegatingMethodAccessorImpl.java:43) 	at java.base/java.lang.reflect.Method.invoke(Method.java:566) 	at com.sun.javatest.regtest.agent.MainWrapper$MainThread.run(MainWrapper.java:115) 	at java.base/java.lang.Thread.run(Thread.java:834) Caused by: KrbException: Client not found in Kerberos database (6) - Client not found in Kerberos database 	at java.security.jgss/sun.security.krb5.KrbAsRep.<init>(KrbAsRep.java:82) 	at java.security.jgss/sun.security.krb5.KrbAsReqBuilder.send(KrbAsReqBuilder.java:326) 	at java.security.jgss/sun.security.krb5.KrbAsReqBuilder.action(KrbAsReqBuilder.java:371) 	at jdk.security.auth/com.sun.security.auth.module.Krb5LoginModule.attemptAuthentication(Krb5LoginModule.java:744) 	... 10 more Caused by: KrbException: Identifier doesn't match expected value (906) 	at java.security.jgss/sun.security.krb5.internal.KDCRep.init(KDCRep.java:140) 	at java.security.jgss/sun.security.krb5.internal.ASRep.init(ASRep.java:64) 	at java.security.jgss/sun.security.krb5.internal.ASRep.<init>(ASRep.java:59) 	at java.security.jgss/sun.security.krb5.KrbAsRep.<init>(KrbAsRep.java:60) 	... 13 more  JavaTest Message: Test threw exception: javax.security.auth.login.LoginException: Client not found in Kerberos database (6) - Client not found in Kerberos database JavaTest Message: shutting down testsun/security/krb5/auto/SaslUnbound.java :|: Whole_run_output5.log :|: STDOUT: Start KDC on 17829 Callback for name: dummy Callback for pass: bogus ----------------------------------------------- >>>>> UDP packet received RABBIT.HOLE> dummy@RABBIT.HOLE sends AS-REQ for krbtgt/RABBIT.HOLE@RABBIT.HOLE, KDCOptions: FORWARDABLE, KrbException: Additional pre-authentication required (25) 	at KDC.processAsReq(KDC.java:1215) 	at KDC.processMessage(KDC.java:741) 	at KDC$1.run(KDC.java:1431)      Error 25 Additional pre-authentication required >>>>> UDP request honored ----------------------------------------------- >>>>> UDP packet received RABBIT.HOLE> dummy@RABBIT.HOLE sends AS-REQ for krbtgt/RABBIT.HOLE@RABBIT.HOLE, KDCOptions: FORWARDABLE,      Return dummy@RABBIT.HOLE ticket for krbtgt/RABBIT.HOLE@RABBIT.HOLE, flags FORWARDABLE;INITIAL;PRE-AUTHENT >>>>> UDP request honored ----------------------------------------------- >>>>> UDP packet received RABBIT.HOLE> null sends TGS-REQ for server/host.rabbit.hole@RABBIT.HOLE, KDCOptions: FORWARDABLE, RABBIT.HOLE> presenting a ticket of dummy@RABBIT.HOLE to krbtgt/RABBIT.HOLE@RABBIT.HOLE      Return dummy@RABBIT.HOLE ticket for server/host.rabbit.hole@RABBIT.HOLE, flags FORWARDABLE;INITIAL >>>>> UDP request honored STDERR: javax.security.sasl.SaslException: GSS initiate failed [Caused by GSSException: Failure unspecified at GSS-API level (Mechanism level: Invalid argument (400) - Cannot find key of appropriate type to decrypt AP-REQ - AES256 CTS mode with HMAC SHA1-96)] 	at jdk.security.jgss/com.sun.security.sasl.gsskerb.GssKrb5Server.evaluateResponse(GssKrb5Server.java:199) 	at SaslUnbound.main(SaslUnbound.java:104) 	at java.base/jdk.internal.reflect.NativeMethodAccessorImpl.invoke0(Native Method) 	at java.base/jdk.internal.reflect.NativeMethodAccessorImpl.invoke(NativeMethodAccessorImpl.java:62) 	at java.base/jdk.internal.reflect.DelegatingMethodAccessorImpl.invoke(DelegatingMethodAccessorImpl.java:43) 	at java.base/java.lang.reflect.Method.invoke(Method.java:566) 	at com.sun.javatest.regtest.agent.MainWrapper$MainThread.run(MainWrapper.java:115) 	at java.base/java.lang.Thread.run(Thread.java:834) Caused by: GSSException: Failure unspecified at GSS-API level (Mechanism level: Invalid argument (400) - Cannot find key of appropriate type to decrypt AP-REQ - AES256 CTS mode with HMAC SHA1-96) 	at java.security.jgss/sun.security.jgss.krb5.Krb5Context.acceptSecContext(Krb5Context.java:859) 	at java.security.jgss/sun.security.jgss.GSSContextImpl.acceptSecContext(GSSContextImpl.java:361) 	at java.security.jgss/sun.security.jgss.GSSContextImpl.acceptSecContext(GSSContextImpl.java:303) 	at jdk.security.jgss/com.sun.security.sasl.gsskerb.GssKrb5Server.evaluateResponse(GssKrb5Server.java:167) 	... 7 more Caused by: KrbException: Invalid argument (400) - Cannot find key of appropriate type to decrypt AP-REQ - AES256 CTS mode with HMAC SHA1-96 	at java.security.jgss/sun.security.krb5.KrbApReq.authenticate(KrbApReq.java:278) 	at java.security.jgss/sun.security.krb5.KrbApReq.<init>(KrbApReq.java:149) 	at java.security.jgss/sun.security.jgss.krb5.InitSecContextToken.<init>(InitSecContextToken.java:139) 	at java.security.jgss/sun.security.jgss.krb5.Krb5Context.acceptSecContext(Krb5Context.java:832) 	... 10 more  JavaTest Message: Test threw exception: javax.security.sasl.SaslException: GSS initiate failed [Caused by GSSException: Failure unspecified at GSS-API level (Mechanism level: Invalid argument (400) - Cannot find key of appropriate type to decrypt AP-REQ - AES256 CTS mode with HMAC SHA1-96)] JavaTest Message: shutting down testsun/security/krb5/auto/TwoOrThree.java :|: Whole_run_output5.log :|: STDOUT: Start KDC on 16057 ----------------------------------------------- >>>>> UDP packet received RABBIT.HOLE> dummy@RABBIT.HOLE sends AS-REQ for krbtgt/RABBIT.HOLE@RABBIT.HOLE, KDCOptions: FORWARDABLE, KrbException: Additional pre-authentication required (25) 	at KDC.processAsReq(KDC.java:1215) 	at KDC.processMessage(KDC.java:741) 	at KDC$1.run(KDC.java:1431)      Error 25 Additional pre-authentication required >>>>> UDP request honored ----------------------------------------------- >>>>> UDP packet received RABBIT.HOLE> dummy@RABBIT.HOLE sends AS-REQ for krbtgt/RABBIT.HOLE@RABBIT.HOLE, KDCOptions: FORWARDABLE,      Return dummy@RABBIT.HOLE ticket for krbtgt/RABBIT.HOLE@RABBIT.HOLE, flags FORWARDABLE;INITIAL;PRE-AUTHENT >>>>> UDP request honored dummy call initSecContext ----------------------------------------------- >>>>> UDP packet received RABBIT.HOLE> null sends TGS-REQ for third@RABBIT.HOLE, KDCOptions: FORWARDABLE, RABBIT.HOLE> presenting a ticket of dummy@RABBIT.HOLE to krbtgt/RABBIT.HOLE@RABBIT.HOLE      Return dummy@RABBIT.HOLE ticket for third@RABBIT.HOLE, flags FORWARDABLE;INITIAL >>>>> UDP request honored second call acceptSecContext STDERR: GSSException: Failure unspecified at GSS-API level (Mechanism level: Checksum failed) 	at java.security.jgss/sun.security.jgss.krb5.Krb5Context.acceptSecContext(Krb5Context.java:859) 	at java.security.jgss/sun.security.jgss.GSSContextImpl.acceptSecContext(GSSContextImpl.java:361) 	at java.security.jgss/sun.security.jgss.GSSContextImpl.acceptSecContext(GSSContextImpl.java:303) 	at Context$11.run(Context.java:661) 	at Context$5.run(Context.java:346) 	at Context$5.run(Context.java:342) 	at java.base/java.security.AccessController.doPrivileged(Native Method) 	at java.base/javax.security.auth.Subject.doAs(Subject.java:423) 	at Context.doAs(Context.java:342) 	at Context.take(Context.java:645) 	at Context.handshake(Context.java:704) 	at TwoOrThree.main(TwoOrThree.java:71) 	at java.base/jdk.internal.reflect.NativeMethodAccessorImpl.invoke0(Native Method) 	at java.base/jdk.internal.reflect.NativeMethodAccessorImpl.invoke(NativeMethodAccessorImpl.java:62) 	at java.base/jdk.internal.reflect.DelegatingMethodAccessorImpl.invoke(DelegatingMethodAccessorImpl.java:43) 	at java.base/java.lang.reflect.Method.invoke(Method.java:566) 	at com.sun.javatest.regtest.agent.MainWrapper$MainThread.run(MainWrapper.java:115) 	at java.base/java.lang.Thread.run(Thread.java:834) Caused by: KrbException: Checksum failed 	at java.security.jgss/sun.security.krb5.internal.crypto.Aes256CtsHmacSha1EType.decrypt(Aes256CtsHmacSha1EType.java:102) 	at java.security.jgss/sun.security.krb5.internal.crypto.Aes256CtsHmacSha1EType.decrypt(Aes256CtsHmacSha1EType.java:94) 	at java.security.jgss/sun.security.krb5.EncryptedData.decrypt(EncryptedData.java:180) 	at java.security.jgss/sun.security.krb5.KrbApReq.authenticate(KrbApReq.java:281) 	at java.security.jgss/sun.security.krb5.KrbApReq.<init>(KrbApReq.java:149) 	at java.security.jgss/sun.security.jgss.krb5.InitSecContextToken.<init>(InitSecContextToken.java:139) 	at java.security.jgss/sun.security.jgss.krb5.Krb5Context.acceptSecContext(Krb5Context.java:832) 	... 17 more Caused by: java.security.GeneralSecurityException: Checksum failed 	at java.security.jgss/sun.security.krb5.internal.crypto.dk.AesDkCrypto.decryptCTS(AesDkCrypto.java:451) 	at java.security.jgss/sun.security.krb5.internal.crypto.dk.AesDkCrypto.decrypt(AesDkCrypto.java:272) 	at java.security.jgss/sun.security.krb5.internal.crypto.Aes256.decrypt(Aes256.java:76) 	at java.security.jgss/sun.security.krb5.internal.crypto.Aes256CtsHmacSha1EType.decrypt(Aes256CtsHmacSha1EType.java:100) 	... 23 more  JavaTest Message: Test threw exception: GSSException: Failure unspecified at GSS-API level (Mechanism level: Checksum failed) JavaTest Message: shutting down testsun/security/krb5/auto/UnboundService.java :|: Whole_run_output5.log :|: STDOUT: Start KDC on 14310 Callback for name: dummy Callback for pass: bogus ----------------------------------------------- >>>>> UDP packet received RABBIT.HOLE> dummy@RABBIT.HOLE sends AS-REQ for krbtgt/RABBIT.HOLE@RABBIT.HOLE, KDCOptions: FORWARDABLE, KrbException: Additional pre-authentication required (25) 	at KDC.processAsReq(KDC.java:1215) 	at KDC.processMessage(KDC.java:741) 	at KDC$1.run(KDC.java:1431)      Error 25 Additional pre-authentication required >>>>> UDP request honored ----------------------------------------------- >>>>> UDP packet received RABBIT.HOLE> dummy@RABBIT.HOLE sends AS-REQ for krbtgt/RABBIT.HOLE@RABBIT.HOLE, KDCOptions: FORWARDABLE,      Return dummy@RABBIT.HOLE ticket for krbtgt/RABBIT.HOLE@RABBIT.HOLE, flags FORWARDABLE;INITIAL;PRE-AUTHENT >>>>> UDP request honored STDERR: GSSException: No valid credentials provided (Mechanism level: Failed to find any Kerberos credentials) 	at java.security.jgss/sun.security.jgss.krb5.Krb5AcceptCredential.getInstance(Krb5AcceptCredential.java:87) 	at java.security.jgss/sun.security.jgss.krb5.Krb5MechFactory.getCredentialElement(Krb5MechFactory.java:133) 	at java.security.jgss/sun.security.jgss.GSSManagerImpl.getCredentialElement(GSSManagerImpl.java:187) 	at java.security.jgss/sun.security.jgss.GSSCredentialImpl.add(GSSCredentialImpl.java:439) 	at java.security.jgss/sun.security.jgss.GSSCredentialImpl.<init>(GSSCredentialImpl.java:74) 	at java.security.jgss/sun.security.jgss.GSSManagerImpl.createCredential(GSSManagerImpl.java:148) 	at Context$4.run(Context.java:278) 	at Context$5.run(Context.java:346) 	at Context$5.run(Context.java:342) 	at java.base/java.security.AccessController.doPrivileged(Native Method) 	at java.base/javax.security.auth.Subject.doAs(Subject.java:423) 	at Context.doAs(Context.java:342) 	at Context.startAsServer(Context.java:274) 	at Context.startAsServer(Context.java:265) 	at UnboundService.main(UnboundService.java:87) 	at java.base/jdk.internal.reflect.NativeMethodAccessorImpl.invoke0(Native Method) 	at java.base/jdk.internal.reflect.NativeMethodAccessorImpl.invoke(NativeMethodAccessorImpl.java:62) 	at java.base/jdk.internal.reflect.DelegatingMethodAccessorImpl.invoke(DelegatingMethodAccessorImpl.java:43) 	at java.base/java.lang.reflect.Method.invoke(Method.java:566) 	at com.sun.javatest.regtest.agent.MainWrapper$MainThread.run(MainWrapper.java:115) 	at java.base/java.lang.Thread.run(Thread.java:834)  JavaTest Message: Test threw exception: GSSException: No valid credentials provided (Mechanism level: Failed to find any Kerberos credentials) JavaTest Message: shutting down testtools/javac/diags/CheckExamples.java :|: Whole_run_output5.log :|: STDOUT: STDERR: Error: Key compiler.err.proc.cant.load.class is declared in resource bundle but is not in tests or not-yet list 583 examples checked 186 keys on not-yet list  prefix          #keys in tests  #keys in javac    % compiler.err.              337             422  79% compiler.warn.              88             113  77% compiler.note.              29              31  93% compiler.misc.             182             257  70% other                        0               0 total                      636             823  77% java.lang.Exception: 1 errors occurred. 	at CheckExamples.run(CheckExamples.java:153) 	at CheckExamples.main(CheckExamples.java:78) 	at java.base/jdk.internal.reflect.NativeMethodAccessorImpl.invoke0(Native Method) 	at java.base/jdk.internal.reflect.NativeMethodAccessorImpl.invoke(NativeMethodAccessorImpl.java:62) 	at java.base/jdk.internal.reflect.DelegatingMethodAccessorImpl.invoke(DelegatingMethodAccessorImpl.java:43) 	at java.base/java.lang.reflect.Method.invoke(Method.java:566) 	at com.sun.javatest.regtest.agent.MainWrapper$MainThread.run(MainWrapper.java:115) 	at java.base/java.lang.Thread.run(Thread.java:834)  JavaTest Message: Test threw exception: java.lang.Exception: 1 errors occurred. JavaTest Message: shutting down testtools/javac/generics/T5094318.java :|: Whole_run_output5.log :|: STDOUT: You gave me an array of ints STDERR: java.lang.RuntimeException 	at T5094318.method(T5094318.java:38) 	at T5094318.main(T5094318.java:47) 	at java.base/jdk.internal.reflect.NativeMethodAccessorImpl.invoke0(Native Method) 	at java.base/jdk.internal.reflect.NativeMethodAccessorImpl.invoke(NativeMethodAccessorImpl.java:62) 	at java.base/jdk.internal.reflect.DelegatingMethodAccessorImpl.invoke(DelegatingMethodAccessorImpl.java:43) 	at java.base/java.lang.reflect.Method.invoke(Method.java:566) 	at com.sun.javatest.regtest.agent.MainWrapper$MainThread.run(MainWrapper.java:115) 	at java.base/java.lang.Thread.run(Thread.java:834)  JavaTest Message: Test threw exception: java.lang.RuntimeException JavaTest Message: shutting down testtools/javac/NullQualifiedNew.java :|: Whole_run_output5.log :|: STDOUT: STDERR: java.lang.NullPointerException 	at java.base/java.util.Objects.requireNonNull(Objects.java:221) 	at NullQualifiedNew.main(NullQualifiedNew.java:44) 	at java.base/jdk.internal.reflect.NativeMethodAccessorImpl.invoke0(Native Method) 	at java.base/jdk.internal.reflect.NativeMethodAccessorImpl.invoke(NativeMethodAccessorImpl.java:62) 	at java.base/jdk.internal.reflect.DelegatingMethodAccessorImpl.invoke(DelegatingMethodAccessorImpl.java:43) 	at java.base/java.lang.reflect.Method.invoke(Method.java:566) 	at com.sun.javatest.regtest.agent.MainWrapper$MainThread.run(MainWrapper.java:115) 	at java.base/java.lang.Thread.run(Thread.java:834)  JavaTest Message: Test threw exception: java.lang.NullPointerException JavaTest Message: shutting down testtools/javac/NullQualifiedSuper2.java :|: Whole_run_output5.log :|: STDOUT: STDERR: java.lang.NullPointerException 	at java.base/java.util.Objects.requireNonNull(Objects.java:221) 	at NullQualifiedSuper2$c.<init>(NullQualifiedSuper2.java:40) 	at NullQualifiedSuper2.main(NullQualifiedSuper2.java:44) 	at java.base/jdk.internal.reflect.NativeMethodAccessorImpl.invoke0(Native Method) 	at java.base/jdk.internal.reflect.NativeMethodAccessorImpl.invoke(NativeMethodAccessorImpl.java:62) 	at java.base/jdk.internal.reflect.DelegatingMethodAccessorImpl.invoke(DelegatingMethodAccessorImpl.java:43) 	at java.base/java.lang.reflect.Method.invoke(Method.java:566) 	at com.sun.javatest.regtest.agent.MainWrapper$MainThread.run(MainWrapper.java:115) 	at java.base/java.lang.Thread.run(Thread.java:834)  JavaTest Message: Test threw exception: java.lang.NullPointerException JavaTest Message: shutting down testtools/javadoc/api/basic/GetTask_FileManagerTest.java :|: Whole_run_output5.log :|: STDOUT: STDERR: test: testFileManager Loading source file /pkg/C.java... [parsing started WrappedJavaFileObject[APITest$1[myfo:///pkg/C.java]]] [parsing completed 88ms] [loading /modules/jdk.naming.rmi/module-info.class] [loading /modules/jdk.jdi/module-info.class] [loading /modules/jdk.dynalink/module-info.class] [loading /modules/jdk.jartool/module-info.class] [loading /modules/jdk.unsupported.desktop/module-info.class] [loading /modules/java.scripting/module-info.class] [loading /modules/jdk.attach/module-info.class] [loading /modules/java.management/module-info.class] [loading /modules/java.base/module-info.class] [loading /modules/jdk.internal.opt/module-info.class] [loading /modules/jdk.internal.ed/module-info.class] [loading /modules/jdk.jlink/module-info.class] [loading /modules/jdk.charsets/module-info.class] [loading /modules/java.xml/module-info.class] [loading /modules/jdk.unsupported/module-info.class] [loading /modules/java.naming/module-info.class] [loading /modules/jdk.xml.dom/module-info.class] [loading /modules/java.xml.crypto/module-info.class] [loading /modules/java.se/module-info.class] [loading /modules/jdk.security.auth/module-info.class] [loading /modules/jdk.compiler/module-info.class] [loading /modules/jdk.jdwp.agent/module-info.class] [loading /modules/jdk.rmic/module-info.class] [loading /modules/jdk.net/module-info.class] [loading /modules/jdk.javadoc/module-info.class] [loading /modules/jdk.jdeps/module-info.class] [loading /modules/java.security.jgss/module-info.class] [loading /modules/java.prefs/module-info.class] [loading /modules/jdk.naming.dns/module-info.class] [loading /modules/jdk.editpad/module-info.class] [loading /modules/jdk.management.jfr/module-info.class] [loading /modules/java.sql.rowset/module-info.class] [loading /modules/java.net.http/module-info.class] [loading /modules/jdk.accessibility/module-info.class] [loading /modules/jdk.jcmd/module-info.class] [loading /modules/jdk.zipfs/module-info.class] [loading /modules/java.compiler/module-info.class] [loading /modules/jdk.jstatd/module-info.class] [loading /modules/java.sql/module-info.class] [loading /modules/java.desktop/module-info.class] [loading /modules/jdk.crypto.cryptoki/module-info.class] [loading /modules/java.instrument/module-info.class] [loading /modules/java.management.rmi/module-info.class] [loading /modules/java.rmi/module-info.class] [loading /modules/java.datatransfer/module-info.class] [loading /modules/jdk.internal.le/module-info.class] [loading /modules/jdk.jsobject/module-info.class] [loading /modules/jdk.management/module-info.class] [loading /modules/jdk.scripting.nashorn/module-info.class] [loading /modules/jdk.jconsole/module-info.class] [loading /modules/jdk.localedata/module-info.class] [loading /modules/jdk.pack/module-info.class] [loading /modules/jdk.security.jgss/module-info.class] [loading /modules/java.smartcardio/module-info.class] [loading /modules/java.logging/module-info.class] [loading /modules/jdk.internal.jvmstat/module-info.class] [loading /modules/azul.tools/module-info.class] [loading /modules/jdk.httpserver/module-info.class] [loading /modules/jdk.crypto.ec/module-info.class] [loading /modules/jdk.scripting.nashorn.shell/module-info.class] [loading /modules/java.transaction.xa/module-info.class] [loading /modules/jdk.jfr/module-info.class] [loading /modules/java.security.sasl/module-info.class] [loading /modules/jdk.management.agent/module-info.class] [loading /modules/jdk.jshell/module-info.class] [loading /modules/jdk.sctp/module-info.class] Constructing Javadoc information... [search path for source files: /home/test_results/zvm-dev-2942/cycle_silver_unittests/16/pulse.0/JTREG_Parallel_Mode_cthulhu/parallel_run/parallel_jtreg_run/test_langtools/classes/23/tools/javadoc/api/basic/GetTask_FileManagerTest.d,/home/sqatest/automation/CycleBToE/JTReg/test/langtools/tools/javadoc/api/basic,/home/sqatest/prajwal/JT/jtreg/lib/javatest.jar,/home/sqatest/prajwal/JT/jtreg/lib/jtreg.jar,/home/sqatest/prajwal/JT/jtreg/lib/asmtools.jar] [search path for class files: /home/buildmaster/nightly/ZVM/dev/in_progress/zvm-dev-2942/sandbox/azlinux/jdk11/x86_64/optimized/lib/modules,/home/test_results/zvm-dev-2942/cycle_silver_unittests/16/pulse.0/JTREG_Parallel_Mode_cthulhu/parallel_run/parallel_jtreg_run/test_langtools/classes/23/tools/javadoc/api/basic/GetTask_FileManagerTest.d,/home/sqatest/automation/CycleBToE/JTReg/test/langtools/tools/javadoc/api/basic,/home/sqatest/prajwal/JT/jtreg/lib/javatest.jar,/home/sqatest/prajwal/JT/jtreg/lib/jtreg.jar,/home/sqatest/prajwal/JT/jtreg/lib/asmtools.jar] [loading /modules/java.base/java/lang/Object.class] [loading /modules/java.base/java/lang/Deprecated.class] [loading /modules/java.base/java/lang/annotation/Retention.class] [loading /modules/java.base/java/lang/annotation/RetentionPolicy.class] [loading /modules/java.base/java/lang/annotation/Target.class] [loading /modules/java.base/java/lang/annotation/ElementType.class] [loading /modules/java.base/java/lang/Error.class] [loading /modules/java.base/java/lang/Exception.class] Standard Doclet version 11.0.4.0.101 Building tree for all the packages and classes... Generating testFileManager/pkg/C.html... [loading /modules/java.base/java/io/Serializable.class] Generating testFileManager/pkg/package-summary.html... Generating testFileManager/pkg/package-tree.html... Generating testFileManager/constant-values.html... Building index for all the packages and classes... Generating testFileManager/overview-tree.html... Generating testFileManager/index-all.html... Building index for all classes... Generating testFileManager/allclasses-index.html... Generating testFileManager/allpackages-index.html... Generating testFileManager/deprecated-list.html... Building index for all classes... Generating testFileManager/allclasses.html... Generating testFileManager/allclasses.html... Generating testFileManager/index.html... Generating testFileManager/help-doc.html... [done in 1880 ms] task succeeded Error: the following files were not found in testFileManager: [jquery/images/ui-bg_flat_0_aaaaaa_40x100.png, jquery/images/ui-bg_flat_75_ffffff_40x100.png, jquery/images/ui-bg_glass_65_ffffff_1x400.png] Error: the following unexpected files were found in testFileManager: [jquery/images/ui-bg_glass_65_dadada_1x400.png]  test: testBadFileManager Loading source file /pkg/C.java... Constructing Javadoc information... exception caught as expected: GetTask_FileManagerTest$UnexpectedError  2 tests, 2 errors java.lang.Exception: 2 errors found 	at APITest.run(APITest.java:85) 	at GetTask_FileManagerTest.main(GetTask_FileManagerTest.java:57) 	at java.base/jdk.internal.reflect.NativeMethodAccessorImpl.invoke0(Native Method) 	at java.base/jdk.internal.reflect.NativeMethodAccessorImpl.invoke(NativeMethodAccessorImpl.java:62) 	at java.base/jdk.internal.reflect.DelegatingMethodAccessorImpl.invoke(DelegatingMethodAccessorImpl.java:43) 	at java.base/java.lang.reflect.Method.invoke(Method.java:566) 	at com.sun.javatest.regtest.agent.MainWrapper$MainThread.run(MainWrapper.java:115) 	at java.base/java.lang.Thread.run(Thread.java:834)  JavaTest Message: Test threw exception: java.lang.Exception: 2 errors found JavaTest Message: shutting down testtools/javadoc/api/basic/GetTask_FileObjectsTest.java :|: Whole_run_output5.log :|: STDOUT: STDERR: test: testStandardFileObject Loading source file /home/sqatest/automation/CycleBToE/JTReg/test/langtools/tools/javadoc/api/basic/pkg/C.java... Constructing Javadoc information... Standard Doclet version 11.0.4.0.101 Building tree for all the packages and classes... Generating testStandardFileObject/pkg/C.html... Generating testStandardFileObject/pkg/package-summary.html... Generating testStandardFileObject/pkg/package-tree.html... Generating testStandardFileObject/constant-values.html... Building index for all the packages and classes... Generating testStandardFileObject/overview-tree.html... Generating testStandardFileObject/index-all.html... Building index for all classes... Generating testStandardFileObject/allclasses-index.html... Generating testStandardFileObject/allpackages-index.html... Generating testStandardFileObject/deprecated-list.html... Building index for all classes... Generating testStandardFileObject/allclasses.html... Generating testStandardFileObject/allclasses.html... Generating testStandardFileObject/index.html... Generating testStandardFileObject/help-doc.html... task succeeded Error: the following files were not found in testStandardFileObject: [jquery/images/ui-bg_flat_0_aaaaaa_40x100.png, jquery/images/ui-bg_flat_75_ffffff_40x100.png, jquery/images/ui-bg_glass_65_ffffff_1x400.png] Error: the following unexpected files were found in testStandardFileObject: [jquery/images/ui-bg_glass_65_dadada_1x400.png]  test: testMemoryFileObject Loading source file /pkg/C.java... Constructing Javadoc information... Standard Doclet version 11.0.4.0.101 Building tree for all the packages and classes... Generating testMemoryFileObject/pkg/C.html... Generating testMemoryFileObject/pkg/package-summary.html... Generating testMemoryFileObject/pkg/package-tree.html... Generating testMemoryFileObject/constant-values.html... Building index for all the packages and classes... Generating testMemoryFileObject/overview-tree.html... Generating testMemoryFileObject/index-all.html... Building index for all classes... Generating testMemoryFileObject/allclasses-index.html... Generating testMemoryFileObject/allpackages-index.html... Generating testMemoryFileObject/deprecated-list.html... Building index for all classes... Generating testMemoryFileObject/allclasses.html... Generating testMemoryFileObject/allclasses.html... Generating testMemoryFileObject/index.html... Generating testMemoryFileObject/help-doc.html... task succeeded Error: the following files were not found in testMemoryFileObject: [jquery/images/ui-bg_flat_0_aaaaaa_40x100.png, jquery/images/ui-bg_flat_75_ffffff_40x100.png, jquery/images/ui-bg_glass_65_ffffff_1x400.png] Error: the following unexpected files were found in testMemoryFileObject: [jquery/images/ui-bg_glass_65_dadada_1x400.png]  test: testBadFileObject exception caught as expected: java.lang.IllegalArgumentException: All compilation units must be of SOURCE kind  test: testNull exception caught as expected: java.lang.NullPointerException  4 tests, 4 errors java.lang.Exception: 4 errors found 	at APITest.run(APITest.java:85) 	at GetTask_FileObjectsTest.main(GetTask_FileObjectsTest.java:47) 	at java.base/jdk.internal.reflect.NativeMethodAccessorImpl.invoke0(Native Method) 	at java.base/jdk.internal.reflect.NativeMethodAccessorImpl.invoke(NativeMethodAccessorImpl.java:62) 	at java.base/jdk.internal.reflect.DelegatingMethodAccessorImpl.invoke(DelegatingMethodAccessorImpl.java:43) 	at java.base/java.lang.reflect.Method.invoke(Method.java:566) 	at com.sun.javatest.regtest.agent.MainWrapper$MainThread.run(MainWrapper.java:115) 	at java.base/java.lang.Thread.run(Thread.java:834)  JavaTest Message: Test threw exception: java.lang.Exception: 4 errors found JavaTest Message: shutting down testtools/javadoc/api/basic/GetTask_WriterTest.java :|: Whole_run_output5.log :|: STDOUT: STDERR: test: testWriter task succeeded Error: the following files were not found in testWriter: [jquery/images/ui-bg_flat_0_aaaaaa_40x100.png, jquery/images/ui-bg_flat_75_ffffff_40x100.png, jquery/images/ui-bg_glass_65_ffffff_1x400.png] Error: the following unexpected files were found in testWriter: [jquery/images/ui-bg_glass_65_dadada_1x400.png] >>Loading source file /pkg/C.java... Constructing Javadoc information... Standard Doclet version 11.0.4.0.101 Building tree for all the packages and classes... Generating testWriter/pkg/C.html... Generating testWriter/pkg/package-summary.html... Generating testWriter/pkg/package-tree.html... Generating testWriter/constant-values.html... Building index for all the packages and classes... Generating testWriter/overview-tree.html... Generating testWriter/index-all.html... Building index for all classes... Generating testWriter/allclasses-index.html... Generating testWriter/allpackages-index.html... Generating testWriter/deprecated-list.html... Building index for all classes... Generating testWriter/allclasses.html... Generating testWriter/allclasses.html... Generating testWriter/index.html... Generating testWriter/help-doc.html... <<  2 errors java.lang.Exception: 2 errors found 	at APITest.run(APITest.java:85) 	at GetTask_WriterTest.main(GetTask_WriterTest.java:49) 	at java.base/jdk.internal.reflect.NativeMethodAccessorImpl.invoke0(Native Method) 	at java.base/jdk.internal.reflect.NativeMethodAccessorImpl.invoke(NativeMethodAccessorImpl.java:62) 	at java.base/jdk.internal.reflect.DelegatingMethodAccessorImpl.invoke(DelegatingMethodAccessorImpl.java:43) 	at java.base/java.lang.reflect.Method.invoke(Method.java:566) 	at com.sun.javatest.regtest.agent.MainWrapper$MainThread.run(MainWrapper.java:115) 	at java.base/java.lang.Thread.run(Thread.java:834)  JavaTest Message: Test threw exception: java.lang.Exception: 2 errors found JavaTest Message: shutting down test