STDOUT:
[0.003s][warning][logging] Log tag gc is not currently supported in Zing, will be ignored
[TestNG] Running:
  serviceability/dcmd/gc/RunGCTest.java

Running DCMD 'GC.run' through 'JMXExecutor'
---------------- stdout ----------------

---------------- stderr ----------------

----------------------------------------

test RunGCTest.jmx(): failure
java.lang.RuntimeException: 'Pause Full (Diagnostic Command)' missing from stdout/stderr

        at jdk.test.lib.process.OutputAnalyzer.shouldContain(OutputAnalyzer.java:174)
        at RunGCTest.run(RunGCTest.java:61)
        at RunGCTest.jmx(RunGCTest.java:66)
        at java.base/jdk.internal.reflect.NativeMethodAccessorImpl.invoke0(Native Method)
        at java.base/jdk.internal.reflect.NativeMethodAccessorImpl.invoke(NativeMethodAccessorImpl.java:62)
        at java.base/jdk.internal.reflect.DelegatingMethodAccessorImpl.invoke(DelegatingMethodAccessorImpl.java:43)
        at java.base/java.lang.reflect.Method.invoke(Method.java:567)
        at org.testng.internal.MethodInvocationHelper.invokeMethod(MethodInvocationHelper.java:85)
        at org.testng.internal.Invoker.invokeMethod(Invoker.java:639)
        at org.testng.internal.Invoker.invokeTestMethod(Invoker.java:821)
        at org.testng.internal.Invoker.invokeTestMethods(Invoker.java:1131)
        at org.testng.internal.TestMethodWorker.invokeTestMethods(TestMethodWorker.java:125)
        at org.testng.internal.TestMethodWorker.run(TestMethodWorker.java:108)
        at org.testng.TestRunner.privateRun(TestRunner.java:773)
        at org.testng.TestRunner.run(TestRunner.java:623)
        at org.testng.SuiteRunner.runTest(SuiteRunner.java:357)
        at org.testng.SuiteRunner.runSequentially(SuiteRunner.java:352)
        at org.testng.SuiteRunner.privateRun(SuiteRunner.java:310)
        at org.testng.SuiteRunner.run(SuiteRunner.java:259)
        at org.testng.SuiteRunnerWorker.runSuite(SuiteRunnerWorker.java:52)
        at org.testng.SuiteRunnerWorker.run(SuiteRunnerWorker.java:86)
        at org.testng.TestNG.runSuitesSequentially(TestNG.java:1185)
        at org.testng.TestNG.runSuitesLocally(TestNG.java:1110)
        at org.testng.TestNG.run(TestNG.java:1018)
        at com.sun.javatest.regtest.agent.TestNGRunner.main(TestNGRunner.java:94)
        at com.sun.javatest.regtest.agent.TestNGRunner.main(TestNGRunner.java:54)
        at java.base/jdk.internal.reflect.NativeMethodAccessorImpl.invoke0(Native Method)
        at java.base/jdk.internal.reflect.NativeMethodAccessorImpl.invoke(NativeMethodAccessorImpl.java:62)
        at java.base/jdk.internal.reflect.DelegatingMethodAccessorImpl.invoke(DelegatingMethodAccessorImpl.java:43)
        at java.base/java.lang.reflect.Method.invoke(Method.java:567)
        at com.sun.javatest.regtest.agent.MainWrapper$MainThread.run(MainWrapper.java:127)
        at java.base/java.lang.Thread.run(Thread.java:830)

===============================================
serviceability/dcmd/gc/RunGCTest.java
Total tests run: 1, Failures: 1, Skips: 0
===============================================

STDERR:
 stdout: [];
 stderr: []
 exitValue = -1

java.lang.Exception: failures: 1
        at com.sun.javatest.regtest.agent.TestNGRunner.main(TestNGRunner.java:96)
        at com.sun.javatest.regtest.agent.TestNGRunner.main(TestNGRunner.java:54)
        at java.base/jdk.internal.reflect.NativeMethodAccessorImpl.invoke0(Native Method)
        at java.base/jdk.internal.reflect.NativeMethodAccessorImpl.invoke(NativeMethodAccessorImpl.java:62)
        at java.base/jdk.internal.reflect.DelegatingMethodAccessorImpl.invoke(DelegatingMethodAccessorImpl.java:43)
        at java.base/java.lang.reflect.Method.invoke(Method.java:567)
        at com.sun.javatest.regtest.agent.MainWrapper$MainThread.run(MainWrapper.java:127)
        at java.base/java.lang.Thread.run(Thread.java:830)

JavaTest Message: Test threw exception: java.lang.Exception: failures: 1
JavaTest Message: shutting down test